-------------------- Pendulum-v0 Log 0 --------------------
Overall:
- Steps: 200
- Episodes: 0
Last 5 Episodes:
- Mean episode length: 199.00000 +/- 0.00000
- Mean episode reward: -1172.23826 +/- 0.00000
Last 1000 Steps:
- Mean episode length: 199.00000 +/- 0.00000
- Mean episode reward: -1172.23826 +/- 0.00000

-------------------- Pendulum-v0 Log 1 --------------------
Overall:
- Steps: 1200
- Episodes: 5
Last 5 Episodes:
- Mean episode length: 199.00000 +/- 0.00000
- Mean episode reward: -1483.83379 +/- 77.54092
Last 1000 Steps:
- Mean episode length: 199.00000 +/- 0.00000
- Mean episode reward: -1483.83379 +/- 77.54092

-------------------- Pendulum-v0 Log 2 --------------------
Overall:
- Steps: 2200
- Episodes: 10
Last 5 Episodes:
- Mean episode length: 199.00000 +/- 0.00000
- Mean episode reward: -1418.92556 +/- 190.27680
Last 1000 Steps:
- Mean episode length: 199.00000 +/- 0.00000
- Mean episode reward: -1418.92556 +/- 190.27680

-------------------- Pendulum-v0 Log 3 --------------------
Overall:
- Steps: 3200
- Episodes: 15
Last 5 Episodes:
- Mean episode length: 199.00000 +/- 0.00000
- Mean episode reward: -1504.54699 +/- 195.34080
Last 1000 Steps:
- Mean episode length: 199.00000 +/- 0.00000
- Mean episode reward: -1504.54699 +/- 195.34080

-------------------- Pendulum-v0 Log 4 --------------------
Overall:
- Steps: 4200
- Episodes: 20
Last 5 Episodes:
- Mean episode length: 199.00000 +/- 0.00000
- Mean episode reward: -1350.62929 +/- 178.35045
Last 1000 Steps:
- Mean episode length: 199.00000 +/- 0.00000
- Mean episode reward: -1350.62929 +/- 178.35045

-------------------- Pendulum-v0 Log 5 --------------------
Overall:
- Steps: 5200
- Episodes: 25
Last 5 Episodes:
- Mean episode length: 199.00000 +/- 0.00000
- Mean episode reward: -1323.15173 +/- 153.39317
Last 1000 Steps:
- Mean episode length: 199.00000 +/- 0.00000
- Mean episode reward: -1323.15173 +/- 153.39317

-------------------- Pendulum-v0 Log 6 --------------------
Overall:
- Steps: 6200
- Episodes: 30
Last 5 Episodes:
- Mean episode length: 199.00000 +/- 0.00000
- Mean episode reward: -1429.95348 +/- 167.57325
Last 1000 Steps:
- Mean episode length: 199.00000 +/- 0.00000
- Mean episode reward: -1429.95348 +/- 167.57325

-------------------- Pendulum-v0 Log 7 --------------------
Overall:
- Steps: 7200
- Episodes: 35
Last 5 Episodes:
- Mean episode length: 199.00000 +/- 0.00000
- Mean episode reward: -1449.59978 +/- 100.90228
Last 1000 Steps:
- Mean episode length: 199.00000 +/- 0.00000
- Mean episode reward: -1449.59978 +/- 100.90228

-------------------- Pendulum-v0 Log 8 --------------------
Overall:
- Steps: 8200
- Episodes: 40
Last 5 Episodes:
- Mean episode length: 199.00000 +/- 0.00000
- Mean episode reward: -1244.37680 +/- 130.38043
Last 1000 Steps:
- Mean episode length: 199.00000 +/- 0.00000
- Mean episode reward: -1244.37680 +/- 130.38043

-------------------- Pendulum-v0 Log 9 --------------------
Overall:
- Steps: 9200
- Episodes: 45
Last 5 Episodes:
- Mean episode length: 199.00000 +/- 0.00000
- Mean episode reward: -1301.18965 +/- 134.33629
Last 1000 Steps:
- Mean episode length: 199.00000 +/- 0.00000
- Mean episode reward: -1301.18965 +/- 134.33629

-------------------- Pendulum-v0 Log 10 --------------------
Overall:
- Steps: 10200
- Episodes: 50
Last 5 Episodes:
- Mean episode length: 199.00000 +/- 0.00000
- Mean episode reward: -1249.49210 +/- 133.94980
Last 1000 Steps:
- Mean episode length: 199.00000 +/- 0.00000
- Mean episode reward: -1249.49210 +/- 133.94980

-------------------- Pendulum-v0 Log 11 --------------------
Overall:
- Steps: 11200
- Episodes: 55
Last 5 Episodes:
- Mean episode length: 199.00000 +/- 0.00000
- Mean episode reward: -1326.69115 +/- 190.52624
Last 1000 Steps:
- Mean episode length: 199.00000 +/- 0.00000
- Mean episode reward: -1326.69115 +/- 190.52624

-------------------- Pendulum-v0 Log 12 --------------------
Overall:
- Steps: 12200
- Episodes: 60
Last 5 Episodes:
- Mean episode length: 199.00000 +/- 0.00000
- Mean episode reward: -1204.28977 +/- 193.80870
Last 1000 Steps:
- Mean episode length: 199.00000 +/- 0.00000
- Mean episode reward: -1204.28977 +/- 193.80870

-------------------- Pendulum-v0 Log 13 --------------------
Overall:
- Steps: 13200
- Episodes: 65
Last 5 Episodes:
- Mean episode length: 199.00000 +/- 0.00000
- Mean episode reward: -1217.59347 +/- 158.20229
Last 1000 Steps:
- Mean episode length: 199.00000 +/- 0.00000
- Mean episode reward: -1217.59347 +/- 158.20229

-------------------- Pendulum-v0 Log 14 --------------------
Overall:
- Steps: 14200
- Episodes: 70
Last 5 Episodes:
- Mean episode length: 199.00000 +/- 0.00000
- Mean episode reward: -1132.26078 +/- 117.40194
Last 1000 Steps:
- Mean episode length: 199.00000 +/- 0.00000
- Mean episode reward: -1132.26078 +/- 117.40194

-------------------- Pendulum-v0 Log 15 --------------------
Overall:
- Steps: 15200
- Episodes: 75
Last 5 Episodes:
- Mean episode length: 199.00000 +/- 0.00000
- Mean episode reward: -1022.19540 +/- 95.11161
Last 1000 Steps:
- Mean episode length: 199.00000 +/- 0.00000
- Mean episode reward: -1022.19540 +/- 95.11161

-------------------- Pendulum-v0 Log 16 --------------------
Overall:
- Steps: 16200
- Episodes: 80
Last 5 Episodes:
- Mean episode length: 199.00000 +/- 0.00000
- Mean episode reward: -1125.25068 +/- 194.49155
Last 1000 Steps:
- Mean episode length: 199.00000 +/- 0.00000
- Mean episode reward: -1125.25068 +/- 194.49155

-------------------- Pendulum-v0 Log 17 --------------------
Overall:
- Steps: 17200
- Episodes: 85
Last 5 Episodes:
- Mean episode length: 199.00000 +/- 0.00000
- Mean episode reward: -1111.57382 +/- 124.26601
Last 1000 Steps:
- Mean episode length: 199.00000 +/- 0.00000
- Mean episode reward: -1111.57382 +/- 124.26601

-------------------- Pendulum-v0 Log 18 --------------------
Overall:
- Steps: 18200
- Episodes: 90
Last 5 Episodes:
- Mean episode length: 199.00000 +/- 0.00000
- Mean episode reward: -941.74801 +/- 63.19818
Last 1000 Steps:
- Mean episode length: 199.00000 +/- 0.00000
- Mean episode reward: -941.74801 +/- 63.19818

-------------------- Pendulum-v0 Log 19 --------------------
Overall:
- Steps: 19200
- Episodes: 95
Last 5 Episodes:
- Mean episode length: 199.00000 +/- 0.00000
- Mean episode reward: -1020.60707 +/- 39.96198
Last 1000 Steps:
- Mean episode length: 199.00000 +/- 0.00000
- Mean episode reward: -1020.60707 +/- 39.96198

-------------------- Pendulum-v0 Log 20 --------------------
Overall:
- Steps: 20200
- Episodes: 100
Last 5 Episodes:
- Mean episode length: 199.00000 +/- 0.00000
- Mean episode reward: -1042.17030 +/- 85.51348
Last 1000 Steps:
- Mean episode length: 199.00000 +/- 0.00000
- Mean episode reward: -1042.17030 +/- 85.51348

-------------------- Pendulum-v0 Log 21 --------------------
Overall:
- Steps: 21200
- Episodes: 105
Last 5 Episodes:
- Mean episode length: 199.00000 +/- 0.00000
- Mean episode reward: -955.97192 +/- 36.47261
Last 1000 Steps:
- Mean episode length: 199.00000 +/- 0.00000
- Mean episode reward: -955.97192 +/- 36.47261

-------------------- Pendulum-v0 Log 22 --------------------
Overall:
- Steps: 22200
- Episodes: 110
Last 5 Episodes:
- Mean episode length: 199.00000 +/- 0.00000
- Mean episode reward: -954.74798 +/- 31.32149
Last 1000 Steps:
- Mean episode length: 199.00000 +/- 0.00000
- Mean episode reward: -954.74798 +/- 31.32149

-------------------- Pendulum-v0 Log 23 --------------------
Overall:
- Steps: 23200
- Episodes: 115
Last 5 Episodes:
- Mean episode length: 199.00000 +/- 0.00000
- Mean episode reward: -998.35013 +/- 72.91632
Last 1000 Steps:
- Mean episode length: 199.00000 +/- 0.00000
- Mean episode reward: -998.35013 +/- 72.91632

-------------------- Pendulum-v0 Log 24 --------------------
Overall:
- Steps: 24200
- Episodes: 120
Last 5 Episodes:
- Mean episode length: 199.00000 +/- 0.00000
- Mean episode reward: -935.42231 +/- 104.58375
Last 1000 Steps:
- Mean episode length: 199.00000 +/- 0.00000
- Mean episode reward: -935.42231 +/- 104.58375

-------------------- Pendulum-v0 Log 25 --------------------
Overall:
- Steps: 25200
- Episodes: 125
Last 5 Episodes:
- Mean episode length: 199.00000 +/- 0.00000
- Mean episode reward: -997.22881 +/- 30.59194
Last 1000 Steps:
- Mean episode length: 199.00000 +/- 0.00000
- Mean episode reward: -997.22881 +/- 30.59194

-------------------- Pendulum-v0 Log 26 --------------------
Overall:
- Steps: 26200
- Episodes: 130
Last 5 Episodes:
- Mean episode length: 199.00000 +/- 0.00000
- Mean episode reward: -1006.68183 +/- 96.71716
Last 1000 Steps:
- Mean episode length: 199.00000 +/- 0.00000
- Mean episode reward: -1006.68183 +/- 96.71716

-------------------- Pendulum-v0 Log 27 --------------------
Overall:
- Steps: 27200
- Episodes: 135
Last 5 Episodes:
- Mean episode length: 199.00000 +/- 0.00000
- Mean episode reward: -1056.43028 +/- 62.57644
Last 1000 Steps:
- Mean episode length: 199.00000 +/- 0.00000
- Mean episode reward: -1056.43028 +/- 62.57644

-------------------- Pendulum-v0 Log 28 --------------------
Overall:
- Steps: 28200
- Episodes: 140
Last 5 Episodes:
- Mean episode length: 199.00000 +/- 0.00000
- Mean episode reward: -1027.42441 +/- 35.34496
Last 1000 Steps:
- Mean episode length: 199.00000 +/- 0.00000
- Mean episode reward: -1027.42441 +/- 35.34496

-------------------- Pendulum-v0 Log 29 --------------------
Overall:
- Steps: 29200
- Episodes: 145
Last 5 Episodes:
- Mean episode length: 199.00000 +/- 0.00000
- Mean episode reward: -974.24926 +/- 46.62087
Last 1000 Steps:
- Mean episode length: 199.00000 +/- 0.00000
- Mean episode reward: -974.24926 +/- 46.62087

-------------------- Pendulum-v0 Log 30 --------------------
Overall:
- Steps: 30200
- Episodes: 150
Last 5 Episodes:
- Mean episode length: 199.00000 +/- 0.00000
- Mean episode reward: -1004.13421 +/- 81.60430
Last 1000 Steps:
- Mean episode length: 199.00000 +/- 0.00000
- Mean episode reward: -1004.13421 +/- 81.60430

-------------------- Pendulum-v0 Log 31 --------------------
Overall:
- Steps: 31200
- Episodes: 155
Last 5 Episodes:
- Mean episode length: 199.00000 +/- 0.00000
- Mean episode reward: -989.89502 +/- 68.48905
Last 1000 Steps:
- Mean episode length: 199.00000 +/- 0.00000
- Mean episode reward: -989.89502 +/- 68.48905

-------------------- Pendulum-v0 Log 32 --------------------
Overall:
- Steps: 32200
- Episodes: 160
Last 5 Episodes:
- Mean episode length: 199.00000 +/- 0.00000
- Mean episode reward: -1061.83927 +/- 99.16219
Last 1000 Steps:
- Mean episode length: 199.00000 +/- 0.00000
- Mean episode reward: -1061.83927 +/- 99.16219

-------------------- Pendulum-v0 Log 33 --------------------
Overall:
- Steps: 33200
- Episodes: 165
Last 5 Episodes:
- Mean episode length: 199.00000 +/- 0.00000
- Mean episode reward: -965.72246 +/- 64.51735
Last 1000 Steps:
- Mean episode length: 199.00000 +/- 0.00000
- Mean episode reward: -965.72246 +/- 64.51735

-------------------- Pendulum-v0 Log 34 --------------------
Overall:
- Steps: 34200
- Episodes: 170
Last 5 Episodes:
- Mean episode length: 199.00000 +/- 0.00000
- Mean episode reward: -1066.14672 +/- 110.78260
Last 1000 Steps:
- Mean episode length: 199.00000 +/- 0.00000
- Mean episode reward: -1066.14672 +/- 110.78260

-------------------- Pendulum-v0 Log 35 --------------------
Overall:
- Steps: 35200
- Episodes: 175
Last 5 Episodes:
- Mean episode length: 199.00000 +/- 0.00000
- Mean episode reward: -1047.93658 +/- 92.01967
Last 1000 Steps:
- Mean episode length: 199.00000 +/- 0.00000
- Mean episode reward: -1047.93658 +/- 92.01967

-------------------- Pendulum-v0 Log 36 --------------------
Overall:
- Steps: 36200
- Episodes: 180
Last 5 Episodes:
- Mean episode length: 199.00000 +/- 0.00000
- Mean episode reward: -1049.68449 +/- 84.88347
Last 1000 Steps:
- Mean episode length: 199.00000 +/- 0.00000
- Mean episode reward: -1049.68449 +/- 84.88347

-------------------- Pendulum-v0 Log 37 --------------------
Overall:
- Steps: 37200
- Episodes: 185
Last 5 Episodes:
- Mean episode length: 199.00000 +/- 0.00000
- Mean episode reward: -1085.67831 +/- 62.94871
Last 1000 Steps:
- Mean episode length: 199.00000 +/- 0.00000
- Mean episode reward: -1085.67831 +/- 62.94871

-------------------- Pendulum-v0 Log 38 --------------------
Overall:
- Steps: 38200
- Episodes: 190
Last 5 Episodes:
- Mean episode length: 199.00000 +/- 0.00000
- Mean episode reward: -1110.46084 +/- 48.55518
Last 1000 Steps:
- Mean episode length: 199.00000 +/- 0.00000
- Mean episode reward: -1110.46084 +/- 48.55518

-------------------- Pendulum-v0 Log 39 --------------------
Overall:
- Steps: 39200
- Episodes: 195
Last 5 Episodes:
- Mean episode length: 199.00000 +/- 0.00000
- Mean episode reward: -1055.07850 +/- 63.07232
Last 1000 Steps:
- Mean episode length: 199.00000 +/- 0.00000
- Mean episode reward: -1055.07850 +/- 63.07232

-------------------- Pendulum-v0 Log 40 --------------------
Overall:
- Steps: 40200
- Episodes: 200
Last 5 Episodes:
- Mean episode length: 199.00000 +/- 0.00000
- Mean episode reward: -1077.57540 +/- 86.33516
Last 1000 Steps:
- Mean episode length: 199.00000 +/- 0.00000
- Mean episode reward: -1077.57540 +/- 86.33516

-------------------- Pendulum-v0 Log 41 --------------------
Overall:
- Steps: 41200
- Episodes: 205
Last 5 Episodes:
- Mean episode length: 199.00000 +/- 0.00000
- Mean episode reward: -1025.07353 +/- 92.82503
Last 1000 Steps:
- Mean episode length: 199.00000 +/- 0.00000
- Mean episode reward: -1025.07353 +/- 92.82503

-------------------- Pendulum-v0 Log 42 --------------------
Overall:
- Steps: 42200
- Episodes: 210
Last 5 Episodes:
- Mean episode length: 199.00000 +/- 0.00000
- Mean episode reward: -1021.64541 +/- 109.95436
Last 1000 Steps:
- Mean episode length: 199.00000 +/- 0.00000
- Mean episode reward: -1021.64541 +/- 109.95436

-------------------- Pendulum-v0 Log 43 --------------------
Overall:
- Steps: 43200
- Episodes: 215
Last 5 Episodes:
- Mean episode length: 199.00000 +/- 0.00000
- Mean episode reward: -966.53461 +/- 65.29702
Last 1000 Steps:
- Mean episode length: 199.00000 +/- 0.00000
- Mean episode reward: -966.53461 +/- 65.29702

-------------------- Pendulum-v0 Log 44 --------------------
Overall:
- Steps: 44200
- Episodes: 220
Last 5 Episodes:
- Mean episode length: 199.00000 +/- 0.00000
- Mean episode reward: -1064.87249 +/- 35.05793
Last 1000 Steps:
- Mean episode length: 199.00000 +/- 0.00000
- Mean episode reward: -1064.87249 +/- 35.05793

-------------------- Pendulum-v0 Log 45 --------------------
Overall:
- Steps: 45200
- Episodes: 225
Last 5 Episodes:
- Mean episode length: 199.00000 +/- 0.00000
- Mean episode reward: -1058.16053 +/- 39.98303
Last 1000 Steps:
- Mean episode length: 199.00000 +/- 0.00000
- Mean episode reward: -1058.16053 +/- 39.98303

-------------------- Pendulum-v0 Log 46 --------------------
Overall:
- Steps: 46200
- Episodes: 230
Last 5 Episodes:
- Mean episode length: 199.00000 +/- 0.00000
- Mean episode reward: -1057.07938 +/- 24.99670
Last 1000 Steps:
- Mean episode length: 199.00000 +/- 0.00000
- Mean episode reward: -1057.07938 +/- 24.99670

-------------------- Pendulum-v0 Log 47 --------------------
Overall:
- Steps: 47200
- Episodes: 235
Last 5 Episodes:
- Mean episode length: 199.00000 +/- 0.00000
- Mean episode reward: -1020.02345 +/- 199.83588
Last 1000 Steps:
- Mean episode length: 199.00000 +/- 0.00000
- Mean episode reward: -1020.02345 +/- 199.83588

-------------------- Pendulum-v0 Log 48 --------------------
Overall:
- Steps: 48200
- Episodes: 240
Last 5 Episodes:
- Mean episode length: 199.00000 +/- 0.00000
- Mean episode reward: -939.40852 +/- 179.44737
Last 1000 Steps:
- Mean episode length: 199.00000 +/- 0.00000
- Mean episode reward: -939.40852 +/- 179.44737

-------------------- Pendulum-v0 Log 49 --------------------
Overall:
- Steps: 49200
- Episodes: 245
Last 5 Episodes:
- Mean episode length: 199.00000 +/- 0.00000
- Mean episode reward: -1070.34381 +/- 55.38023
Last 1000 Steps:
- Mean episode length: 199.00000 +/- 0.00000
- Mean episode reward: -1070.34381 +/- 55.38023

-------------------- Pendulum-v0 Log 50 --------------------
Overall:
- Steps: 50200
- Episodes: 250
Last 5 Episodes:
- Mean episode length: 199.00000 +/- 0.00000
- Mean episode reward: -1019.39118 +/- 37.55296
Last 1000 Steps:
- Mean episode length: 199.00000 +/- 0.00000
- Mean episode reward: -1019.39118 +/- 37.55296

-------------------- Pendulum-v0 Log 51 --------------------
Overall:
- Steps: 51200
- Episodes: 255
Last 5 Episodes:
- Mean episode length: 199.00000 +/- 0.00000
- Mean episode reward: -931.97930 +/- 104.05961
Last 1000 Steps:
- Mean episode length: 199.00000 +/- 0.00000
- Mean episode reward: -931.97930 +/- 104.05961

-------------------- Pendulum-v0 Log 52 --------------------
Overall:
- Steps: 52200
- Episodes: 260
Last 5 Episodes:
- Mean episode length: 199.00000 +/- 0.00000
- Mean episode reward: -1052.43782 +/- 57.38904
Last 1000 Steps:
- Mean episode length: 199.00000 +/- 0.00000
- Mean episode reward: -1052.43782 +/- 57.38904

-------------------- Pendulum-v0 Log 53 --------------------
Overall:
- Steps: 53200
- Episodes: 265
Last 5 Episodes:
- Mean episode length: 199.00000 +/- 0.00000
- Mean episode reward: -964.82028 +/- 57.21843
Last 1000 Steps:
- Mean episode length: 199.00000 +/- 0.00000
- Mean episode reward: -964.82028 +/- 57.21843

-------------------- Pendulum-v0 Log 54 --------------------
Overall:
- Steps: 54200
- Episodes: 270
Last 5 Episodes:
- Mean episode length: 199.00000 +/- 0.00000
- Mean episode reward: -1010.08898 +/- 56.23841
Last 1000 Steps:
- Mean episode length: 199.00000 +/- 0.00000
- Mean episode reward: -1010.08898 +/- 56.23841

-------------------- Pendulum-v0 Log 55 --------------------
Overall:
- Steps: 55200
- Episodes: 275
Last 5 Episodes:
- Mean episode length: 199.00000 +/- 0.00000
- Mean episode reward: -1018.00610 +/- 88.42216
Last 1000 Steps:
- Mean episode length: 199.00000 +/- 0.00000
- Mean episode reward: -1018.00610 +/- 88.42216

-------------------- Pendulum-v0 Log 56 --------------------
Overall:
- Steps: 56200
- Episodes: 280
Last 5 Episodes:
- Mean episode length: 199.00000 +/- 0.00000
- Mean episode reward: -1002.54977 +/- 94.19402
Last 1000 Steps:
- Mean episode length: 199.00000 +/- 0.00000
- Mean episode reward: -1002.54977 +/- 94.19402

-------------------- Pendulum-v0 Log 57 --------------------
Overall:
- Steps: 57200
- Episodes: 285
Last 5 Episodes:
- Mean episode length: 199.00000 +/- 0.00000
- Mean episode reward: -980.69445 +/- 68.16704
Last 1000 Steps:
- Mean episode length: 199.00000 +/- 0.00000
- Mean episode reward: -980.69445 +/- 68.16704

-------------------- Pendulum-v0 Log 58 --------------------
Overall:
- Steps: 58200
- Episodes: 290
Last 5 Episodes:
- Mean episode length: 199.00000 +/- 0.00000
- Mean episode reward: -869.99841 +/- 373.09990
Last 1000 Steps:
- Mean episode length: 199.00000 +/- 0.00000
- Mean episode reward: -869.99841 +/- 373.09990

-------------------- Pendulum-v0 Log 59 --------------------
Overall:
- Steps: 59200
- Episodes: 295
Last 5 Episodes:
- Mean episode length: 199.00000 +/- 0.00000
- Mean episode reward: -991.13073 +/- 59.15366
Last 1000 Steps:
- Mean episode length: 199.00000 +/- 0.00000
- Mean episode reward: -991.13073 +/- 59.15366

-------------------- Pendulum-v0 Log 60 --------------------
Overall:
- Steps: 60200
- Episodes: 300
Last 5 Episodes:
- Mean episode length: 199.00000 +/- 0.00000
- Mean episode reward: -762.74816 +/- 273.71888
Last 1000 Steps:
- Mean episode length: 199.00000 +/- 0.00000
- Mean episode reward: -762.74816 +/- 273.71888

-------------------- Pendulum-v0 Log 61 --------------------
Overall:
- Steps: 61200
- Episodes: 305
Last 5 Episodes:
- Mean episode length: 199.00000 +/- 0.00000
- Mean episode reward: -1016.33813 +/- 29.98483
Last 1000 Steps:
- Mean episode length: 199.00000 +/- 0.00000
- Mean episode reward: -1016.33813 +/- 29.98483

-------------------- Pendulum-v0 Log 62 --------------------
Overall:
- Steps: 62200
- Episodes: 310
Last 5 Episodes:
- Mean episode length: 199.00000 +/- 0.00000
- Mean episode reward: -746.04492 +/- 272.18322
Last 1000 Steps:
- Mean episode length: 199.00000 +/- 0.00000
- Mean episode reward: -746.04492 +/- 272.18322

-------------------- Pendulum-v0 Log 63 --------------------
Overall:
- Steps: 63200
- Episodes: 315
Last 5 Episodes:
- Mean episode length: 199.00000 +/- 0.00000
- Mean episode reward: -984.59599 +/- 94.71248
Last 1000 Steps:
- Mean episode length: 199.00000 +/- 0.00000
- Mean episode reward: -984.59599 +/- 94.71248

-------------------- Pendulum-v0 Log 64 --------------------
Overall:
- Steps: 64200
- Episodes: 320
Last 5 Episodes:
- Mean episode length: 199.00000 +/- 0.00000
- Mean episode reward: -852.61014 +/- 259.86730
Last 1000 Steps:
- Mean episode length: 199.00000 +/- 0.00000
- Mean episode reward: -852.61014 +/- 259.86730

-------------------- Pendulum-v0 Log 65 --------------------
Overall:
- Steps: 65200
- Episodes: 325
Last 5 Episodes:
- Mean episode length: 199.00000 +/- 0.00000
- Mean episode reward: -1004.57819 +/- 48.27112
Last 1000 Steps:
- Mean episode length: 199.00000 +/- 0.00000
- Mean episode reward: -1004.57819 +/- 48.27112

-------------------- Pendulum-v0 Log 66 --------------------
Overall:
- Steps: 66200
- Episodes: 330
Last 5 Episodes:
- Mean episode length: 199.00000 +/- 0.00000
- Mean episode reward: -909.81523 +/- 179.27168
Last 1000 Steps:
- Mean episode length: 199.00000 +/- 0.00000
- Mean episode reward: -909.81523 +/- 179.27168

-------------------- Pendulum-v0 Log 67 --------------------
Overall:
- Steps: 67200
- Episodes: 335
Last 5 Episodes:
- Mean episode length: 199.00000 +/- 0.00000
- Mean episode reward: -844.08678 +/- 201.10282
Last 1000 Steps:
- Mean episode length: 199.00000 +/- 0.00000
- Mean episode reward: -844.08678 +/- 201.10282

-------------------- Pendulum-v0 Log 68 --------------------
Overall:
- Steps: 68200
- Episodes: 340
Last 5 Episodes:
- Mean episode length: 199.00000 +/- 0.00000
- Mean episode reward: -751.66664 +/- 242.84174
Last 1000 Steps:
- Mean episode length: 199.00000 +/- 0.00000
- Mean episode reward: -751.66664 +/- 242.84174

-------------------- Pendulum-v0 Log 69 --------------------
Overall:
- Steps: 69200
- Episodes: 345
Last 5 Episodes:
- Mean episode length: 199.00000 +/- 0.00000
- Mean episode reward: -858.07639 +/- 258.54145
Last 1000 Steps:
- Mean episode length: 199.00000 +/- 0.00000
- Mean episode reward: -858.07639 +/- 258.54145

-------------------- Pendulum-v0 Log 70 --------------------
Overall:
- Steps: 70200
- Episodes: 350
Last 5 Episodes:
- Mean episode length: 199.00000 +/- 0.00000
- Mean episode reward: -868.07869 +/- 114.27757
Last 1000 Steps:
- Mean episode length: 199.00000 +/- 0.00000
- Mean episode reward: -868.07869 +/- 114.27757

-------------------- Pendulum-v0 Log 71 --------------------
Overall:
- Steps: 71200
- Episodes: 355
Last 5 Episodes:
- Mean episode length: 199.00000 +/- 0.00000
- Mean episode reward: -694.79137 +/- 315.53464
Last 1000 Steps:
- Mean episode length: 199.00000 +/- 0.00000
- Mean episode reward: -694.79137 +/- 315.53464

-------------------- Pendulum-v0 Log 72 --------------------
Overall:
- Steps: 72200
- Episodes: 360
Last 5 Episodes:
- Mean episode length: 199.00000 +/- 0.00000
- Mean episode reward: -1017.94815 +/- 21.47120
Last 1000 Steps:
- Mean episode length: 199.00000 +/- 0.00000
- Mean episode reward: -1017.94815 +/- 21.47120

-------------------- Pendulum-v0 Log 73 --------------------
Overall:
- Steps: 73200
- Episodes: 365
Last 5 Episodes:
- Mean episode length: 199.00000 +/- 0.00000
- Mean episode reward: -800.25958 +/- 128.95569
Last 1000 Steps:
- Mean episode length: 199.00000 +/- 0.00000
- Mean episode reward: -800.25958 +/- 128.95569

-------------------- Pendulum-v0 Log 74 --------------------
Overall:
- Steps: 74200
- Episodes: 370
Last 5 Episodes:
- Mean episode length: 199.00000 +/- 0.00000
- Mean episode reward: -927.41452 +/- 167.18615
Last 1000 Steps:
- Mean episode length: 199.00000 +/- 0.00000
- Mean episode reward: -927.41452 +/- 167.18615

-------------------- Pendulum-v0 Log 75 --------------------
Overall:
- Steps: 75200
- Episodes: 375
Last 5 Episodes:
- Mean episode length: 199.00000 +/- 0.00000
- Mean episode reward: -722.64198 +/- 248.01374
Last 1000 Steps:
- Mean episode length: 199.00000 +/- 0.00000
- Mean episode reward: -722.64198 +/- 248.01374

-------------------- Pendulum-v0 Log 76 --------------------
Overall:
- Steps: 76200
- Episodes: 380
Last 5 Episodes:
- Mean episode length: 199.00000 +/- 0.00000
- Mean episode reward: -733.71429 +/- 352.08982
Last 1000 Steps:
- Mean episode length: 199.00000 +/- 0.00000
- Mean episode reward: -733.71429 +/- 352.08982

-------------------- Pendulum-v0 Log 77 --------------------
Overall:
- Steps: 77200
- Episodes: 385
Last 5 Episodes:
- Mean episode length: 199.00000 +/- 0.00000
- Mean episode reward: -925.47993 +/- 143.91256
Last 1000 Steps:
- Mean episode length: 199.00000 +/- 0.00000
- Mean episode reward: -925.47993 +/- 143.91256

-------------------- Pendulum-v0 Log 78 --------------------
Overall:
- Steps: 78200
- Episodes: 390
Last 5 Episodes:
- Mean episode length: 199.00000 +/- 0.00000
- Mean episode reward: -837.72583 +/- 193.97435
Last 1000 Steps:
- Mean episode length: 199.00000 +/- 0.00000
- Mean episode reward: -837.72583 +/- 193.97435

-------------------- Pendulum-v0 Log 79 --------------------
Overall:
- Steps: 79200
- Episodes: 395
Last 5 Episodes:
- Mean episode length: 199.00000 +/- 0.00000
- Mean episode reward: -790.04004 +/- 242.13943
Last 1000 Steps:
- Mean episode length: 199.00000 +/- 0.00000
- Mean episode reward: -790.04004 +/- 242.13943

-------------------- Pendulum-v0 Log 80 --------------------
Overall:
- Steps: 80200
- Episodes: 400
Last 5 Episodes:
- Mean episode length: 199.00000 +/- 0.00000
- Mean episode reward: -478.09924 +/- 315.73747
Last 1000 Steps:
- Mean episode length: 199.00000 +/- 0.00000
- Mean episode reward: -478.09924 +/- 315.73747

-------------------- Pendulum-v0 Log 81 --------------------
Overall:
- Steps: 81200
- Episodes: 405
Last 5 Episodes:
- Mean episode length: 199.00000 +/- 0.00000
- Mean episode reward: -783.55767 +/- 262.95363
Last 1000 Steps:
- Mean episode length: 199.00000 +/- 0.00000
- Mean episode reward: -783.55767 +/- 262.95363

-------------------- Pendulum-v0 Log 82 --------------------
Overall:
- Steps: 82200
- Episodes: 410
Last 5 Episodes:
- Mean episode length: 199.00000 +/- 0.00000
- Mean episode reward: -589.12964 +/- 334.21291
Last 1000 Steps:
- Mean episode length: 199.00000 +/- 0.00000
- Mean episode reward: -589.12964 +/- 334.21291

-------------------- Pendulum-v0 Log 83 --------------------
Overall:
- Steps: 83200
- Episodes: 415
Last 5 Episodes:
- Mean episode length: 199.00000 +/- 0.00000
- Mean episode reward: -525.91256 +/- 342.99127
Last 1000 Steps:
- Mean episode length: 199.00000 +/- 0.00000
- Mean episode reward: -525.91256 +/- 342.99127

-------------------- Pendulum-v0 Log 84 --------------------
Overall:
- Steps: 84200
- Episodes: 420
Last 5 Episodes:
- Mean episode length: 199.00000 +/- 0.00000
- Mean episode reward: -624.86654 +/- 193.79730
Last 1000 Steps:
- Mean episode length: 199.00000 +/- 0.00000
- Mean episode reward: -624.86654 +/- 193.79730

-------------------- Pendulum-v0 Log 85 --------------------
Overall:
- Steps: 85200
- Episodes: 425
Last 5 Episodes:
- Mean episode length: 199.00000 +/- 0.00000
- Mean episode reward: -580.56927 +/- 291.85885
Last 1000 Steps:
- Mean episode length: 199.00000 +/- 0.00000
- Mean episode reward: -580.56927 +/- 291.85885

-------------------- Pendulum-v0 Log 86 --------------------
Overall:
- Steps: 86200
- Episodes: 430
Last 5 Episodes:
- Mean episode length: 199.00000 +/- 0.00000
- Mean episode reward: -381.27094 +/- 270.00864
Last 1000 Steps:
- Mean episode length: 199.00000 +/- 0.00000
- Mean episode reward: -381.27094 +/- 270.00864

-------------------- Pendulum-v0 Log 87 --------------------
Overall:
- Steps: 87200
- Episodes: 435
Last 5 Episodes:
- Mean episode length: 199.00000 +/- 0.00000
- Mean episode reward: -402.47260 +/- 200.97716
Last 1000 Steps:
- Mean episode length: 199.00000 +/- 0.00000
- Mean episode reward: -402.47260 +/- 200.97716

-------------------- Pendulum-v0 Log 88 --------------------
Overall:
- Steps: 88200
- Episodes: 440
Last 5 Episodes:
- Mean episode length: 199.00000 +/- 0.00000
- Mean episode reward: -467.49830 +/- 361.52248
Last 1000 Steps:
- Mean episode length: 199.00000 +/- 0.00000
- Mean episode reward: -467.49830 +/- 361.52248

-------------------- Pendulum-v0 Log 89 --------------------
Overall:
- Steps: 89200
- Episodes: 445
Last 5 Episodes:
- Mean episode length: 199.00000 +/- 0.00000
- Mean episode reward: -479.04751 +/- 198.92225
Last 1000 Steps:
- Mean episode length: 199.00000 +/- 0.00000
- Mean episode reward: -479.04751 +/- 198.92225

-------------------- Pendulum-v0 Log 90 --------------------
Overall:
- Steps: 90200
- Episodes: 450
Last 5 Episodes:
- Mean episode length: 199.00000 +/- 0.00000
- Mean episode reward: -430.87266 +/- 197.02113
Last 1000 Steps:
- Mean episode length: 199.00000 +/- 0.00000
- Mean episode reward: -430.87266 +/- 197.02113

-------------------- Pendulum-v0 Log 91 --------------------
Overall:
- Steps: 91200
- Episodes: 455
Last 5 Episodes:
- Mean episode length: 199.00000 +/- 0.00000
- Mean episode reward: -376.69496 +/- 189.06498
Last 1000 Steps:
- Mean episode length: 199.00000 +/- 0.00000
- Mean episode reward: -376.69496 +/- 189.06498

-------------------- Pendulum-v0 Log 92 --------------------
Overall:
- Steps: 92200
- Episodes: 460
Last 5 Episodes:
- Mean episode length: 199.00000 +/- 0.00000
- Mean episode reward: -713.07347 +/- 243.07208
Last 1000 Steps:
- Mean episode length: 199.00000 +/- 0.00000
- Mean episode reward: -713.07347 +/- 243.07208

-------------------- Pendulum-v0 Log 93 --------------------
Overall:
- Steps: 93200
- Episodes: 465
Last 5 Episodes:
- Mean episode length: 199.00000 +/- 0.00000
- Mean episode reward: -419.87101 +/- 166.35821
Last 1000 Steps:
- Mean episode length: 199.00000 +/- 0.00000
- Mean episode reward: -419.87101 +/- 166.35821

-------------------- Pendulum-v0 Log 94 --------------------
Overall:
- Steps: 94200
- Episodes: 470
Last 5 Episodes:
- Mean episode length: 199.00000 +/- 0.00000
- Mean episode reward: -752.39615 +/- 235.92619
Last 1000 Steps:
- Mean episode length: 199.00000 +/- 0.00000
- Mean episode reward: -752.39615 +/- 235.92619

-------------------- Pendulum-v0 Log 95 --------------------
Overall:
- Steps: 95200
- Episodes: 475
Last 5 Episodes:
- Mean episode length: 199.00000 +/- 0.00000
- Mean episode reward: -383.30969 +/- 173.67602
Last 1000 Steps:
- Mean episode length: 199.00000 +/- 0.00000
- Mean episode reward: -383.30969 +/- 173.67602

-------------------- Pendulum-v0 Log 96 --------------------
Overall:
- Steps: 96200
- Episodes: 480
Last 5 Episodes:
- Mean episode length: 199.00000 +/- 0.00000
- Mean episode reward: -444.36574 +/- 346.63209
Last 1000 Steps:
- Mean episode length: 199.00000 +/- 0.00000
- Mean episode reward: -444.36574 +/- 346.63209

-------------------- Pendulum-v0 Log 97 --------------------
Overall:
- Steps: 97200
- Episodes: 485
Last 5 Episodes:
- Mean episode length: 199.00000 +/- 0.00000
- Mean episode reward: -563.44700 +/- 328.21451
Last 1000 Steps:
- Mean episode length: 199.00000 +/- 0.00000
- Mean episode reward: -563.44700 +/- 328.21451

-------------------- Pendulum-v0 Log 98 --------------------
Overall:
- Steps: 98200
- Episodes: 490
Last 5 Episodes:
- Mean episode length: 199.00000 +/- 0.00000
- Mean episode reward: -400.99765 +/- 190.57294
Last 1000 Steps:
- Mean episode length: 199.00000 +/- 0.00000
- Mean episode reward: -400.99765 +/- 190.57294

-------------------- Pendulum-v0 Log 99 --------------------
Overall:
- Steps: 99200
- Episodes: 495
Last 5 Episodes:
- Mean episode length: 199.00000 +/- 0.00000
- Mean episode reward: -567.99690 +/- 305.23696
Last 1000 Steps:
- Mean episode length: 199.00000 +/- 0.00000
- Mean episode reward: -567.99690 +/- 305.23696

-------------------- Pendulum-v0 Log 100 --------------------
Overall:
- Steps: 100200
- Episodes: 500
Last 5 Episodes:
- Mean episode length: 199.00000 +/- 0.00000
- Mean episode reward: -589.00592 +/- 195.69195
Last 1000 Steps:
- Mean episode length: 199.00000 +/- 0.00000
- Mean episode reward: -589.00592 +/- 195.69195

-------------------- Pendulum-v0 Log 101 --------------------
Overall:
- Steps: 101200
- Episodes: 505
Last 5 Episodes:
- Mean episode length: 199.00000 +/- 0.00000
- Mean episode reward: -643.26725 +/- 580.56056
Last 1000 Steps:
- Mean episode length: 199.00000 +/- 0.00000
- Mean episode reward: -643.26725 +/- 580.56056

-------------------- Pendulum-v0 Log 102 --------------------
Overall:
- Steps: 102200
- Episodes: 510
Last 5 Episodes:
- Mean episode length: 199.00000 +/- 0.00000
- Mean episode reward: -625.45861 +/- 476.63978
Last 1000 Steps:
- Mean episode length: 199.00000 +/- 0.00000
- Mean episode reward: -625.45861 +/- 476.63978

-------------------- Pendulum-v0 Log 103 --------------------
Overall:
- Steps: 103200
- Episodes: 515
Last 5 Episodes:
- Mean episode length: 199.00000 +/- 0.00000
- Mean episode reward: -737.75513 +/- 686.39593
Last 1000 Steps:
- Mean episode length: 199.00000 +/- 0.00000
- Mean episode reward: -737.75513 +/- 686.39593

-------------------- Pendulum-v0 Log 104 --------------------
Overall:
- Steps: 104200
- Episodes: 520
Last 5 Episodes:
- Mean episode length: 199.00000 +/- 0.00000
- Mean episode reward: -498.65127 +/- 315.92228
Last 1000 Steps:
- Mean episode length: 199.00000 +/- 0.00000
- Mean episode reward: -498.65127 +/- 315.92228

-------------------- Pendulum-v0 Log 105 --------------------
Overall:
- Steps: 105200
- Episodes: 525
Last 5 Episodes:
- Mean episode length: 199.00000 +/- 0.00000
- Mean episode reward: -649.24397 +/- 168.50146
Last 1000 Steps:
- Mean episode length: 199.00000 +/- 0.00000
- Mean episode reward: -649.24397 +/- 168.50146

-------------------- Pendulum-v0 Log 106 --------------------
Overall:
- Steps: 106200
- Episodes: 530
Last 5 Episodes:
- Mean episode length: 199.00000 +/- 0.00000
- Mean episode reward: -1172.38953 +/- 377.48579
Last 1000 Steps:
- Mean episode length: 199.00000 +/- 0.00000
- Mean episode reward: -1172.38953 +/- 377.48579

-------------------- Pendulum-v0 Log 107 --------------------
Overall:
- Steps: 107200
- Episodes: 535
Last 5 Episodes:
- Mean episode length: 199.00000 +/- 0.00000
- Mean episode reward: -567.58537 +/- 245.88940
Last 1000 Steps:
- Mean episode length: 199.00000 +/- 0.00000
- Mean episode reward: -567.58537 +/- 245.88940

-------------------- Pendulum-v0 Log 108 --------------------
Overall:
- Steps: 108200
- Episodes: 540
Last 5 Episodes:
- Mean episode length: 199.00000 +/- 0.00000
- Mean episode reward: -975.95694 +/- 508.47617
Last 1000 Steps:
- Mean episode length: 199.00000 +/- 0.00000
- Mean episode reward: -975.95694 +/- 508.47617

-------------------- Pendulum-v0 Log 109 --------------------
Overall:
- Steps: 109200
- Episodes: 545
Last 5 Episodes:
- Mean episode length: 199.00000 +/- 0.00000
- Mean episode reward: -585.77314 +/- 673.07056
Last 1000 Steps:
- Mean episode length: 199.00000 +/- 0.00000
- Mean episode reward: -585.77314 +/- 673.07056

-------------------- Pendulum-v0 Log 110 --------------------
Overall:
- Steps: 110200
- Episodes: 550
Last 5 Episodes:
- Mean episode length: 199.00000 +/- 0.00000
- Mean episode reward: -571.23573 +/- 432.28510
Last 1000 Steps:
- Mean episode length: 199.00000 +/- 0.00000
- Mean episode reward: -571.23573 +/- 432.28510

-------------------- Pendulum-v0 Log 111 --------------------
Overall:
- Steps: 111200
- Episodes: 555
Last 5 Episodes:
- Mean episode length: 199.00000 +/- 0.00000
- Mean episode reward: -495.19861 +/- 412.87169
Last 1000 Steps:
- Mean episode length: 199.00000 +/- 0.00000
- Mean episode reward: -495.19861 +/- 412.87169

-------------------- Pendulum-v0 Log 112 --------------------
Overall:
- Steps: 112200
- Episodes: 560
Last 5 Episodes:
- Mean episode length: 199.00000 +/- 0.00000
- Mean episode reward: -486.53162 +/- 359.27133
Last 1000 Steps:
- Mean episode length: 199.00000 +/- 0.00000
- Mean episode reward: -486.53162 +/- 359.27133

-------------------- Pendulum-v0 Log 113 --------------------
Overall:
- Steps: 113200
- Episodes: 565
Last 5 Episodes:
- Mean episode length: 199.00000 +/- 0.00000
- Mean episode reward: -442.39234 +/- 385.74752
Last 1000 Steps:
- Mean episode length: 199.00000 +/- 0.00000
- Mean episode reward: -442.39234 +/- 385.74752

-------------------- Pendulum-v0 Log 114 --------------------
Overall:
- Steps: 114200
- Episodes: 570
Last 5 Episodes:
- Mean episode length: 199.00000 +/- 0.00000
- Mean episode reward: -298.01712 +/- 281.18775
Last 1000 Steps:
- Mean episode length: 199.00000 +/- 0.00000
- Mean episode reward: -298.01712 +/- 281.18775

-------------------- Pendulum-v0 Log 115 --------------------
Overall:
- Steps: 115200
- Episodes: 575
Last 5 Episodes:
- Mean episode length: 199.00000 +/- 0.00000
- Mean episode reward: -460.51861 +/- 313.15896
Last 1000 Steps:
- Mean episode length: 199.00000 +/- 0.00000
- Mean episode reward: -460.51861 +/- 313.15896

-------------------- Pendulum-v0 Log 116 --------------------
Overall:
- Steps: 116200
- Episodes: 580
Last 5 Episodes:
- Mean episode length: 199.00000 +/- 0.00000
- Mean episode reward: -519.51296 +/- 335.83285
Last 1000 Steps:
- Mean episode length: 199.00000 +/- 0.00000
- Mean episode reward: -519.51296 +/- 335.83285

-------------------- Pendulum-v0 Log 117 --------------------
Overall:
- Steps: 117200
- Episodes: 585
Last 5 Episodes:
- Mean episode length: 199.00000 +/- 0.00000
- Mean episode reward: -329.68965 +/- 153.20126
Last 1000 Steps:
- Mean episode length: 199.00000 +/- 0.00000
- Mean episode reward: -329.68965 +/- 153.20126

-------------------- Pendulum-v0 Log 118 --------------------
Overall:
- Steps: 118200
- Episodes: 590
Last 5 Episodes:
- Mean episode length: 199.00000 +/- 0.00000
- Mean episode reward: -354.98110 +/- 300.38016
Last 1000 Steps:
- Mean episode length: 199.00000 +/- 0.00000
- Mean episode reward: -354.98110 +/- 300.38016

-------------------- Pendulum-v0 Log 119 --------------------
Overall:
- Steps: 119200
- Episodes: 595
Last 5 Episodes:
- Mean episode length: 199.00000 +/- 0.00000
- Mean episode reward: -600.77085 +/- 305.01458
Last 1000 Steps:
- Mean episode length: 199.00000 +/- 0.00000
- Mean episode reward: -600.77085 +/- 305.01458

-------------------- Pendulum-v0 Log 120 --------------------
Overall:
- Steps: 120200
- Episodes: 600
Last 5 Episodes:
- Mean episode length: 199.00000 +/- 0.00000
- Mean episode reward: -419.83213 +/- 310.89072
Last 1000 Steps:
- Mean episode length: 199.00000 +/- 0.00000
- Mean episode reward: -419.83213 +/- 310.89072

-------------------- Pendulum-v0 Log 121 --------------------
Overall:
- Steps: 121200
- Episodes: 605
Last 5 Episodes:
- Mean episode length: 199.00000 +/- 0.00000
- Mean episode reward: -290.17341 +/- 145.54690
Last 1000 Steps:
- Mean episode length: 199.00000 +/- 0.00000
- Mean episode reward: -290.17341 +/- 145.54690

-------------------- Pendulum-v0 Log 122 --------------------
Overall:
- Steps: 122200
- Episodes: 610
Last 5 Episodes:
- Mean episode length: 199.00000 +/- 0.00000
- Mean episode reward: -536.51771 +/- 257.05380
Last 1000 Steps:
- Mean episode length: 199.00000 +/- 0.00000
- Mean episode reward: -536.51771 +/- 257.05380

-------------------- Pendulum-v0 Log 123 --------------------
Overall:
- Steps: 123200
- Episodes: 615
Last 5 Episodes:
- Mean episode length: 199.00000 +/- 0.00000
- Mean episode reward: -334.07611 +/- 287.61729
Last 1000 Steps:
- Mean episode length: 199.00000 +/- 0.00000
- Mean episode reward: -334.07611 +/- 287.61729

-------------------- Pendulum-v0 Log 124 --------------------
Overall:
- Steps: 124200
- Episodes: 620
Last 5 Episodes:
- Mean episode length: 199.00000 +/- 0.00000
- Mean episode reward: -299.63988 +/- 179.69880
Last 1000 Steps:
- Mean episode length: 199.00000 +/- 0.00000
- Mean episode reward: -299.63988 +/- 179.69880

-------------------- Pendulum-v0 Log 125 --------------------
Overall:
- Steps: 125200
- Episodes: 625
Last 5 Episodes:
- Mean episode length: 199.00000 +/- 0.00000
- Mean episode reward: -401.92802 +/- 262.12889
Last 1000 Steps:
- Mean episode length: 199.00000 +/- 0.00000
- Mean episode reward: -401.92802 +/- 262.12889

-------------------- Pendulum-v0 Log 126 --------------------
Overall:
- Steps: 126200
- Episodes: 630
Last 5 Episodes:
- Mean episode length: 199.00000 +/- 0.00000
- Mean episode reward: -401.25493 +/- 261.70133
Last 1000 Steps:
- Mean episode length: 199.00000 +/- 0.00000
- Mean episode reward: -401.25493 +/- 261.70133

-------------------- Pendulum-v0 Log 127 --------------------
Overall:
- Steps: 127200
- Episodes: 635
Last 5 Episodes:
- Mean episode length: 199.00000 +/- 0.00000
- Mean episode reward: -307.79035 +/- 179.17102
Last 1000 Steps:
- Mean episode length: 199.00000 +/- 0.00000
- Mean episode reward: -307.79035 +/- 179.17102

-------------------- Pendulum-v0 Log 128 --------------------
Overall:
- Steps: 128200
- Episodes: 640
Last 5 Episodes:
- Mean episode length: 199.00000 +/- 0.00000
- Mean episode reward: -226.16969 +/- 136.87952
Last 1000 Steps:
- Mean episode length: 199.00000 +/- 0.00000
- Mean episode reward: -226.16969 +/- 136.87952

-------------------- Pendulum-v0 Log 129 --------------------
Overall:
- Steps: 129200
- Episodes: 645
Last 5 Episodes:
- Mean episode length: 199.00000 +/- 0.00000
- Mean episode reward: -275.26742 +/- 176.30127
Last 1000 Steps:
- Mean episode length: 199.00000 +/- 0.00000
- Mean episode reward: -275.26742 +/- 176.30127

-------------------- Pendulum-v0 Log 130 --------------------
Overall:
- Steps: 130200
- Episodes: 650
Last 5 Episodes:
- Mean episode length: 199.00000 +/- 0.00000
- Mean episode reward: -407.44492 +/- 213.90636
Last 1000 Steps:
- Mean episode length: 199.00000 +/- 0.00000
- Mean episode reward: -407.44492 +/- 213.90636

-------------------- Pendulum-v0 Log 131 --------------------
Overall:
- Steps: 131200
- Episodes: 655
Last 5 Episodes:
- Mean episode length: 199.00000 +/- 0.00000
- Mean episode reward: -295.92597 +/- 116.79187
Last 1000 Steps:
- Mean episode length: 199.00000 +/- 0.00000
- Mean episode reward: -295.92597 +/- 116.79187

-------------------- Pendulum-v0 Log 132 --------------------
Overall:
- Steps: 132200
- Episodes: 660
Last 5 Episodes:
- Mean episode length: 199.00000 +/- 0.00000
- Mean episode reward: -456.23330 +/- 113.36765
Last 1000 Steps:
- Mean episode length: 199.00000 +/- 0.00000
- Mean episode reward: -456.23330 +/- 113.36765

-------------------- Pendulum-v0 Log 133 --------------------
Overall:
- Steps: 133200
- Episodes: 665
Last 5 Episodes:
- Mean episode length: 199.00000 +/- 0.00000
- Mean episode reward: -272.96304 +/- 200.87129
Last 1000 Steps:
- Mean episode length: 199.00000 +/- 0.00000
- Mean episode reward: -272.96304 +/- 200.87129

-------------------- Pendulum-v0 Log 134 --------------------
Overall:
- Steps: 134200
- Episodes: 670
Last 5 Episodes:
- Mean episode length: 199.00000 +/- 0.00000
- Mean episode reward: -251.14140 +/- 128.26810
Last 1000 Steps:
- Mean episode length: 199.00000 +/- 0.00000
- Mean episode reward: -251.14140 +/- 128.26810

-------------------- Pendulum-v0 Log 135 --------------------
Overall:
- Steps: 135200
- Episodes: 675
Last 5 Episodes:
- Mean episode length: 199.00000 +/- 0.00000
- Mean episode reward: -313.96187 +/- 191.27618
Last 1000 Steps:
- Mean episode length: 199.00000 +/- 0.00000
- Mean episode reward: -313.96187 +/- 191.27618

-------------------- Pendulum-v0 Log 136 --------------------
Overall:
- Steps: 136200
- Episodes: 680
Last 5 Episodes:
- Mean episode length: 199.00000 +/- 0.00000
- Mean episode reward: -183.74997 +/- 59.27149
Last 1000 Steps:
- Mean episode length: 199.00000 +/- 0.00000
- Mean episode reward: -183.74997 +/- 59.27149

-------------------- Pendulum-v0 Log 137 --------------------
Overall:
- Steps: 137200
- Episodes: 685
Last 5 Episodes:
- Mean episode length: 199.00000 +/- 0.00000
- Mean episode reward: -275.08375 +/- 113.07203
Last 1000 Steps:
- Mean episode length: 199.00000 +/- 0.00000
- Mean episode reward: -275.08375 +/- 113.07203

-------------------- Pendulum-v0 Log 138 --------------------
Overall:
- Steps: 138200
- Episodes: 690
Last 5 Episodes:
- Mean episode length: 199.00000 +/- 0.00000
- Mean episode reward: -156.85609 +/- 45.00164
Last 1000 Steps:
- Mean episode length: 199.00000 +/- 0.00000
- Mean episode reward: -156.85609 +/- 45.00164

-------------------- Pendulum-v0 Log 139 --------------------
Overall:
- Steps: 139200
- Episodes: 695
Last 5 Episodes:
- Mean episode length: 199.00000 +/- 0.00000
- Mean episode reward: -517.67317 +/- 382.09615
Last 1000 Steps:
- Mean episode length: 199.00000 +/- 0.00000
- Mean episode reward: -517.67317 +/- 382.09615

-------------------- Pendulum-v0 Log 140 --------------------
Overall:
- Steps: 140200
- Episodes: 700
Last 5 Episodes:
- Mean episode length: 199.00000 +/- 0.00000
- Mean episode reward: -435.73384 +/- 316.31923
Last 1000 Steps:
- Mean episode length: 199.00000 +/- 0.00000
- Mean episode reward: -435.73384 +/- 316.31923

-------------------- Pendulum-v0 Log 141 --------------------
Overall:
- Steps: 141200
- Episodes: 705
Last 5 Episodes:
- Mean episode length: 199.00000 +/- 0.00000
- Mean episode reward: -207.92975 +/- 56.03270
Last 1000 Steps:
- Mean episode length: 199.00000 +/- 0.00000
- Mean episode reward: -207.92975 +/- 56.03270

-------------------- Pendulum-v0 Log 142 --------------------
Overall:
- Steps: 142200
- Episodes: 710
Last 5 Episodes:
- Mean episode length: 199.00000 +/- 0.00000
- Mean episode reward: -386.41749 +/- 286.70656
Last 1000 Steps:
- Mean episode length: 199.00000 +/- 0.00000
- Mean episode reward: -386.41749 +/- 286.70656

-------------------- Pendulum-v0 Log 143 --------------------
Overall:
- Steps: 143200
- Episodes: 715
Last 5 Episodes:
- Mean episode length: 199.00000 +/- 0.00000
- Mean episode reward: -208.30746 +/- 92.28726
Last 1000 Steps:
- Mean episode length: 199.00000 +/- 0.00000
- Mean episode reward: -208.30746 +/- 92.28726

-------------------- Pendulum-v0 Log 144 --------------------
Overall:
- Steps: 144200
- Episodes: 720
Last 5 Episodes:
- Mean episode length: 199.00000 +/- 0.00000
- Mean episode reward: -336.37939 +/- 295.53809
Last 1000 Steps:
- Mean episode length: 199.00000 +/- 0.00000
- Mean episode reward: -336.37939 +/- 295.53809

-------------------- Pendulum-v0 Log 145 --------------------
Overall:
- Steps: 145200
- Episodes: 725
Last 5 Episodes:
- Mean episode length: 199.00000 +/- 0.00000
- Mean episode reward: -259.68041 +/- 154.76961
Last 1000 Steps:
- Mean episode length: 199.00000 +/- 0.00000
- Mean episode reward: -259.68041 +/- 154.76961

-------------------- Pendulum-v0 Log 146 --------------------
Overall:
- Steps: 146200
- Episodes: 730
Last 5 Episodes:
- Mean episode length: 199.00000 +/- 0.00000
- Mean episode reward: -236.64621 +/- 89.94306
Last 1000 Steps:
- Mean episode length: 199.00000 +/- 0.00000
- Mean episode reward: -236.64621 +/- 89.94306

-------------------- Pendulum-v0 Log 147 --------------------
Overall:
- Steps: 147200
- Episodes: 735
Last 5 Episodes:
- Mean episode length: 199.00000 +/- 0.00000
- Mean episode reward: -320.90871 +/- 186.61132
Last 1000 Steps:
- Mean episode length: 199.00000 +/- 0.00000
- Mean episode reward: -320.90871 +/- 186.61132

-------------------- Pendulum-v0 Log 148 --------------------
Overall:
- Steps: 148200
- Episodes: 740
Last 5 Episodes:
- Mean episode length: 199.00000 +/- 0.00000
- Mean episode reward: -229.17262 +/- 84.87171
Last 1000 Steps:
- Mean episode length: 199.00000 +/- 0.00000
- Mean episode reward: -229.17262 +/- 84.87171

-------------------- Pendulum-v0 Log 149 --------------------
Overall:
- Steps: 149200
- Episodes: 745
Last 5 Episodes:
- Mean episode length: 199.00000 +/- 0.00000
- Mean episode reward: -470.63501 +/- 253.86650
Last 1000 Steps:
- Mean episode length: 199.00000 +/- 0.00000
- Mean episode reward: -470.63501 +/- 253.86650

-------------------- Pendulum-v0 Log 150 --------------------
Overall:
- Steps: 150200
- Episodes: 750
Last 5 Episodes:
- Mean episode length: 199.00000 +/- 0.00000
- Mean episode reward: -111.04558 +/- 88.22573
Last 1000 Steps:
- Mean episode length: 199.00000 +/- 0.00000
- Mean episode reward: -111.04558 +/- 88.22573

-------------------- Pendulum-v0 Log 151 --------------------
Overall:
- Steps: 151200
- Episodes: 755
Last 5 Episodes:
- Mean episode length: 199.00000 +/- 0.00000
- Mean episode reward: -660.08522 +/- 234.00648
Last 1000 Steps:
- Mean episode length: 199.00000 +/- 0.00000
- Mean episode reward: -660.08522 +/- 234.00648

-------------------- Pendulum-v0 Log 152 --------------------
Overall:
- Steps: 152200
- Episodes: 760
Last 5 Episodes:
- Mean episode length: 199.00000 +/- 0.00000
- Mean episode reward: -787.58336 +/- 334.48612
Last 1000 Steps:
- Mean episode length: 199.00000 +/- 0.00000
- Mean episode reward: -787.58336 +/- 334.48612

-------------------- Pendulum-v0 Log 153 --------------------
Overall:
- Steps: 153200
- Episodes: 765
Last 5 Episodes:
- Mean episode length: 199.00000 +/- 0.00000
- Mean episode reward: -558.14735 +/- 289.73922
Last 1000 Steps:
- Mean episode length: 199.00000 +/- 0.00000
- Mean episode reward: -558.14735 +/- 289.73922

-------------------- Pendulum-v0 Log 154 --------------------
Overall:
- Steps: 154200
- Episodes: 770
Last 5 Episodes:
- Mean episode length: 199.00000 +/- 0.00000
- Mean episode reward: -777.75390 +/- 162.30514
Last 1000 Steps:
- Mean episode length: 199.00000 +/- 0.00000
- Mean episode reward: -777.75390 +/- 162.30514

-------------------- Pendulum-v0 Log 155 --------------------
Overall:
- Steps: 155200
- Episodes: 775
Last 5 Episodes:
- Mean episode length: 199.00000 +/- 0.00000
- Mean episode reward: -644.11991 +/- 238.95472
Last 1000 Steps:
- Mean episode length: 199.00000 +/- 0.00000
- Mean episode reward: -644.11991 +/- 238.95472

-------------------- Pendulum-v0 Log 156 --------------------
Overall:
- Steps: 156200
- Episodes: 780
Last 5 Episodes:
- Mean episode length: 199.00000 +/- 0.00000
- Mean episode reward: -232.99876 +/- 119.49557
Last 1000 Steps:
- Mean episode length: 199.00000 +/- 0.00000
- Mean episode reward: -232.99876 +/- 119.49557

-------------------- Pendulum-v0 Log 157 --------------------
Overall:
- Steps: 157200
- Episodes: 785
Last 5 Episodes:
- Mean episode length: 199.00000 +/- 0.00000
- Mean episode reward: -355.50403 +/- 309.52430
Last 1000 Steps:
- Mean episode length: 199.00000 +/- 0.00000
- Mean episode reward: -355.50403 +/- 309.52430

-------------------- Pendulum-v0 Log 158 --------------------
Overall:
- Steps: 158200
- Episodes: 790
Last 5 Episodes:
- Mean episode length: 199.00000 +/- 0.00000
- Mean episode reward: -343.26832 +/- 198.97194
Last 1000 Steps:
- Mean episode length: 199.00000 +/- 0.00000
- Mean episode reward: -343.26832 +/- 198.97194

-------------------- Pendulum-v0 Log 159 --------------------
Overall:
- Steps: 159200
- Episodes: 795
Last 5 Episodes:
- Mean episode length: 199.00000 +/- 0.00000
- Mean episode reward: -400.41168 +/- 269.86358
Last 1000 Steps:
- Mean episode length: 199.00000 +/- 0.00000
- Mean episode reward: -400.41168 +/- 269.86358

-------------------- Pendulum-v0 Log 160 --------------------
Overall:
- Steps: 160200
- Episodes: 800
Last 5 Episodes:
- Mean episode length: 199.00000 +/- 0.00000
- Mean episode reward: -307.82407 +/- 358.67595
Last 1000 Steps:
- Mean episode length: 199.00000 +/- 0.00000
- Mean episode reward: -307.82407 +/- 358.67595

-------------------- Pendulum-v0 Log 161 --------------------
Overall:
- Steps: 161200
- Episodes: 805
Last 5 Episodes:
- Mean episode length: 199.00000 +/- 0.00000
- Mean episode reward: -989.80191 +/- 797.35748
Last 1000 Steps:
- Mean episode length: 199.00000 +/- 0.00000
- Mean episode reward: -989.80191 +/- 797.35748

-------------------- Pendulum-v0 Log 162 --------------------
Overall:
- Steps: 162200
- Episodes: 810
Last 5 Episodes:
- Mean episode length: 199.00000 +/- 0.00000
- Mean episode reward: -180.18855 +/- 163.82967
Last 1000 Steps:
- Mean episode length: 199.00000 +/- 0.00000
- Mean episode reward: -180.18855 +/- 163.82967

-------------------- Pendulum-v0 Log 163 --------------------
Overall:
- Steps: 163200
- Episodes: 815
Last 5 Episodes:
- Mean episode length: 199.00000 +/- 0.00000
- Mean episode reward: -673.92486 +/- 466.54308
Last 1000 Steps:
- Mean episode length: 199.00000 +/- 0.00000
- Mean episode reward: -673.92486 +/- 466.54308

-------------------- Pendulum-v0 Log 164 --------------------
Overall:
- Steps: 164200
- Episodes: 820
Last 5 Episodes:
- Mean episode length: 199.00000 +/- 0.00000
- Mean episode reward: -402.16043 +/- 269.59202
Last 1000 Steps:
- Mean episode length: 199.00000 +/- 0.00000
- Mean episode reward: -402.16043 +/- 269.59202

-------------------- Pendulum-v0 Log 165 --------------------
Overall:
- Steps: 165200
- Episodes: 825
Last 5 Episodes:
- Mean episode length: 199.00000 +/- 0.00000
- Mean episode reward: -471.49849 +/- 308.15025
Last 1000 Steps:
- Mean episode length: 199.00000 +/- 0.00000
- Mean episode reward: -471.49849 +/- 308.15025

-------------------- Pendulum-v0 Log 166 --------------------
Overall:
- Steps: 166200
- Episodes: 830
Last 5 Episodes:
- Mean episode length: 199.00000 +/- 0.00000
- Mean episode reward: -157.60901 +/- 47.72704
Last 1000 Steps:
- Mean episode length: 199.00000 +/- 0.00000
- Mean episode reward: -157.60901 +/- 47.72704

-------------------- Pendulum-v0 Log 167 --------------------
Overall:
- Steps: 167200
- Episodes: 835
Last 5 Episodes:
- Mean episode length: 199.00000 +/- 0.00000
- Mean episode reward: -448.95799 +/- 251.16676
Last 1000 Steps:
- Mean episode length: 199.00000 +/- 0.00000
- Mean episode reward: -448.95799 +/- 251.16676

-------------------- Pendulum-v0 Log 168 --------------------
Overall:
- Steps: 168200
- Episodes: 840
Last 5 Episodes:
- Mean episode length: 199.00000 +/- 0.00000
- Mean episode reward: -407.13919 +/- 349.84493
Last 1000 Steps:
- Mean episode length: 199.00000 +/- 0.00000
- Mean episode reward: -407.13919 +/- 349.84493

-------------------- Pendulum-v0 Log 169 --------------------
Overall:
- Steps: 169200
- Episodes: 845
Last 5 Episodes:
- Mean episode length: 199.00000 +/- 0.00000
- Mean episode reward: -199.71857 +/- 57.25004
Last 1000 Steps:
- Mean episode length: 199.00000 +/- 0.00000
- Mean episode reward: -199.71857 +/- 57.25004

-------------------- Pendulum-v0 Log 170 --------------------
Overall:
- Steps: 170200
- Episodes: 850
Last 5 Episodes:
- Mean episode length: 199.00000 +/- 0.00000
- Mean episode reward: -175.85709 +/- 217.08308
Last 1000 Steps:
- Mean episode length: 199.00000 +/- 0.00000
- Mean episode reward: -175.85709 +/- 217.08308

-------------------- Pendulum-v0 Log 171 --------------------
Overall:
- Steps: 171200
- Episodes: 855
Last 5 Episodes:
- Mean episode length: 199.00000 +/- 0.00000
- Mean episode reward: -365.41297 +/- 244.10097
Last 1000 Steps:
- Mean episode length: 199.00000 +/- 0.00000
- Mean episode reward: -365.41297 +/- 244.10097

-------------------- Pendulum-v0 Log 172 --------------------
Overall:
- Steps: 172200
- Episodes: 860
Last 5 Episodes:
- Mean episode length: 199.00000 +/- 0.00000
- Mean episode reward: -128.29975 +/- 73.12456
Last 1000 Steps:
- Mean episode length: 199.00000 +/- 0.00000
- Mean episode reward: -128.29975 +/- 73.12456

-------------------- Pendulum-v0 Log 173 --------------------
Overall:
- Steps: 173200
- Episodes: 865
Last 5 Episodes:
- Mean episode length: 199.00000 +/- 0.00000
- Mean episode reward: -225.79250 +/- 117.59506
Last 1000 Steps:
- Mean episode length: 199.00000 +/- 0.00000
- Mean episode reward: -225.79250 +/- 117.59506

-------------------- Pendulum-v0 Log 174 --------------------
Overall:
- Steps: 174200
- Episodes: 870
Last 5 Episodes:
- Mean episode length: 199.00000 +/- 0.00000
- Mean episode reward: -282.36752 +/- 201.23119
Last 1000 Steps:
- Mean episode length: 199.00000 +/- 0.00000
- Mean episode reward: -282.36752 +/- 201.23119

-------------------- Pendulum-v0 Log 175 --------------------
Overall:
- Steps: 175200
- Episodes: 875
Last 5 Episodes:
- Mean episode length: 199.00000 +/- 0.00000
- Mean episode reward: -232.79257 +/- 221.20183
Last 1000 Steps:
- Mean episode length: 199.00000 +/- 0.00000
- Mean episode reward: -232.79257 +/- 221.20183

-------------------- Pendulum-v0 Log 176 --------------------
Overall:
- Steps: 176200
- Episodes: 880
Last 5 Episodes:
- Mean episode length: 199.00000 +/- 0.00000
- Mean episode reward: -279.52551 +/- 308.03167
Last 1000 Steps:
- Mean episode length: 199.00000 +/- 0.00000
- Mean episode reward: -279.52551 +/- 308.03167

-------------------- Pendulum-v0 Log 177 --------------------
Overall:
- Steps: 177200
- Episodes: 885
Last 5 Episodes:
- Mean episode length: 199.00000 +/- 0.00000
- Mean episode reward: -311.72716 +/- 140.87097
Last 1000 Steps:
- Mean episode length: 199.00000 +/- 0.00000
- Mean episode reward: -311.72716 +/- 140.87097

-------------------- Pendulum-v0 Log 178 --------------------
Overall:
- Steps: 178200
- Episodes: 890
Last 5 Episodes:
- Mean episode length: 199.00000 +/- 0.00000
- Mean episode reward: -516.98745 +/- 220.22231
Last 1000 Steps:
- Mean episode length: 199.00000 +/- 0.00000
- Mean episode reward: -516.98745 +/- 220.22231

-------------------- Pendulum-v0 Log 179 --------------------
Overall:
- Steps: 179200
- Episodes: 895
Last 5 Episodes:
- Mean episode length: 199.00000 +/- 0.00000
- Mean episode reward: -512.40671 +/- 390.43900
Last 1000 Steps:
- Mean episode length: 199.00000 +/- 0.00000
- Mean episode reward: -512.40671 +/- 390.43900

-------------------- Pendulum-v0 Log 180 --------------------
Overall:
- Steps: 180200
- Episodes: 900
Last 5 Episodes:
- Mean episode length: 199.00000 +/- 0.00000
- Mean episode reward: -272.78945 +/- 145.54104
Last 1000 Steps:
- Mean episode length: 199.00000 +/- 0.00000
- Mean episode reward: -272.78945 +/- 145.54104

-------------------- Pendulum-v0 Log 181 --------------------
Overall:
- Steps: 181200
- Episodes: 905
Last 5 Episodes:
- Mean episode length: 199.00000 +/- 0.00000
- Mean episode reward: -293.86077 +/- 166.74132
Last 1000 Steps:
- Mean episode length: 199.00000 +/- 0.00000
- Mean episode reward: -293.86077 +/- 166.74132

-------------------- Pendulum-v0 Log 182 --------------------
Overall:
- Steps: 182200
- Episodes: 910
Last 5 Episodes:
- Mean episode length: 199.00000 +/- 0.00000
- Mean episode reward: -218.19953 +/- 248.62237
Last 1000 Steps:
- Mean episode length: 199.00000 +/- 0.00000
- Mean episode reward: -218.19953 +/- 248.62237

-------------------- Pendulum-v0 Log 183 --------------------
Overall:
- Steps: 183200
- Episodes: 915
Last 5 Episodes:
- Mean episode length: 199.00000 +/- 0.00000
- Mean episode reward: -341.18474 +/- 217.85329
Last 1000 Steps:
- Mean episode length: 199.00000 +/- 0.00000
- Mean episode reward: -341.18474 +/- 217.85329

-------------------- Pendulum-v0 Log 184 --------------------
Overall:
- Steps: 184200
- Episodes: 920
Last 5 Episodes:
- Mean episode length: 199.00000 +/- 0.00000
- Mean episode reward: -415.73858 +/- 159.98318
Last 1000 Steps:
- Mean episode length: 199.00000 +/- 0.00000
- Mean episode reward: -415.73858 +/- 159.98318

-------------------- Pendulum-v0 Log 185 --------------------
Overall:
- Steps: 185200
- Episodes: 925
Last 5 Episodes:
- Mean episode length: 199.00000 +/- 0.00000
- Mean episode reward: -303.07131 +/- 154.63673
Last 1000 Steps:
- Mean episode length: 199.00000 +/- 0.00000
- Mean episode reward: -303.07131 +/- 154.63673

-------------------- Pendulum-v0 Log 186 --------------------
Overall:
- Steps: 186200
- Episodes: 930
Last 5 Episodes:
- Mean episode length: 199.00000 +/- 0.00000
- Mean episode reward: -251.67486 +/- 134.41200
Last 1000 Steps:
- Mean episode length: 199.00000 +/- 0.00000
- Mean episode reward: -251.67486 +/- 134.41200

-------------------- Pendulum-v0 Log 187 --------------------
Overall:
- Steps: 187200
- Episodes: 935
Last 5 Episodes:
- Mean episode length: 199.00000 +/- 0.00000
- Mean episode reward: -546.50271 +/- 396.43900
Last 1000 Steps:
- Mean episode length: 199.00000 +/- 0.00000
- Mean episode reward: -546.50271 +/- 396.43900

-------------------- Pendulum-v0 Log 188 --------------------
Overall:
- Steps: 188200
- Episodes: 940
Last 5 Episodes:
- Mean episode length: 199.00000 +/- 0.00000
- Mean episode reward: -301.56427 +/- 230.71925
Last 1000 Steps:
- Mean episode length: 199.00000 +/- 0.00000
- Mean episode reward: -301.56427 +/- 230.71925

-------------------- Pendulum-v0 Log 189 --------------------
Overall:
- Steps: 189200
- Episodes: 945
Last 5 Episodes:
- Mean episode length: 199.00000 +/- 0.00000
- Mean episode reward: -248.36766 +/- 77.13340
Last 1000 Steps:
- Mean episode length: 199.00000 +/- 0.00000
- Mean episode reward: -248.36766 +/- 77.13340

-------------------- Pendulum-v0 Log 190 --------------------
Overall:
- Steps: 190200
- Episodes: 950
Last 5 Episodes:
- Mean episode length: 199.00000 +/- 0.00000
- Mean episode reward: -310.28338 +/- 193.64493
Last 1000 Steps:
- Mean episode length: 199.00000 +/- 0.00000
- Mean episode reward: -310.28338 +/- 193.64493

-------------------- Pendulum-v0 Log 191 --------------------
Overall:
- Steps: 191200
- Episodes: 955
Last 5 Episodes:
- Mean episode length: 199.00000 +/- 0.00000
- Mean episode reward: -366.64530 +/- 374.35258
Last 1000 Steps:
- Mean episode length: 199.00000 +/- 0.00000
- Mean episode reward: -366.64530 +/- 374.35258

-------------------- Pendulum-v0 Log 192 --------------------
Overall:
- Steps: 192200
- Episodes: 960
Last 5 Episodes:
- Mean episode length: 199.00000 +/- 0.00000
- Mean episode reward: -178.07082 +/- 92.86588
Last 1000 Steps:
- Mean episode length: 199.00000 +/- 0.00000
- Mean episode reward: -178.07082 +/- 92.86588

-------------------- Pendulum-v0 Log 193 --------------------
Overall:
- Steps: 193200
- Episodes: 965
Last 5 Episodes:
- Mean episode length: 199.00000 +/- 0.00000
- Mean episode reward: -315.14955 +/- 89.73469
Last 1000 Steps:
- Mean episode length: 199.00000 +/- 0.00000
- Mean episode reward: -315.14955 +/- 89.73469

-------------------- Pendulum-v0 Log 194 --------------------
Overall:
- Steps: 194200
- Episodes: 970
Last 5 Episodes:
- Mean episode length: 199.00000 +/- 0.00000
- Mean episode reward: -326.65715 +/- 214.54893
Last 1000 Steps:
- Mean episode length: 199.00000 +/- 0.00000
- Mean episode reward: -326.65715 +/- 214.54893

-------------------- Pendulum-v0 Log 195 --------------------
Overall:
- Steps: 195200
- Episodes: 975
Last 5 Episodes:
- Mean episode length: 199.00000 +/- 0.00000
- Mean episode reward: -373.18408 +/- 112.86848
Last 1000 Steps:
- Mean episode length: 199.00000 +/- 0.00000
- Mean episode reward: -373.18408 +/- 112.86848

-------------------- Pendulum-v0 Log 196 --------------------
Overall:
- Steps: 196200
- Episodes: 980
Last 5 Episodes:
- Mean episode length: 199.00000 +/- 0.00000
- Mean episode reward: -506.29548 +/- 306.16747
Last 1000 Steps:
- Mean episode length: 199.00000 +/- 0.00000
- Mean episode reward: -506.29548 +/- 306.16747

-------------------- Pendulum-v0 Log 197 --------------------
Overall:
- Steps: 197200
- Episodes: 985
Last 5 Episodes:
- Mean episode length: 199.00000 +/- 0.00000
- Mean episode reward: -488.55769 +/- 395.55133
Last 1000 Steps:
- Mean episode length: 199.00000 +/- 0.00000
- Mean episode reward: -488.55769 +/- 395.55133

-------------------- Pendulum-v0 Log 198 --------------------
Overall:
- Steps: 198200
- Episodes: 990
Last 5 Episodes:
- Mean episode length: 199.00000 +/- 0.00000
- Mean episode reward: -347.51924 +/- 319.83657
Last 1000 Steps:
- Mean episode length: 199.00000 +/- 0.00000
- Mean episode reward: -347.51924 +/- 319.83657

-------------------- Pendulum-v0 Log 199 --------------------
Overall:
- Steps: 199200
- Episodes: 995
Last 5 Episodes:
- Mean episode length: 199.00000 +/- 0.00000
- Mean episode reward: -406.22767 +/- 261.33493
Last 1000 Steps:
- Mean episode length: 199.00000 +/- 0.00000
- Mean episode reward: -406.22767 +/- 261.33493

