-------------------- MountainCar-v0 Log 0 --------------------
Overall:
- Steps: 200
- Episodes: 0
Last 5 Episodes:
- Mean episode length: 199.00000 +/- 0.00000
- Mean episode reward: -199.00000 +/- 0.00000
Last 400 Steps:
- Mean episode length: 199.00000 +/- 0.00000
- Mean episode reward: -199.00000 +/- 0.00000

-------------------- MountainCar-v0 Log 1 --------------------
Overall:
- Steps: 1200
- Episodes: 5
Last 5 Episodes:
- Mean episode length: 199.00000 +/- 0.00000
- Mean episode reward: -199.00000 +/- 0.00000
Last 400 Steps:
- Mean episode length: 199.00000 +/- 0.00000
- Mean episode reward: -199.00000 +/- 0.00000

-------------------- MountainCar-v0 Log 2 --------------------
Overall:
- Steps: 2200
- Episodes: 10
Last 5 Episodes:
- Mean episode length: 199.00000 +/- 0.00000
- Mean episode reward: -199.00000 +/- 0.00000
Last 400 Steps:
- Mean episode length: 199.00000 +/- 0.00000
- Mean episode reward: -199.00000 +/- 0.00000

-------------------- MountainCar-v0 Log 3 --------------------
Overall:
- Steps: 3115
- Episodes: 15
Last 5 Episodes:
- Mean episode length: 182.00000 +/- 34.00000
- Mean episode reward: -182.00000 +/- 34.00000
Last 400 Steps:
- Mean episode length: 199.00000 +/- 0.00000
- Mean episode reward: -199.00000 +/- 0.00000

-------------------- MountainCar-v0 Log 4 --------------------
Overall:
- Steps: 4115
- Episodes: 20
Last 5 Episodes:
- Mean episode length: 199.00000 +/- 0.00000
- Mean episode reward: -199.00000 +/- 0.00000
Last 400 Steps:
- Mean episode length: 199.00000 +/- 0.00000
- Mean episode reward: -199.00000 +/- 0.00000

-------------------- MountainCar-v0 Log 5 --------------------
Overall:
- Steps: 5115
- Episodes: 25
Last 5 Episodes:
- Mean episode length: 199.00000 +/- 0.00000
- Mean episode reward: -199.00000 +/- 0.00000
Last 400 Steps:
- Mean episode length: 199.00000 +/- 0.00000
- Mean episode reward: -199.00000 +/- 0.00000

-------------------- MountainCar-v0 Log 6 --------------------
Overall:
- Steps: 6115
- Episodes: 30
Last 5 Episodes:
- Mean episode length: 199.00000 +/- 0.00000
- Mean episode reward: -199.00000 +/- 0.00000
Last 400 Steps:
- Mean episode length: 199.00000 +/- 0.00000
- Mean episode reward: -199.00000 +/- 0.00000

-------------------- MountainCar-v0 Log 7 --------------------
Overall:
- Steps: 7115
- Episodes: 35
Last 5 Episodes:
- Mean episode length: 199.00000 +/- 0.00000
- Mean episode reward: -199.00000 +/- 0.00000
Last 400 Steps:
- Mean episode length: 199.00000 +/- 0.00000
- Mean episode reward: -199.00000 +/- 0.00000

-------------------- MountainCar-v0 Log 8 --------------------
Overall:
- Steps: 8115
- Episodes: 40
Last 5 Episodes:
- Mean episode length: 199.00000 +/- 0.00000
- Mean episode reward: -199.00000 +/- 0.00000
Last 400 Steps:
- Mean episode length: 199.00000 +/- 0.00000
- Mean episode reward: -199.00000 +/- 0.00000

-------------------- MountainCar-v0 Log 9 --------------------
Overall:
- Steps: 9115
- Episodes: 45
Last 5 Episodes:
- Mean episode length: 199.00000 +/- 0.00000
- Mean episode reward: -199.00000 +/- 0.00000
Last 400 Steps:
- Mean episode length: 199.00000 +/- 0.00000
- Mean episode reward: -199.00000 +/- 0.00000

-------------------- MountainCar-v0 Log 10 --------------------
Overall:
- Steps: 10115
- Episodes: 50
Last 5 Episodes:
- Mean episode length: 199.00000 +/- 0.00000
- Mean episode reward: -199.00000 +/- 0.00000
Last 400 Steps:
- Mean episode length: 199.00000 +/- 0.00000
- Mean episode reward: -199.00000 +/- 0.00000

-------------------- MountainCar-v0 Log 11 --------------------
Overall:
- Steps: 11115
- Episodes: 55
Last 5 Episodes:
- Mean episode length: 199.00000 +/- 0.00000
- Mean episode reward: -199.00000 +/- 0.00000
Last 400 Steps:
- Mean episode length: 199.00000 +/- 0.00000
- Mean episode reward: -199.00000 +/- 0.00000

-------------------- MountainCar-v0 Log 12 --------------------
Overall:
- Steps: 12115
- Episodes: 60
Last 5 Episodes:
- Mean episode length: 199.00000 +/- 0.00000
- Mean episode reward: -199.00000 +/- 0.00000
Last 400 Steps:
- Mean episode length: 199.00000 +/- 0.00000
- Mean episode reward: -199.00000 +/- 0.00000

-------------------- MountainCar-v0 Log 13 --------------------
Overall:
- Steps: 13115
- Episodes: 65
Last 5 Episodes:
- Mean episode length: 199.00000 +/- 0.00000
- Mean episode reward: -199.00000 +/- 0.00000
Last 400 Steps:
- Mean episode length: 199.00000 +/- 0.00000
- Mean episode reward: -199.00000 +/- 0.00000

-------------------- MountainCar-v0 Log 14 --------------------
Overall:
- Steps: 14115
- Episodes: 70
Last 5 Episodes:
- Mean episode length: 199.00000 +/- 0.00000
- Mean episode reward: -199.00000 +/- 0.00000
Last 400 Steps:
- Mean episode length: 199.00000 +/- 0.00000
- Mean episode reward: -199.00000 +/- 0.00000

-------------------- MountainCar-v0 Log 15 --------------------
Overall:
- Steps: 15115
- Episodes: 75
Last 5 Episodes:
- Mean episode length: 199.00000 +/- 0.00000
- Mean episode reward: -199.00000 +/- 0.00000
Last 400 Steps:
- Mean episode length: 199.00000 +/- 0.00000
- Mean episode reward: -199.00000 +/- 0.00000

-------------------- MountainCar-v0 Log 16 --------------------
Overall:
- Steps: 16115
- Episodes: 80
Last 5 Episodes:
- Mean episode length: 199.00000 +/- 0.00000
- Mean episode reward: -199.00000 +/- 0.00000
Last 400 Steps:
- Mean episode length: 199.00000 +/- 0.00000
- Mean episode reward: -199.00000 +/- 0.00000

-------------------- MountainCar-v0 Log 17 --------------------
Overall:
- Steps: 17115
- Episodes: 85
Last 5 Episodes:
- Mean episode length: 199.00000 +/- 0.00000
- Mean episode reward: -199.00000 +/- 0.00000
Last 400 Steps:
- Mean episode length: 199.00000 +/- 0.00000
- Mean episode reward: -199.00000 +/- 0.00000

-------------------- MountainCar-v0 Log 18 --------------------
Overall:
- Steps: 18115
- Episodes: 90
Last 5 Episodes:
- Mean episode length: 199.00000 +/- 0.00000
- Mean episode reward: -199.00000 +/- 0.00000
Last 400 Steps:
- Mean episode length: 199.00000 +/- 0.00000
- Mean episode reward: -199.00000 +/- 0.00000

-------------------- MountainCar-v0 Log 19 --------------------
Overall:
- Steps: 19115
- Episodes: 95
Last 5 Episodes:
- Mean episode length: 199.00000 +/- 0.00000
- Mean episode reward: -199.00000 +/- 0.00000
Last 400 Steps:
- Mean episode length: 199.00000 +/- 0.00000
- Mean episode reward: -199.00000 +/- 0.00000

-------------------- MountainCar-v0 Log 20 --------------------
Overall:
- Steps: 20115
- Episodes: 100
Last 5 Episodes:
- Mean episode length: 199.00000 +/- 0.00000
- Mean episode reward: -199.00000 +/- 0.00000
Last 400 Steps:
- Mean episode length: 199.00000 +/- 0.00000
- Mean episode reward: -199.00000 +/- 0.00000

-------------------- MountainCar-v0 Log 21 --------------------
Overall:
- Steps: 21115
- Episodes: 105
Last 5 Episodes:
- Mean episode length: 199.00000 +/- 0.00000
- Mean episode reward: -199.00000 +/- 0.00000
Last 400 Steps:
- Mean episode length: 199.00000 +/- 0.00000
- Mean episode reward: -199.00000 +/- 0.00000

-------------------- MountainCar-v0 Log 22 --------------------
Overall:
- Steps: 22115
- Episodes: 110
Last 5 Episodes:
- Mean episode length: 199.00000 +/- 0.00000
- Mean episode reward: -199.00000 +/- 0.00000
Last 400 Steps:
- Mean episode length: 199.00000 +/- 0.00000
- Mean episode reward: -199.00000 +/- 0.00000

-------------------- MountainCar-v0 Log 23 --------------------
Overall:
- Steps: 23115
- Episodes: 115
Last 5 Episodes:
- Mean episode length: 199.00000 +/- 0.00000
- Mean episode reward: -199.00000 +/- 0.00000
Last 400 Steps:
- Mean episode length: 199.00000 +/- 0.00000
- Mean episode reward: -199.00000 +/- 0.00000

-------------------- MountainCar-v0 Log 24 --------------------
Overall:
- Steps: 24115
- Episodes: 120
Last 5 Episodes:
- Mean episode length: 199.00000 +/- 0.00000
- Mean episode reward: -199.00000 +/- 0.00000
Last 400 Steps:
- Mean episode length: 199.00000 +/- 0.00000
- Mean episode reward: -199.00000 +/- 0.00000

-------------------- MountainCar-v0 Log 25 --------------------
Overall:
- Steps: 25115
- Episodes: 125
Last 5 Episodes:
- Mean episode length: 199.00000 +/- 0.00000
- Mean episode reward: -199.00000 +/- 0.00000
Last 400 Steps:
- Mean episode length: 199.00000 +/- 0.00000
- Mean episode reward: -199.00000 +/- 0.00000

-------------------- MountainCar-v0 Log 26 --------------------
Overall:
- Steps: 26115
- Episodes: 130
Last 5 Episodes:
- Mean episode length: 199.00000 +/- 0.00000
- Mean episode reward: -199.00000 +/- 0.00000
Last 400 Steps:
- Mean episode length: 199.00000 +/- 0.00000
- Mean episode reward: -199.00000 +/- 0.00000

-------------------- MountainCar-v0 Log 27 --------------------
Overall:
- Steps: 27115
- Episodes: 135
Last 5 Episodes:
- Mean episode length: 199.00000 +/- 0.00000
- Mean episode reward: -199.00000 +/- 0.00000
Last 400 Steps:
- Mean episode length: 199.00000 +/- 0.00000
- Mean episode reward: -199.00000 +/- 0.00000

-------------------- MountainCar-v0 Log 28 --------------------
Overall:
- Steps: 28115
- Episodes: 140
Last 5 Episodes:
- Mean episode length: 199.00000 +/- 0.00000
- Mean episode reward: -199.00000 +/- 0.00000
Last 400 Steps:
- Mean episode length: 199.00000 +/- 0.00000
- Mean episode reward: -199.00000 +/- 0.00000

-------------------- MountainCar-v0 Log 29 --------------------
Overall:
- Steps: 29115
- Episodes: 145
Last 5 Episodes:
- Mean episode length: 199.00000 +/- 0.00000
- Mean episode reward: -199.00000 +/- 0.00000
Last 400 Steps:
- Mean episode length: 199.00000 +/- 0.00000
- Mean episode reward: -199.00000 +/- 0.00000

-------------------- MountainCar-v0 Log 30 --------------------
Overall:
- Steps: 30115
- Episodes: 150
Last 5 Episodes:
- Mean episode length: 199.00000 +/- 0.00000
- Mean episode reward: -199.00000 +/- 0.00000
Last 400 Steps:
- Mean episode length: 199.00000 +/- 0.00000
- Mean episode reward: -199.00000 +/- 0.00000

-------------------- MountainCar-v0 Log 31 --------------------
Overall:
- Steps: 31115
- Episodes: 155
Last 5 Episodes:
- Mean episode length: 199.00000 +/- 0.00000
- Mean episode reward: -199.00000 +/- 0.00000
Last 400 Steps:
- Mean episode length: 199.00000 +/- 0.00000
- Mean episode reward: -199.00000 +/- 0.00000

-------------------- MountainCar-v0 Log 32 --------------------
Overall:
- Steps: 32115
- Episodes: 160
Last 5 Episodes:
- Mean episode length: 199.00000 +/- 0.00000
- Mean episode reward: -199.00000 +/- 0.00000
Last 400 Steps:
- Mean episode length: 199.00000 +/- 0.00000
- Mean episode reward: -199.00000 +/- 0.00000

-------------------- MountainCar-v0 Log 33 --------------------
Overall:
- Steps: 33115
- Episodes: 165
Last 5 Episodes:
- Mean episode length: 199.00000 +/- 0.00000
- Mean episode reward: -199.00000 +/- 0.00000
Last 400 Steps:
- Mean episode length: 199.00000 +/- 0.00000
- Mean episode reward: -199.00000 +/- 0.00000

-------------------- MountainCar-v0 Log 34 --------------------
Overall:
- Steps: 34115
- Episodes: 170
Last 5 Episodes:
- Mean episode length: 199.00000 +/- 0.00000
- Mean episode reward: -199.00000 +/- 0.00000
Last 400 Steps:
- Mean episode length: 199.00000 +/- 0.00000
- Mean episode reward: -199.00000 +/- 0.00000

-------------------- MountainCar-v0 Log 35 --------------------
Overall:
- Steps: 35115
- Episodes: 175
Last 5 Episodes:
- Mean episode length: 199.00000 +/- 0.00000
- Mean episode reward: -199.00000 +/- 0.00000
Last 400 Steps:
- Mean episode length: 199.00000 +/- 0.00000
- Mean episode reward: -199.00000 +/- 0.00000

-------------------- MountainCar-v0 Log 36 --------------------
Overall:
- Steps: 36115
- Episodes: 180
Last 5 Episodes:
- Mean episode length: 199.00000 +/- 0.00000
- Mean episode reward: -199.00000 +/- 0.00000
Last 400 Steps:
- Mean episode length: 199.00000 +/- 0.00000
- Mean episode reward: -199.00000 +/- 0.00000

-------------------- MountainCar-v0 Log 37 --------------------
Overall:
- Steps: 37115
- Episodes: 185
Last 5 Episodes:
- Mean episode length: 199.00000 +/- 0.00000
- Mean episode reward: -199.00000 +/- 0.00000
Last 400 Steps:
- Mean episode length: 199.00000 +/- 0.00000
- Mean episode reward: -199.00000 +/- 0.00000

-------------------- MountainCar-v0 Log 38 --------------------
Overall:
- Steps: 38115
- Episodes: 190
Last 5 Episodes:
- Mean episode length: 199.00000 +/- 0.00000
- Mean episode reward: -199.00000 +/- 0.00000
Last 400 Steps:
- Mean episode length: 199.00000 +/- 0.00000
- Mean episode reward: -199.00000 +/- 0.00000

-------------------- MountainCar-v0 Log 39 --------------------
Overall:
- Steps: 39115
- Episodes: 195
Last 5 Episodes:
- Mean episode length: 199.00000 +/- 0.00000
- Mean episode reward: -199.00000 +/- 0.00000
Last 400 Steps:
- Mean episode length: 199.00000 +/- 0.00000
- Mean episode reward: -199.00000 +/- 0.00000

-------------------- MountainCar-v0 Log 40 --------------------
Overall:
- Steps: 40115
- Episodes: 200
Last 5 Episodes:
- Mean episode length: 199.00000 +/- 0.00000
- Mean episode reward: -199.00000 +/- 0.00000
Last 400 Steps:
- Mean episode length: 199.00000 +/- 0.00000
- Mean episode reward: -199.00000 +/- 0.00000

-------------------- MountainCar-v0 Log 41 --------------------
Overall:
- Steps: 41115
- Episodes: 205
Last 5 Episodes:
- Mean episode length: 199.00000 +/- 0.00000
- Mean episode reward: -199.00000 +/- 0.00000
Last 400 Steps:
- Mean episode length: 199.00000 +/- 0.00000
- Mean episode reward: -199.00000 +/- 0.00000

-------------------- MountainCar-v0 Log 42 --------------------
Overall:
- Steps: 42115
- Episodes: 210
Last 5 Episodes:
- Mean episode length: 199.00000 +/- 0.00000
- Mean episode reward: -199.00000 +/- 0.00000
Last 400 Steps:
- Mean episode length: 199.00000 +/- 0.00000
- Mean episode reward: -199.00000 +/- 0.00000

-------------------- MountainCar-v0 Log 43 --------------------
Overall:
- Steps: 43115
- Episodes: 215
Last 5 Episodes:
- Mean episode length: 199.00000 +/- 0.00000
- Mean episode reward: -199.00000 +/- 0.00000
Last 400 Steps:
- Mean episode length: 199.00000 +/- 0.00000
- Mean episode reward: -199.00000 +/- 0.00000

-------------------- MountainCar-v0 Log 44 --------------------
Overall:
- Steps: 44115
- Episodes: 220
Last 5 Episodes:
- Mean episode length: 199.00000 +/- 0.00000
- Mean episode reward: -199.00000 +/- 0.00000
Last 400 Steps:
- Mean episode length: 199.00000 +/- 0.00000
- Mean episode reward: -199.00000 +/- 0.00000

-------------------- MountainCar-v0 Log 45 --------------------
Overall:
- Steps: 45115
- Episodes: 225
Last 5 Episodes:
- Mean episode length: 199.00000 +/- 0.00000
- Mean episode reward: -199.00000 +/- 0.00000
Last 400 Steps:
- Mean episode length: 199.00000 +/- 0.00000
- Mean episode reward: -199.00000 +/- 0.00000

-------------------- MountainCar-v0 Log 46 --------------------
Overall:
- Steps: 46115
- Episodes: 230
Last 5 Episodes:
- Mean episode length: 199.00000 +/- 0.00000
- Mean episode reward: -199.00000 +/- 0.00000
Last 400 Steps:
- Mean episode length: 199.00000 +/- 0.00000
- Mean episode reward: -199.00000 +/- 0.00000

-------------------- MountainCar-v0 Log 47 --------------------
Overall:
- Steps: 47115
- Episodes: 235
Last 5 Episodes:
- Mean episode length: 199.00000 +/- 0.00000
- Mean episode reward: -199.00000 +/- 0.00000
Last 400 Steps:
- Mean episode length: 199.00000 +/- 0.00000
- Mean episode reward: -199.00000 +/- 0.00000

-------------------- MountainCar-v0 Log 48 --------------------
Overall:
- Steps: 48115
- Episodes: 240
Last 5 Episodes:
- Mean episode length: 199.00000 +/- 0.00000
- Mean episode reward: -199.00000 +/- 0.00000
Last 400 Steps:
- Mean episode length: 199.00000 +/- 0.00000
- Mean episode reward: -199.00000 +/- 0.00000

-------------------- MountainCar-v0 Log 49 --------------------
Overall:
- Steps: 49115
- Episodes: 245
Last 5 Episodes:
- Mean episode length: 199.00000 +/- 0.00000
- Mean episode reward: -199.00000 +/- 0.00000
Last 400 Steps:
- Mean episode length: 199.00000 +/- 0.00000
- Mean episode reward: -199.00000 +/- 0.00000

-------------------- MountainCar-v0 Log 50 --------------------
Overall:
- Steps: 50115
- Episodes: 250
Last 5 Episodes:
- Mean episode length: 199.00000 +/- 0.00000
- Mean episode reward: -199.00000 +/- 0.00000
Last 400 Steps:
- Mean episode length: 199.00000 +/- 0.00000
- Mean episode reward: -199.00000 +/- 0.00000

-------------------- MountainCar-v0 Log 51 --------------------
Overall:
- Steps: 51115
- Episodes: 255
Last 5 Episodes:
- Mean episode length: 199.00000 +/- 0.00000
- Mean episode reward: -199.00000 +/- 0.00000
Last 400 Steps:
- Mean episode length: 199.00000 +/- 0.00000
- Mean episode reward: -199.00000 +/- 0.00000

-------------------- MountainCar-v0 Log 52 --------------------
Overall:
- Steps: 52115
- Episodes: 260
Last 5 Episodes:
- Mean episode length: 199.00000 +/- 0.00000
- Mean episode reward: -199.00000 +/- 0.00000
Last 400 Steps:
- Mean episode length: 199.00000 +/- 0.00000
- Mean episode reward: -199.00000 +/- 0.00000

-------------------- MountainCar-v0 Log 53 --------------------
Overall:
- Steps: 53115
- Episodes: 265
Last 5 Episodes:
- Mean episode length: 199.00000 +/- 0.00000
- Mean episode reward: -199.00000 +/- 0.00000
Last 400 Steps:
- Mean episode length: 199.00000 +/- 0.00000
- Mean episode reward: -199.00000 +/- 0.00000

-------------------- MountainCar-v0 Log 54 --------------------
Overall:
- Steps: 54115
- Episodes: 270
Last 5 Episodes:
- Mean episode length: 199.00000 +/- 0.00000
- Mean episode reward: -199.00000 +/- 0.00000
Last 400 Steps:
- Mean episode length: 199.00000 +/- 0.00000
- Mean episode reward: -199.00000 +/- 0.00000

-------------------- MountainCar-v0 Log 55 --------------------
Overall:
- Steps: 55115
- Episodes: 275
Last 5 Episodes:
- Mean episode length: 199.00000 +/- 0.00000
- Mean episode reward: -199.00000 +/- 0.00000
Last 400 Steps:
- Mean episode length: 199.00000 +/- 0.00000
- Mean episode reward: -199.00000 +/- 0.00000

-------------------- MountainCar-v0 Log 56 --------------------
Overall:
- Steps: 56115
- Episodes: 280
Last 5 Episodes:
- Mean episode length: 199.00000 +/- 0.00000
- Mean episode reward: -199.00000 +/- 0.00000
Last 400 Steps:
- Mean episode length: 199.00000 +/- 0.00000
- Mean episode reward: -199.00000 +/- 0.00000

-------------------- MountainCar-v0 Log 57 --------------------
Overall:
- Steps: 57115
- Episodes: 285
Last 5 Episodes:
- Mean episode length: 199.00000 +/- 0.00000
- Mean episode reward: -199.00000 +/- 0.00000
Last 400 Steps:
- Mean episode length: 199.00000 +/- 0.00000
- Mean episode reward: -199.00000 +/- 0.00000

-------------------- MountainCar-v0 Log 58 --------------------
Overall:
- Steps: 58115
- Episodes: 290
Last 5 Episodes:
- Mean episode length: 199.00000 +/- 0.00000
- Mean episode reward: -199.00000 +/- 0.00000
Last 400 Steps:
- Mean episode length: 199.00000 +/- 0.00000
- Mean episode reward: -199.00000 +/- 0.00000

-------------------- MountainCar-v0 Log 59 --------------------
Overall:
- Steps: 59115
- Episodes: 295
Last 5 Episodes:
- Mean episode length: 199.00000 +/- 0.00000
- Mean episode reward: -199.00000 +/- 0.00000
Last 400 Steps:
- Mean episode length: 199.00000 +/- 0.00000
- Mean episode reward: -199.00000 +/- 0.00000

-------------------- MountainCar-v0 Log 60 --------------------
Overall:
- Steps: 60115
- Episodes: 300
Last 5 Episodes:
- Mean episode length: 199.00000 +/- 0.00000
- Mean episode reward: -199.00000 +/- 0.00000
Last 400 Steps:
- Mean episode length: 199.00000 +/- 0.00000
- Mean episode reward: -199.00000 +/- 0.00000

-------------------- MountainCar-v0 Log 61 --------------------
Overall:
- Steps: 61115
- Episodes: 305
Last 5 Episodes:
- Mean episode length: 199.00000 +/- 0.00000
- Mean episode reward: -199.00000 +/- 0.00000
Last 400 Steps:
- Mean episode length: 199.00000 +/- 0.00000
- Mean episode reward: -199.00000 +/- 0.00000

-------------------- MountainCar-v0 Log 62 --------------------
Overall:
- Steps: 62115
- Episodes: 310
Last 5 Episodes:
- Mean episode length: 199.00000 +/- 0.00000
- Mean episode reward: -199.00000 +/- 0.00000
Last 400 Steps:
- Mean episode length: 199.00000 +/- 0.00000
- Mean episode reward: -199.00000 +/- 0.00000

-------------------- MountainCar-v0 Log 63 --------------------
Overall:
- Steps: 63115
- Episodes: 315
Last 5 Episodes:
- Mean episode length: 199.00000 +/- 0.00000
- Mean episode reward: -199.00000 +/- 0.00000
Last 400 Steps:
- Mean episode length: 199.00000 +/- 0.00000
- Mean episode reward: -199.00000 +/- 0.00000

-------------------- MountainCar-v0 Log 64 --------------------
Overall:
- Steps: 64115
- Episodes: 320
Last 5 Episodes:
- Mean episode length: 199.00000 +/- 0.00000
- Mean episode reward: -199.00000 +/- 0.00000
Last 400 Steps:
- Mean episode length: 199.00000 +/- 0.00000
- Mean episode reward: -199.00000 +/- 0.00000

-------------------- MountainCar-v0 Log 65 --------------------
Overall:
- Steps: 65115
- Episodes: 325
Last 5 Episodes:
- Mean episode length: 199.00000 +/- 0.00000
- Mean episode reward: -199.00000 +/- 0.00000
Last 400 Steps:
- Mean episode length: 199.00000 +/- 0.00000
- Mean episode reward: -199.00000 +/- 0.00000

-------------------- MountainCar-v0 Log 66 --------------------
Overall:
- Steps: 66115
- Episodes: 330
Last 5 Episodes:
- Mean episode length: 199.00000 +/- 0.00000
- Mean episode reward: -199.00000 +/- 0.00000
Last 400 Steps:
- Mean episode length: 199.00000 +/- 0.00000
- Mean episode reward: -199.00000 +/- 0.00000

-------------------- MountainCar-v0 Log 67 --------------------
Overall:
- Steps: 67115
- Episodes: 335
Last 5 Episodes:
- Mean episode length: 199.00000 +/- 0.00000
- Mean episode reward: -199.00000 +/- 0.00000
Last 400 Steps:
- Mean episode length: 199.00000 +/- 0.00000
- Mean episode reward: -199.00000 +/- 0.00000

-------------------- MountainCar-v0 Log 68 --------------------
Overall:
- Steps: 68115
- Episodes: 340
Last 5 Episodes:
- Mean episode length: 199.00000 +/- 0.00000
- Mean episode reward: -199.00000 +/- 0.00000
Last 400 Steps:
- Mean episode length: 199.00000 +/- 0.00000
- Mean episode reward: -199.00000 +/- 0.00000

-------------------- MountainCar-v0 Log 69 --------------------
Overall:
- Steps: 69115
- Episodes: 345
Last 5 Episodes:
- Mean episode length: 199.00000 +/- 0.00000
- Mean episode reward: -199.00000 +/- 0.00000
Last 400 Steps:
- Mean episode length: 199.00000 +/- 0.00000
- Mean episode reward: -199.00000 +/- 0.00000

-------------------- MountainCar-v0 Log 70 --------------------
Overall:
- Steps: 70115
- Episodes: 350
Last 5 Episodes:
- Mean episode length: 199.00000 +/- 0.00000
- Mean episode reward: -199.00000 +/- 0.00000
Last 400 Steps:
- Mean episode length: 199.00000 +/- 0.00000
- Mean episode reward: -199.00000 +/- 0.00000

-------------------- MountainCar-v0 Log 71 --------------------
Overall:
- Steps: 71115
- Episodes: 355
Last 5 Episodes:
- Mean episode length: 199.00000 +/- 0.00000
- Mean episode reward: -199.00000 +/- 0.00000
Last 400 Steps:
- Mean episode length: 199.00000 +/- 0.00000
- Mean episode reward: -199.00000 +/- 0.00000

-------------------- MountainCar-v0 Log 72 --------------------
Overall:
- Steps: 72115
- Episodes: 360
Last 5 Episodes:
- Mean episode length: 199.00000 +/- 0.00000
- Mean episode reward: -199.00000 +/- 0.00000
Last 400 Steps:
- Mean episode length: 199.00000 +/- 0.00000
- Mean episode reward: -199.00000 +/- 0.00000

-------------------- MountainCar-v0 Log 73 --------------------
Overall:
- Steps: 73115
- Episodes: 365
Last 5 Episodes:
- Mean episode length: 199.00000 +/- 0.00000
- Mean episode reward: -199.00000 +/- 0.00000
Last 400 Steps:
- Mean episode length: 199.00000 +/- 0.00000
- Mean episode reward: -199.00000 +/- 0.00000

-------------------- MountainCar-v0 Log 74 --------------------
Overall:
- Steps: 74115
- Episodes: 370
Last 5 Episodes:
- Mean episode length: 199.00000 +/- 0.00000
- Mean episode reward: -199.00000 +/- 0.00000
Last 400 Steps:
- Mean episode length: 199.00000 +/- 0.00000
- Mean episode reward: -199.00000 +/- 0.00000

-------------------- MountainCar-v0 Log 75 --------------------
Overall:
- Steps: 75115
- Episodes: 375
Last 5 Episodes:
- Mean episode length: 199.00000 +/- 0.00000
- Mean episode reward: -199.00000 +/- 0.00000
Last 400 Steps:
- Mean episode length: 199.00000 +/- 0.00000
- Mean episode reward: -199.00000 +/- 0.00000

-------------------- MountainCar-v0 Log 76 --------------------
Overall:
- Steps: 76115
- Episodes: 380
Last 5 Episodes:
- Mean episode length: 199.00000 +/- 0.00000
- Mean episode reward: -199.00000 +/- 0.00000
Last 400 Steps:
- Mean episode length: 199.00000 +/- 0.00000
- Mean episode reward: -199.00000 +/- 0.00000

-------------------- MountainCar-v0 Log 77 --------------------
Overall:
- Steps: 77115
- Episodes: 385
Last 5 Episodes:
- Mean episode length: 199.00000 +/- 0.00000
- Mean episode reward: -199.00000 +/- 0.00000
Last 400 Steps:
- Mean episode length: 199.00000 +/- 0.00000
- Mean episode reward: -199.00000 +/- 0.00000

-------------------- MountainCar-v0 Log 78 --------------------
Overall:
- Steps: 78115
- Episodes: 390
Last 5 Episodes:
- Mean episode length: 199.00000 +/- 0.00000
- Mean episode reward: -199.00000 +/- 0.00000
Last 400 Steps:
- Mean episode length: 199.00000 +/- 0.00000
- Mean episode reward: -199.00000 +/- 0.00000

-------------------- MountainCar-v0 Log 79 --------------------
Overall:
- Steps: 79115
- Episodes: 395
Last 5 Episodes:
- Mean episode length: 199.00000 +/- 0.00000
- Mean episode reward: -199.00000 +/- 0.00000
Last 400 Steps:
- Mean episode length: 199.00000 +/- 0.00000
- Mean episode reward: -199.00000 +/- 0.00000

-------------------- MountainCar-v0 Log 80 --------------------
Overall:
- Steps: 80115
- Episodes: 400
Last 5 Episodes:
- Mean episode length: 199.00000 +/- 0.00000
- Mean episode reward: -199.00000 +/- 0.00000
Last 400 Steps:
- Mean episode length: 199.00000 +/- 0.00000
- Mean episode reward: -199.00000 +/- 0.00000

-------------------- MountainCar-v0 Log 81 --------------------
Overall:
- Steps: 81115
- Episodes: 405
Last 5 Episodes:
- Mean episode length: 199.00000 +/- 0.00000
- Mean episode reward: -199.00000 +/- 0.00000
Last 400 Steps:
- Mean episode length: 199.00000 +/- 0.00000
- Mean episode reward: -199.00000 +/- 0.00000

-------------------- MountainCar-v0 Log 82 --------------------
Overall:
- Steps: 82115
- Episodes: 410
Last 5 Episodes:
- Mean episode length: 199.00000 +/- 0.00000
- Mean episode reward: -199.00000 +/- 0.00000
Last 400 Steps:
- Mean episode length: 199.00000 +/- 0.00000
- Mean episode reward: -199.00000 +/- 0.00000

-------------------- MountainCar-v0 Log 83 --------------------
Overall:
- Steps: 83115
- Episodes: 415
Last 5 Episodes:
- Mean episode length: 199.00000 +/- 0.00000
- Mean episode reward: -199.00000 +/- 0.00000
Last 400 Steps:
- Mean episode length: 199.00000 +/- 0.00000
- Mean episode reward: -199.00000 +/- 0.00000

-------------------- MountainCar-v0 Log 84 --------------------
Overall:
- Steps: 84115
- Episodes: 420
Last 5 Episodes:
- Mean episode length: 199.00000 +/- 0.00000
- Mean episode reward: -199.00000 +/- 0.00000
Last 400 Steps:
- Mean episode length: 199.00000 +/- 0.00000
- Mean episode reward: -199.00000 +/- 0.00000

-------------------- MountainCar-v0 Log 85 --------------------
Overall:
- Steps: 85115
- Episodes: 425
Last 5 Episodes:
- Mean episode length: 199.00000 +/- 0.00000
- Mean episode reward: -199.00000 +/- 0.00000
Last 400 Steps:
- Mean episode length: 199.00000 +/- 0.00000
- Mean episode reward: -199.00000 +/- 0.00000

-------------------- MountainCar-v0 Log 86 --------------------
Overall:
- Steps: 86115
- Episodes: 430
Last 5 Episodes:
- Mean episode length: 199.00000 +/- 0.00000
- Mean episode reward: -199.00000 +/- 0.00000
Last 400 Steps:
- Mean episode length: 199.00000 +/- 0.00000
- Mean episode reward: -199.00000 +/- 0.00000

-------------------- MountainCar-v0 Log 87 --------------------
Overall:
- Steps: 87115
- Episodes: 435
Last 5 Episodes:
- Mean episode length: 199.00000 +/- 0.00000
- Mean episode reward: -199.00000 +/- 0.00000
Last 400 Steps:
- Mean episode length: 199.00000 +/- 0.00000
- Mean episode reward: -199.00000 +/- 0.00000

-------------------- MountainCar-v0 Log 88 --------------------
Overall:
- Steps: 88115
- Episodes: 440
Last 5 Episodes:
- Mean episode length: 199.00000 +/- 0.00000
- Mean episode reward: -199.00000 +/- 0.00000
Last 400 Steps:
- Mean episode length: 199.00000 +/- 0.00000
- Mean episode reward: -199.00000 +/- 0.00000

-------------------- MountainCar-v0 Log 89 --------------------
Overall:
- Steps: 89115
- Episodes: 445
Last 5 Episodes:
- Mean episode length: 199.00000 +/- 0.00000
- Mean episode reward: -199.00000 +/- 0.00000
Last 400 Steps:
- Mean episode length: 199.00000 +/- 0.00000
- Mean episode reward: -199.00000 +/- 0.00000

-------------------- MountainCar-v0 Log 90 --------------------
Overall:
- Steps: 90115
- Episodes: 450
Last 5 Episodes:
- Mean episode length: 199.00000 +/- 0.00000
- Mean episode reward: -199.00000 +/- 0.00000
Last 400 Steps:
- Mean episode length: 199.00000 +/- 0.00000
- Mean episode reward: -199.00000 +/- 0.00000

-------------------- MountainCar-v0 Log 91 --------------------
Overall:
- Steps: 91115
- Episodes: 455
Last 5 Episodes:
- Mean episode length: 199.00000 +/- 0.00000
- Mean episode reward: -199.00000 +/- 0.00000
Last 400 Steps:
- Mean episode length: 199.00000 +/- 0.00000
- Mean episode reward: -199.00000 +/- 0.00000

-------------------- MountainCar-v0 Log 92 --------------------
Overall:
- Steps: 92115
- Episodes: 460
Last 5 Episodes:
- Mean episode length: 199.00000 +/- 0.00000
- Mean episode reward: -199.00000 +/- 0.00000
Last 400 Steps:
- Mean episode length: 199.00000 +/- 0.00000
- Mean episode reward: -199.00000 +/- 0.00000

-------------------- MountainCar-v0 Log 93 --------------------
Overall:
- Steps: 93115
- Episodes: 465
Last 5 Episodes:
- Mean episode length: 199.00000 +/- 0.00000
- Mean episode reward: -199.00000 +/- 0.00000
Last 400 Steps:
- Mean episode length: 199.00000 +/- 0.00000
- Mean episode reward: -199.00000 +/- 0.00000

-------------------- MountainCar-v0 Log 94 --------------------
Overall:
- Steps: 94115
- Episodes: 470
Last 5 Episodes:
- Mean episode length: 199.00000 +/- 0.00000
- Mean episode reward: -199.00000 +/- 0.00000
Last 400 Steps:
- Mean episode length: 199.00000 +/- 0.00000
- Mean episode reward: -199.00000 +/- 0.00000

-------------------- MountainCar-v0 Log 95 --------------------
Overall:
- Steps: 95115
- Episodes: 475
Last 5 Episodes:
- Mean episode length: 199.00000 +/- 0.00000
- Mean episode reward: -199.00000 +/- 0.00000
Last 400 Steps:
- Mean episode length: 199.00000 +/- 0.00000
- Mean episode reward: -199.00000 +/- 0.00000

-------------------- MountainCar-v0 Log 96 --------------------
Overall:
- Steps: 96115
- Episodes: 480
Last 5 Episodes:
- Mean episode length: 199.00000 +/- 0.00000
- Mean episode reward: -199.00000 +/- 0.00000
Last 400 Steps:
- Mean episode length: 199.00000 +/- 0.00000
- Mean episode reward: -199.00000 +/- 0.00000

-------------------- MountainCar-v0 Log 97 --------------------
Overall:
- Steps: 97115
- Episodes: 485
Last 5 Episodes:
- Mean episode length: 199.00000 +/- 0.00000
- Mean episode reward: -199.00000 +/- 0.00000
Last 400 Steps:
- Mean episode length: 199.00000 +/- 0.00000
- Mean episode reward: -199.00000 +/- 0.00000

-------------------- MountainCar-v0 Log 98 --------------------
Overall:
- Steps: 98115
- Episodes: 490
Last 5 Episodes:
- Mean episode length: 199.00000 +/- 0.00000
- Mean episode reward: -199.00000 +/- 0.00000
Last 400 Steps:
- Mean episode length: 199.00000 +/- 0.00000
- Mean episode reward: -199.00000 +/- 0.00000

-------------------- MountainCar-v0 Log 99 --------------------
Overall:
- Steps: 99115
- Episodes: 495
Last 5 Episodes:
- Mean episode length: 199.00000 +/- 0.00000
- Mean episode reward: -199.00000 +/- 0.00000
Last 400 Steps:
- Mean episode length: 199.00000 +/- 0.00000
- Mean episode reward: -199.00000 +/- 0.00000

-------------------- MountainCar-v0 Log 100 --------------------
Overall:
- Steps: 100115
- Episodes: 500
Last 5 Episodes:
- Mean episode length: 199.00000 +/- 0.00000
- Mean episode reward: -199.00000 +/- 0.00000
Last 400 Steps:
- Mean episode length: 199.00000 +/- 0.00000
- Mean episode reward: -199.00000 +/- 0.00000

-------------------- MountainCar-v0 Log 101 --------------------
Overall:
- Steps: 101115
- Episodes: 505
Last 5 Episodes:
- Mean episode length: 199.00000 +/- 0.00000
- Mean episode reward: -199.00000 +/- 0.00000
Last 400 Steps:
- Mean episode length: 199.00000 +/- 0.00000
- Mean episode reward: -199.00000 +/- 0.00000

-------------------- MountainCar-v0 Log 102 --------------------
Overall:
- Steps: 102115
- Episodes: 510
Last 5 Episodes:
- Mean episode length: 199.00000 +/- 0.00000
- Mean episode reward: -199.00000 +/- 0.00000
Last 400 Steps:
- Mean episode length: 199.00000 +/- 0.00000
- Mean episode reward: -199.00000 +/- 0.00000

-------------------- MountainCar-v0 Log 103 --------------------
Overall:
- Steps: 103115
- Episodes: 515
Last 5 Episodes:
- Mean episode length: 199.00000 +/- 0.00000
- Mean episode reward: -199.00000 +/- 0.00000
Last 400 Steps:
- Mean episode length: 199.00000 +/- 0.00000
- Mean episode reward: -199.00000 +/- 0.00000

-------------------- MountainCar-v0 Log 104 --------------------
Overall:
- Steps: 104115
- Episodes: 520
Last 5 Episodes:
- Mean episode length: 199.00000 +/- 0.00000
- Mean episode reward: -199.00000 +/- 0.00000
Last 400 Steps:
- Mean episode length: 199.00000 +/- 0.00000
- Mean episode reward: -199.00000 +/- 0.00000

-------------------- MountainCar-v0 Log 105 --------------------
Overall:
- Steps: 105115
- Episodes: 525
Last 5 Episodes:
- Mean episode length: 199.00000 +/- 0.00000
- Mean episode reward: -199.00000 +/- 0.00000
Last 400 Steps:
- Mean episode length: 199.00000 +/- 0.00000
- Mean episode reward: -199.00000 +/- 0.00000

-------------------- MountainCar-v0 Log 106 --------------------
Overall:
- Steps: 106115
- Episodes: 530
Last 5 Episodes:
- Mean episode length: 199.00000 +/- 0.00000
- Mean episode reward: -199.00000 +/- 0.00000
Last 400 Steps:
- Mean episode length: 199.00000 +/- 0.00000
- Mean episode reward: -199.00000 +/- 0.00000

-------------------- MountainCar-v0 Log 107 --------------------
Overall:
- Steps: 107115
- Episodes: 535
Last 5 Episodes:
- Mean episode length: 199.00000 +/- 0.00000
- Mean episode reward: -199.00000 +/- 0.00000
Last 400 Steps:
- Mean episode length: 199.00000 +/- 0.00000
- Mean episode reward: -199.00000 +/- 0.00000

-------------------- MountainCar-v0 Log 108 --------------------
Overall:
- Steps: 108115
- Episodes: 540
Last 5 Episodes:
- Mean episode length: 199.00000 +/- 0.00000
- Mean episode reward: -199.00000 +/- 0.00000
Last 400 Steps:
- Mean episode length: 199.00000 +/- 0.00000
- Mean episode reward: -199.00000 +/- 0.00000

-------------------- MountainCar-v0 Log 109 --------------------
Overall:
- Steps: 109115
- Episodes: 545
Last 5 Episodes:
- Mean episode length: 199.00000 +/- 0.00000
- Mean episode reward: -199.00000 +/- 0.00000
Last 400 Steps:
- Mean episode length: 199.00000 +/- 0.00000
- Mean episode reward: -199.00000 +/- 0.00000

-------------------- MountainCar-v0 Log 110 --------------------
Overall:
- Steps: 110115
- Episodes: 550
Last 5 Episodes:
- Mean episode length: 199.00000 +/- 0.00000
- Mean episode reward: -199.00000 +/- 0.00000
Last 400 Steps:
- Mean episode length: 199.00000 +/- 0.00000
- Mean episode reward: -199.00000 +/- 0.00000

-------------------- MountainCar-v0 Log 111 --------------------
Overall:
- Steps: 111115
- Episodes: 555
Last 5 Episodes:
- Mean episode length: 199.00000 +/- 0.00000
- Mean episode reward: -199.00000 +/- 0.00000
Last 400 Steps:
- Mean episode length: 199.00000 +/- 0.00000
- Mean episode reward: -199.00000 +/- 0.00000

-------------------- MountainCar-v0 Log 112 --------------------
Overall:
- Steps: 112115
- Episodes: 560
Last 5 Episodes:
- Mean episode length: 199.00000 +/- 0.00000
- Mean episode reward: -199.00000 +/- 0.00000
Last 400 Steps:
- Mean episode length: 199.00000 +/- 0.00000
- Mean episode reward: -199.00000 +/- 0.00000

-------------------- MountainCar-v0 Log 113 --------------------
Overall:
- Steps: 113115
- Episodes: 565
Last 5 Episodes:
- Mean episode length: 199.00000 +/- 0.00000
- Mean episode reward: -199.00000 +/- 0.00000
Last 400 Steps:
- Mean episode length: 199.00000 +/- 0.00000
- Mean episode reward: -199.00000 +/- 0.00000

-------------------- MountainCar-v0 Log 114 --------------------
Overall:
- Steps: 114115
- Episodes: 570
Last 5 Episodes:
- Mean episode length: 199.00000 +/- 0.00000
- Mean episode reward: -199.00000 +/- 0.00000
Last 400 Steps:
- Mean episode length: 199.00000 +/- 0.00000
- Mean episode reward: -199.00000 +/- 0.00000

-------------------- MountainCar-v0 Log 115 --------------------
Overall:
- Steps: 115115
- Episodes: 575
Last 5 Episodes:
- Mean episode length: 199.00000 +/- 0.00000
- Mean episode reward: -199.00000 +/- 0.00000
Last 400 Steps:
- Mean episode length: 199.00000 +/- 0.00000
- Mean episode reward: -199.00000 +/- 0.00000

-------------------- MountainCar-v0 Log 116 --------------------
Overall:
- Steps: 116115
- Episodes: 580
Last 5 Episodes:
- Mean episode length: 199.00000 +/- 0.00000
- Mean episode reward: -199.00000 +/- 0.00000
Last 400 Steps:
- Mean episode length: 199.00000 +/- 0.00000
- Mean episode reward: -199.00000 +/- 0.00000

-------------------- MountainCar-v0 Log 117 --------------------
Overall:
- Steps: 117115
- Episodes: 585
Last 5 Episodes:
- Mean episode length: 199.00000 +/- 0.00000
- Mean episode reward: -199.00000 +/- 0.00000
Last 400 Steps:
- Mean episode length: 199.00000 +/- 0.00000
- Mean episode reward: -199.00000 +/- 0.00000

-------------------- MountainCar-v0 Log 118 --------------------
Overall:
- Steps: 118115
- Episodes: 590
Last 5 Episodes:
- Mean episode length: 199.00000 +/- 0.00000
- Mean episode reward: -199.00000 +/- 0.00000
Last 400 Steps:
- Mean episode length: 199.00000 +/- 0.00000
- Mean episode reward: -199.00000 +/- 0.00000

-------------------- MountainCar-v0 Log 119 --------------------
Overall:
- Steps: 119115
- Episodes: 595
Last 5 Episodes:
- Mean episode length: 199.00000 +/- 0.00000
- Mean episode reward: -199.00000 +/- 0.00000
Last 400 Steps:
- Mean episode length: 199.00000 +/- 0.00000
- Mean episode reward: -199.00000 +/- 0.00000

-------------------- MountainCar-v0 Log 120 --------------------
Overall:
- Steps: 120115
- Episodes: 600
Last 5 Episodes:
- Mean episode length: 199.00000 +/- 0.00000
- Mean episode reward: -199.00000 +/- 0.00000
Last 400 Steps:
- Mean episode length: 199.00000 +/- 0.00000
- Mean episode reward: -199.00000 +/- 0.00000

-------------------- MountainCar-v0 Log 121 --------------------
Overall:
- Steps: 121115
- Episodes: 605
Last 5 Episodes:
- Mean episode length: 199.00000 +/- 0.00000
- Mean episode reward: -199.00000 +/- 0.00000
Last 400 Steps:
- Mean episode length: 199.00000 +/- 0.00000
- Mean episode reward: -199.00000 +/- 0.00000

-------------------- MountainCar-v0 Log 122 --------------------
Overall:
- Steps: 122115
- Episodes: 610
Last 5 Episodes:
- Mean episode length: 199.00000 +/- 0.00000
- Mean episode reward: -199.00000 +/- 0.00000
Last 400 Steps:
- Mean episode length: 199.00000 +/- 0.00000
- Mean episode reward: -199.00000 +/- 0.00000

-------------------- MountainCar-v0 Log 123 --------------------
Overall:
- Steps: 123115
- Episodes: 615
Last 5 Episodes:
- Mean episode length: 199.00000 +/- 0.00000
- Mean episode reward: -199.00000 +/- 0.00000
Last 400 Steps:
- Mean episode length: 199.00000 +/- 0.00000
- Mean episode reward: -199.00000 +/- 0.00000

-------------------- MountainCar-v0 Log 124 --------------------
Overall:
- Steps: 124115
- Episodes: 620
Last 5 Episodes:
- Mean episode length: 199.00000 +/- 0.00000
- Mean episode reward: -199.00000 +/- 0.00000
Last 400 Steps:
- Mean episode length: 199.00000 +/- 0.00000
- Mean episode reward: -199.00000 +/- 0.00000

-------------------- MountainCar-v0 Log 125 --------------------
Overall:
- Steps: 125115
- Episodes: 625
Last 5 Episodes:
- Mean episode length: 199.00000 +/- 0.00000
- Mean episode reward: -199.00000 +/- 0.00000
Last 400 Steps:
- Mean episode length: 199.00000 +/- 0.00000
- Mean episode reward: -199.00000 +/- 0.00000

-------------------- MountainCar-v0 Log 126 --------------------
Overall:
- Steps: 126115
- Episodes: 630
Last 5 Episodes:
- Mean episode length: 199.00000 +/- 0.00000
- Mean episode reward: -199.00000 +/- 0.00000
Last 400 Steps:
- Mean episode length: 199.00000 +/- 0.00000
- Mean episode reward: -199.00000 +/- 0.00000

-------------------- MountainCar-v0 Log 127 --------------------
Overall:
- Steps: 127115
- Episodes: 635
Last 5 Episodes:
- Mean episode length: 199.00000 +/- 0.00000
- Mean episode reward: -199.00000 +/- 0.00000
Last 400 Steps:
- Mean episode length: 199.00000 +/- 0.00000
- Mean episode reward: -199.00000 +/- 0.00000

-------------------- MountainCar-v0 Log 128 --------------------
Overall:
- Steps: 128115
- Episodes: 640
Last 5 Episodes:
- Mean episode length: 199.00000 +/- 0.00000
- Mean episode reward: -199.00000 +/- 0.00000
Last 400 Steps:
- Mean episode length: 199.00000 +/- 0.00000
- Mean episode reward: -199.00000 +/- 0.00000

-------------------- MountainCar-v0 Log 129 --------------------
Overall:
- Steps: 129115
- Episodes: 645
Last 5 Episodes:
- Mean episode length: 199.00000 +/- 0.00000
- Mean episode reward: -199.00000 +/- 0.00000
Last 400 Steps:
- Mean episode length: 199.00000 +/- 0.00000
- Mean episode reward: -199.00000 +/- 0.00000

-------------------- MountainCar-v0 Log 130 --------------------
Overall:
- Steps: 130115
- Episodes: 650
Last 5 Episodes:
- Mean episode length: 199.00000 +/- 0.00000
- Mean episode reward: -199.00000 +/- 0.00000
Last 400 Steps:
- Mean episode length: 199.00000 +/- 0.00000
- Mean episode reward: -199.00000 +/- 0.00000

-------------------- MountainCar-v0 Log 131 --------------------
Overall:
- Steps: 131115
- Episodes: 655
Last 5 Episodes:
- Mean episode length: 199.00000 +/- 0.00000
- Mean episode reward: -199.00000 +/- 0.00000
Last 400 Steps:
- Mean episode length: 199.00000 +/- 0.00000
- Mean episode reward: -199.00000 +/- 0.00000

-------------------- MountainCar-v0 Log 132 --------------------
Overall:
- Steps: 132115
- Episodes: 660
Last 5 Episodes:
- Mean episode length: 199.00000 +/- 0.00000
- Mean episode reward: -199.00000 +/- 0.00000
Last 400 Steps:
- Mean episode length: 199.00000 +/- 0.00000
- Mean episode reward: -199.00000 +/- 0.00000

-------------------- MountainCar-v0 Log 133 --------------------
Overall:
- Steps: 133115
- Episodes: 665
Last 5 Episodes:
- Mean episode length: 199.00000 +/- 0.00000
- Mean episode reward: -199.00000 +/- 0.00000
Last 400 Steps:
- Mean episode length: 199.00000 +/- 0.00000
- Mean episode reward: -199.00000 +/- 0.00000

-------------------- MountainCar-v0 Log 134 --------------------
Overall:
- Steps: 134115
- Episodes: 670
Last 5 Episodes:
- Mean episode length: 199.00000 +/- 0.00000
- Mean episode reward: -199.00000 +/- 0.00000
Last 400 Steps:
- Mean episode length: 199.00000 +/- 0.00000
- Mean episode reward: -199.00000 +/- 0.00000

-------------------- MountainCar-v0 Log 135 --------------------
Overall:
- Steps: 135115
- Episodes: 675
Last 5 Episodes:
- Mean episode length: 199.00000 +/- 0.00000
- Mean episode reward: -199.00000 +/- 0.00000
Last 400 Steps:
- Mean episode length: 199.00000 +/- 0.00000
- Mean episode reward: -199.00000 +/- 0.00000

-------------------- MountainCar-v0 Log 136 --------------------
Overall:
- Steps: 136115
- Episodes: 680
Last 5 Episodes:
- Mean episode length: 199.00000 +/- 0.00000
- Mean episode reward: -199.00000 +/- 0.00000
Last 400 Steps:
- Mean episode length: 199.00000 +/- 0.00000
- Mean episode reward: -199.00000 +/- 0.00000

-------------------- MountainCar-v0 Log 137 --------------------
Overall:
- Steps: 137115
- Episodes: 685
Last 5 Episodes:
- Mean episode length: 199.00000 +/- 0.00000
- Mean episode reward: -199.00000 +/- 0.00000
Last 400 Steps:
- Mean episode length: 199.00000 +/- 0.00000
- Mean episode reward: -199.00000 +/- 0.00000

-------------------- MountainCar-v0 Log 138 --------------------
Overall:
- Steps: 138115
- Episodes: 690
Last 5 Episodes:
- Mean episode length: 199.00000 +/- 0.00000
- Mean episode reward: -199.00000 +/- 0.00000
Last 400 Steps:
- Mean episode length: 199.00000 +/- 0.00000
- Mean episode reward: -199.00000 +/- 0.00000

-------------------- MountainCar-v0 Log 139 --------------------
Overall:
- Steps: 139115
- Episodes: 695
Last 5 Episodes:
- Mean episode length: 199.00000 +/- 0.00000
- Mean episode reward: -199.00000 +/- 0.00000
Last 400 Steps:
- Mean episode length: 199.00000 +/- 0.00000
- Mean episode reward: -199.00000 +/- 0.00000

-------------------- MountainCar-v0 Log 140 --------------------
Overall:
- Steps: 140115
- Episodes: 700
Last 5 Episodes:
- Mean episode length: 199.00000 +/- 0.00000
- Mean episode reward: -199.00000 +/- 0.00000
Last 400 Steps:
- Mean episode length: 199.00000 +/- 0.00000
- Mean episode reward: -199.00000 +/- 0.00000

-------------------- MountainCar-v0 Log 141 --------------------
Overall:
- Steps: 141115
- Episodes: 705
Last 5 Episodes:
- Mean episode length: 199.00000 +/- 0.00000
- Mean episode reward: -199.00000 +/- 0.00000
Last 400 Steps:
- Mean episode length: 199.00000 +/- 0.00000
- Mean episode reward: -199.00000 +/- 0.00000

-------------------- MountainCar-v0 Log 142 --------------------
Overall:
- Steps: 142115
- Episodes: 710
Last 5 Episodes:
- Mean episode length: 199.00000 +/- 0.00000
- Mean episode reward: -199.00000 +/- 0.00000
Last 400 Steps:
- Mean episode length: 199.00000 +/- 0.00000
- Mean episode reward: -199.00000 +/- 0.00000

-------------------- MountainCar-v0 Log 143 --------------------
Overall:
- Steps: 143115
- Episodes: 715
Last 5 Episodes:
- Mean episode length: 199.00000 +/- 0.00000
- Mean episode reward: -199.00000 +/- 0.00000
Last 400 Steps:
- Mean episode length: 199.00000 +/- 0.00000
- Mean episode reward: -199.00000 +/- 0.00000

-------------------- MountainCar-v0 Log 144 --------------------
Overall:
- Steps: 144115
- Episodes: 720
Last 5 Episodes:
- Mean episode length: 199.00000 +/- 0.00000
- Mean episode reward: -199.00000 +/- 0.00000
Last 400 Steps:
- Mean episode length: 199.00000 +/- 0.00000
- Mean episode reward: -199.00000 +/- 0.00000

-------------------- MountainCar-v0 Log 145 --------------------
Overall:
- Steps: 145115
- Episodes: 725
Last 5 Episodes:
- Mean episode length: 199.00000 +/- 0.00000
- Mean episode reward: -199.00000 +/- 0.00000
Last 400 Steps:
- Mean episode length: 199.00000 +/- 0.00000
- Mean episode reward: -199.00000 +/- 0.00000

-------------------- MountainCar-v0 Log 146 --------------------
Overall:
- Steps: 146115
- Episodes: 730
Last 5 Episodes:
- Mean episode length: 199.00000 +/- 0.00000
- Mean episode reward: -199.00000 +/- 0.00000
Last 400 Steps:
- Mean episode length: 199.00000 +/- 0.00000
- Mean episode reward: -199.00000 +/- 0.00000

-------------------- MountainCar-v0 Log 147 --------------------
Overall:
- Steps: 147115
- Episodes: 735
Last 5 Episodes:
- Mean episode length: 199.00000 +/- 0.00000
- Mean episode reward: -199.00000 +/- 0.00000
Last 400 Steps:
- Mean episode length: 199.00000 +/- 0.00000
- Mean episode reward: -199.00000 +/- 0.00000

-------------------- MountainCar-v0 Log 148 --------------------
Overall:
- Steps: 148115
- Episodes: 740
Last 5 Episodes:
- Mean episode length: 199.00000 +/- 0.00000
- Mean episode reward: -199.00000 +/- 0.00000
Last 400 Steps:
- Mean episode length: 199.00000 +/- 0.00000
- Mean episode reward: -199.00000 +/- 0.00000

-------------------- MountainCar-v0 Log 149 --------------------
Overall:
- Steps: 149115
- Episodes: 745
Last 5 Episodes:
- Mean episode length: 199.00000 +/- 0.00000
- Mean episode reward: -199.00000 +/- 0.00000
Last 400 Steps:
- Mean episode length: 199.00000 +/- 0.00000
- Mean episode reward: -199.00000 +/- 0.00000

-------------------- MountainCar-v0 Log 150 --------------------
Overall:
- Steps: 150115
- Episodes: 750
Last 5 Episodes:
- Mean episode length: 199.00000 +/- 0.00000
- Mean episode reward: -199.00000 +/- 0.00000
Last 400 Steps:
- Mean episode length: 199.00000 +/- 0.00000
- Mean episode reward: -199.00000 +/- 0.00000

-------------------- MountainCar-v0 Log 151 --------------------
Overall:
- Steps: 151115
- Episodes: 755
Last 5 Episodes:
- Mean episode length: 199.00000 +/- 0.00000
- Mean episode reward: -199.00000 +/- 0.00000
Last 400 Steps:
- Mean episode length: 199.00000 +/- 0.00000
- Mean episode reward: -199.00000 +/- 0.00000

-------------------- MountainCar-v0 Log 152 --------------------
Overall:
- Steps: 152115
- Episodes: 760
Last 5 Episodes:
- Mean episode length: 199.00000 +/- 0.00000
- Mean episode reward: -199.00000 +/- 0.00000
Last 400 Steps:
- Mean episode length: 199.00000 +/- 0.00000
- Mean episode reward: -199.00000 +/- 0.00000

-------------------- MountainCar-v0 Log 153 --------------------
Overall:
- Steps: 153115
- Episodes: 765
Last 5 Episodes:
- Mean episode length: 199.00000 +/- 0.00000
- Mean episode reward: -199.00000 +/- 0.00000
Last 400 Steps:
- Mean episode length: 199.00000 +/- 0.00000
- Mean episode reward: -199.00000 +/- 0.00000

-------------------- MountainCar-v0 Log 154 --------------------
Overall:
- Steps: 154115
- Episodes: 770
Last 5 Episodes:
- Mean episode length: 199.00000 +/- 0.00000
- Mean episode reward: -199.00000 +/- 0.00000
Last 400 Steps:
- Mean episode length: 199.00000 +/- 0.00000
- Mean episode reward: -199.00000 +/- 0.00000

-------------------- MountainCar-v0 Log 155 --------------------
Overall:
- Steps: 155115
- Episodes: 775
Last 5 Episodes:
- Mean episode length: 199.00000 +/- 0.00000
- Mean episode reward: -199.00000 +/- 0.00000
Last 400 Steps:
- Mean episode length: 199.00000 +/- 0.00000
- Mean episode reward: -199.00000 +/- 0.00000

-------------------- MountainCar-v0 Log 156 --------------------
Overall:
- Steps: 156115
- Episodes: 780
Last 5 Episodes:
- Mean episode length: 199.00000 +/- 0.00000
- Mean episode reward: -199.00000 +/- 0.00000
Last 400 Steps:
- Mean episode length: 199.00000 +/- 0.00000
- Mean episode reward: -199.00000 +/- 0.00000

-------------------- MountainCar-v0 Log 157 --------------------
Overall:
- Steps: 157115
- Episodes: 785
Last 5 Episodes:
- Mean episode length: 199.00000 +/- 0.00000
- Mean episode reward: -199.00000 +/- 0.00000
Last 400 Steps:
- Mean episode length: 199.00000 +/- 0.00000
- Mean episode reward: -199.00000 +/- 0.00000

-------------------- MountainCar-v0 Log 158 --------------------
Overall:
- Steps: 158115
- Episodes: 790
Last 5 Episodes:
- Mean episode length: 199.00000 +/- 0.00000
- Mean episode reward: -199.00000 +/- 0.00000
Last 400 Steps:
- Mean episode length: 199.00000 +/- 0.00000
- Mean episode reward: -199.00000 +/- 0.00000

-------------------- MountainCar-v0 Log 159 --------------------
Overall:
- Steps: 159115
- Episodes: 795
Last 5 Episodes:
- Mean episode length: 199.00000 +/- 0.00000
- Mean episode reward: -199.00000 +/- 0.00000
Last 400 Steps:
- Mean episode length: 199.00000 +/- 0.00000
- Mean episode reward: -199.00000 +/- 0.00000

-------------------- MountainCar-v0 Log 160 --------------------
Overall:
- Steps: 160115
- Episodes: 800
Last 5 Episodes:
- Mean episode length: 199.00000 +/- 0.00000
- Mean episode reward: -199.00000 +/- 0.00000
Last 400 Steps:
- Mean episode length: 199.00000 +/- 0.00000
- Mean episode reward: -199.00000 +/- 0.00000

-------------------- MountainCar-v0 Log 161 --------------------
Overall:
- Steps: 161115
- Episodes: 805
Last 5 Episodes:
- Mean episode length: 199.00000 +/- 0.00000
- Mean episode reward: -199.00000 +/- 0.00000
Last 400 Steps:
- Mean episode length: 199.00000 +/- 0.00000
- Mean episode reward: -199.00000 +/- 0.00000

-------------------- MountainCar-v0 Log 162 --------------------
Overall:
- Steps: 162115
- Episodes: 810
Last 5 Episodes:
- Mean episode length: 199.00000 +/- 0.00000
- Mean episode reward: -199.00000 +/- 0.00000
Last 400 Steps:
- Mean episode length: 199.00000 +/- 0.00000
- Mean episode reward: -199.00000 +/- 0.00000

-------------------- MountainCar-v0 Log 163 --------------------
Overall:
- Steps: 163115
- Episodes: 815
Last 5 Episodes:
- Mean episode length: 199.00000 +/- 0.00000
- Mean episode reward: -199.00000 +/- 0.00000
Last 400 Steps:
- Mean episode length: 199.00000 +/- 0.00000
- Mean episode reward: -199.00000 +/- 0.00000

-------------------- MountainCar-v0 Log 164 --------------------
Overall:
- Steps: 164115
- Episodes: 820
Last 5 Episodes:
- Mean episode length: 199.00000 +/- 0.00000
- Mean episode reward: -199.00000 +/- 0.00000
Last 400 Steps:
- Mean episode length: 199.00000 +/- 0.00000
- Mean episode reward: -199.00000 +/- 0.00000

-------------------- MountainCar-v0 Log 165 --------------------
Overall:
- Steps: 165115
- Episodes: 825
Last 5 Episodes:
- Mean episode length: 199.00000 +/- 0.00000
- Mean episode reward: -199.00000 +/- 0.00000
Last 400 Steps:
- Mean episode length: 199.00000 +/- 0.00000
- Mean episode reward: -199.00000 +/- 0.00000

-------------------- MountainCar-v0 Log 166 --------------------
Overall:
- Steps: 166115
- Episodes: 830
Last 5 Episodes:
- Mean episode length: 199.00000 +/- 0.00000
- Mean episode reward: -199.00000 +/- 0.00000
Last 400 Steps:
- Mean episode length: 199.00000 +/- 0.00000
- Mean episode reward: -199.00000 +/- 0.00000

-------------------- MountainCar-v0 Log 167 --------------------
Overall:
- Steps: 167115
- Episodes: 835
Last 5 Episodes:
- Mean episode length: 199.00000 +/- 0.00000
- Mean episode reward: -199.00000 +/- 0.00000
Last 400 Steps:
- Mean episode length: 199.00000 +/- 0.00000
- Mean episode reward: -199.00000 +/- 0.00000

-------------------- MountainCar-v0 Log 168 --------------------
Overall:
- Steps: 168115
- Episodes: 840
Last 5 Episodes:
- Mean episode length: 199.00000 +/- 0.00000
- Mean episode reward: -199.00000 +/- 0.00000
Last 400 Steps:
- Mean episode length: 199.00000 +/- 0.00000
- Mean episode reward: -199.00000 +/- 0.00000

-------------------- MountainCar-v0 Log 169 --------------------
Overall:
- Steps: 169115
- Episodes: 845
Last 5 Episodes:
- Mean episode length: 199.00000 +/- 0.00000
- Mean episode reward: -199.00000 +/- 0.00000
Last 400 Steps:
- Mean episode length: 199.00000 +/- 0.00000
- Mean episode reward: -199.00000 +/- 0.00000

-------------------- MountainCar-v0 Log 170 --------------------
Overall:
- Steps: 170115
- Episodes: 850
Last 5 Episodes:
- Mean episode length: 199.00000 +/- 0.00000
- Mean episode reward: -199.00000 +/- 0.00000
Last 400 Steps:
- Mean episode length: 199.00000 +/- 0.00000
- Mean episode reward: -199.00000 +/- 0.00000

-------------------- MountainCar-v0 Log 171 --------------------
Overall:
- Steps: 171115
- Episodes: 855
Last 5 Episodes:
- Mean episode length: 199.00000 +/- 0.00000
- Mean episode reward: -199.00000 +/- 0.00000
Last 400 Steps:
- Mean episode length: 199.00000 +/- 0.00000
- Mean episode reward: -199.00000 +/- 0.00000

-------------------- MountainCar-v0 Log 172 --------------------
Overall:
- Steps: 172115
- Episodes: 860
Last 5 Episodes:
- Mean episode length: 199.00000 +/- 0.00000
- Mean episode reward: -199.00000 +/- 0.00000
Last 400 Steps:
- Mean episode length: 199.00000 +/- 0.00000
- Mean episode reward: -199.00000 +/- 0.00000

-------------------- MountainCar-v0 Log 173 --------------------
Overall:
- Steps: 173115
- Episodes: 865
Last 5 Episodes:
- Mean episode length: 199.00000 +/- 0.00000
- Mean episode reward: -199.00000 +/- 0.00000
Last 400 Steps:
- Mean episode length: 199.00000 +/- 0.00000
- Mean episode reward: -199.00000 +/- 0.00000

-------------------- MountainCar-v0 Log 174 --------------------
Overall:
- Steps: 174115
- Episodes: 870
Last 5 Episodes:
- Mean episode length: 199.00000 +/- 0.00000
- Mean episode reward: -199.00000 +/- 0.00000
Last 400 Steps:
- Mean episode length: 199.00000 +/- 0.00000
- Mean episode reward: -199.00000 +/- 0.00000

-------------------- MountainCar-v0 Log 175 --------------------
Overall:
- Steps: 175115
- Episodes: 875
Last 5 Episodes:
- Mean episode length: 199.00000 +/- 0.00000
- Mean episode reward: -199.00000 +/- 0.00000
Last 400 Steps:
- Mean episode length: 199.00000 +/- 0.00000
- Mean episode reward: -199.00000 +/- 0.00000

-------------------- MountainCar-v0 Log 176 --------------------
Overall:
- Steps: 176115
- Episodes: 880
Last 5 Episodes:
- Mean episode length: 199.00000 +/- 0.00000
- Mean episode reward: -199.00000 +/- 0.00000
Last 400 Steps:
- Mean episode length: 199.00000 +/- 0.00000
- Mean episode reward: -199.00000 +/- 0.00000

-------------------- MountainCar-v0 Log 177 --------------------
Overall:
- Steps: 177115
- Episodes: 885
Last 5 Episodes:
- Mean episode length: 199.00000 +/- 0.00000
- Mean episode reward: -199.00000 +/- 0.00000
Last 400 Steps:
- Mean episode length: 199.00000 +/- 0.00000
- Mean episode reward: -199.00000 +/- 0.00000

-------------------- MountainCar-v0 Log 178 --------------------
Overall:
- Steps: 178115
- Episodes: 890
Last 5 Episodes:
- Mean episode length: 199.00000 +/- 0.00000
- Mean episode reward: -199.00000 +/- 0.00000
Last 400 Steps:
- Mean episode length: 199.00000 +/- 0.00000
- Mean episode reward: -199.00000 +/- 0.00000

-------------------- MountainCar-v0 Log 179 --------------------
Overall:
- Steps: 179115
- Episodes: 895
Last 5 Episodes:
- Mean episode length: 199.00000 +/- 0.00000
- Mean episode reward: -199.00000 +/- 0.00000
Last 400 Steps:
- Mean episode length: 199.00000 +/- 0.00000
- Mean episode reward: -199.00000 +/- 0.00000

-------------------- MountainCar-v0 Log 180 --------------------
Overall:
- Steps: 180115
- Episodes: 900
Last 5 Episodes:
- Mean episode length: 199.00000 +/- 0.00000
- Mean episode reward: -199.00000 +/- 0.00000
Last 400 Steps:
- Mean episode length: 199.00000 +/- 0.00000
- Mean episode reward: -199.00000 +/- 0.00000

-------------------- MountainCar-v0 Log 181 --------------------
Overall:
- Steps: 181115
- Episodes: 905
Last 5 Episodes:
- Mean episode length: 199.00000 +/- 0.00000
- Mean episode reward: -199.00000 +/- 0.00000
Last 400 Steps:
- Mean episode length: 199.00000 +/- 0.00000
- Mean episode reward: -199.00000 +/- 0.00000

-------------------- MountainCar-v0 Log 182 --------------------
Overall:
- Steps: 182115
- Episodes: 910
Last 5 Episodes:
- Mean episode length: 199.00000 +/- 0.00000
- Mean episode reward: -199.00000 +/- 0.00000
Last 400 Steps:
- Mean episode length: 199.00000 +/- 0.00000
- Mean episode reward: -199.00000 +/- 0.00000

-------------------- MountainCar-v0 Log 183 --------------------
Overall:
- Steps: 183115
- Episodes: 915
Last 5 Episodes:
- Mean episode length: 199.00000 +/- 0.00000
- Mean episode reward: -199.00000 +/- 0.00000
Last 400 Steps:
- Mean episode length: 199.00000 +/- 0.00000
- Mean episode reward: -199.00000 +/- 0.00000

-------------------- MountainCar-v0 Log 184 --------------------
Overall:
- Steps: 184115
- Episodes: 920
Last 5 Episodes:
- Mean episode length: 199.00000 +/- 0.00000
- Mean episode reward: -199.00000 +/- 0.00000
Last 400 Steps:
- Mean episode length: 199.00000 +/- 0.00000
- Mean episode reward: -199.00000 +/- 0.00000

-------------------- MountainCar-v0 Log 185 --------------------
Overall:
- Steps: 185115
- Episodes: 925
Last 5 Episodes:
- Mean episode length: 199.00000 +/- 0.00000
- Mean episode reward: -199.00000 +/- 0.00000
Last 400 Steps:
- Mean episode length: 199.00000 +/- 0.00000
- Mean episode reward: -199.00000 +/- 0.00000

-------------------- MountainCar-v0 Log 186 --------------------
Overall:
- Steps: 186115
- Episodes: 930
Last 5 Episodes:
- Mean episode length: 199.00000 +/- 0.00000
- Mean episode reward: -199.00000 +/- 0.00000
Last 400 Steps:
- Mean episode length: 199.00000 +/- 0.00000
- Mean episode reward: -199.00000 +/- 0.00000

-------------------- MountainCar-v0 Log 187 --------------------
Overall:
- Steps: 187115
- Episodes: 935
Last 5 Episodes:
- Mean episode length: 199.00000 +/- 0.00000
- Mean episode reward: -199.00000 +/- 0.00000
Last 400 Steps:
- Mean episode length: 199.00000 +/- 0.00000
- Mean episode reward: -199.00000 +/- 0.00000

-------------------- MountainCar-v0 Log 188 --------------------
Overall:
- Steps: 188115
- Episodes: 940
Last 5 Episodes:
- Mean episode length: 199.00000 +/- 0.00000
- Mean episode reward: -199.00000 +/- 0.00000
Last 400 Steps:
- Mean episode length: 199.00000 +/- 0.00000
- Mean episode reward: -199.00000 +/- 0.00000

-------------------- MountainCar-v0 Log 189 --------------------
Overall:
- Steps: 189115
- Episodes: 945
Last 5 Episodes:
- Mean episode length: 199.00000 +/- 0.00000
- Mean episode reward: -199.00000 +/- 0.00000
Last 400 Steps:
- Mean episode length: 199.00000 +/- 0.00000
- Mean episode reward: -199.00000 +/- 0.00000

-------------------- MountainCar-v0 Log 190 --------------------
Overall:
- Steps: 190115
- Episodes: 950
Last 5 Episodes:
- Mean episode length: 199.00000 +/- 0.00000
- Mean episode reward: -199.00000 +/- 0.00000
Last 400 Steps:
- Mean episode length: 199.00000 +/- 0.00000
- Mean episode reward: -199.00000 +/- 0.00000

-------------------- MountainCar-v0 Log 191 --------------------
Overall:
- Steps: 191115
- Episodes: 955
Last 5 Episodes:
- Mean episode length: 199.00000 +/- 0.00000
- Mean episode reward: -199.00000 +/- 0.00000
Last 400 Steps:
- Mean episode length: 199.00000 +/- 0.00000
- Mean episode reward: -199.00000 +/- 0.00000

-------------------- MountainCar-v0 Log 192 --------------------
Overall:
- Steps: 192115
- Episodes: 960
Last 5 Episodes:
- Mean episode length: 199.00000 +/- 0.00000
- Mean episode reward: -199.00000 +/- 0.00000
Last 400 Steps:
- Mean episode length: 199.00000 +/- 0.00000
- Mean episode reward: -199.00000 +/- 0.00000

-------------------- MountainCar-v0 Log 193 --------------------
Overall:
- Steps: 193115
- Episodes: 965
Last 5 Episodes:
- Mean episode length: 199.00000 +/- 0.00000
- Mean episode reward: -199.00000 +/- 0.00000
Last 400 Steps:
- Mean episode length: 199.00000 +/- 0.00000
- Mean episode reward: -199.00000 +/- 0.00000

-------------------- MountainCar-v0 Log 194 --------------------
Overall:
- Steps: 194115
- Episodes: 970
Last 5 Episodes:
- Mean episode length: 199.00000 +/- 0.00000
- Mean episode reward: -199.00000 +/- 0.00000
Last 400 Steps:
- Mean episode length: 199.00000 +/- 0.00000
- Mean episode reward: -199.00000 +/- 0.00000

-------------------- MountainCar-v0 Log 195 --------------------
Overall:
- Steps: 195115
- Episodes: 975
Last 5 Episodes:
- Mean episode length: 199.00000 +/- 0.00000
- Mean episode reward: -199.00000 +/- 0.00000
Last 400 Steps:
- Mean episode length: 199.00000 +/- 0.00000
- Mean episode reward: -199.00000 +/- 0.00000

-------------------- MountainCar-v0 Log 196 --------------------
Overall:
- Steps: 196115
- Episodes: 980
Last 5 Episodes:
- Mean episode length: 199.00000 +/- 0.00000
- Mean episode reward: -199.00000 +/- 0.00000
Last 400 Steps:
- Mean episode length: 199.00000 +/- 0.00000
- Mean episode reward: -199.00000 +/- 0.00000

-------------------- MountainCar-v0 Log 197 --------------------
Overall:
- Steps: 197115
- Episodes: 985
Last 5 Episodes:
- Mean episode length: 199.00000 +/- 0.00000
- Mean episode reward: -199.00000 +/- 0.00000
Last 400 Steps:
- Mean episode length: 199.00000 +/- 0.00000
- Mean episode reward: -199.00000 +/- 0.00000

-------------------- MountainCar-v0 Log 198 --------------------
Overall:
- Steps: 198115
- Episodes: 990
Last 5 Episodes:
- Mean episode length: 199.00000 +/- 0.00000
- Mean episode reward: -199.00000 +/- 0.00000
Last 400 Steps:
- Mean episode length: 199.00000 +/- 0.00000
- Mean episode reward: -199.00000 +/- 0.00000

-------------------- MountainCar-v0 Log 199 --------------------
Overall:
- Steps: 199115
- Episodes: 995
Last 5 Episodes:
- Mean episode length: 199.00000 +/- 0.00000
- Mean episode reward: -199.00000 +/- 0.00000
Last 400 Steps:
- Mean episode length: 199.00000 +/- 0.00000
- Mean episode reward: -199.00000 +/- 0.00000

