-------------------- MountainCar-v0 Log 0 --------------------
Overall:
- Steps: 200
- Episodes: 0
Last 5 Episodes:
- Mean episode length: 199.00000 +/- 0.00000
- Mean episode reward: -199.00000 +/- 0.00000
Last 400 Steps:
- Mean episode length: 199.00000 +/- 0.00000
- Mean episode reward: -199.00000 +/- 0.00000

-------------------- MountainCar-v0 Log 1 --------------------
Overall:
- Steps: 1200
- Episodes: 5
Last 5 Episodes:
- Mean episode length: 199.00000 +/- 0.00000
- Mean episode reward: -199.00000 +/- 0.00000
Last 400 Steps:
- Mean episode length: 199.00000 +/- 0.00000
- Mean episode reward: -199.00000 +/- 0.00000

-------------------- MountainCar-v0 Log 2 --------------------
Overall:
- Steps: 2200
- Episodes: 10
Last 5 Episodes:
- Mean episode length: 199.00000 +/- 0.00000
- Mean episode reward: -199.00000 +/- 0.00000
Last 400 Steps:
- Mean episode length: 199.00000 +/- 0.00000
- Mean episode reward: -199.00000 +/- 0.00000

-------------------- MountainCar-v0 Log 3 --------------------
Overall:
- Steps: 3200
- Episodes: 15
Last 5 Episodes:
- Mean episode length: 199.00000 +/- 0.00000
- Mean episode reward: -199.00000 +/- 0.00000
Last 400 Steps:
- Mean episode length: 199.00000 +/- 0.00000
- Mean episode reward: -199.00000 +/- 0.00000

-------------------- MountainCar-v0 Log 4 --------------------
Overall:
- Steps: 4200
- Episodes: 20
Last 5 Episodes:
- Mean episode length: 199.00000 +/- 0.00000
- Mean episode reward: -199.00000 +/- 0.00000
Last 400 Steps:
- Mean episode length: 199.00000 +/- 0.00000
- Mean episode reward: -199.00000 +/- 0.00000

-------------------- MountainCar-v0 Log 5 --------------------
Overall:
- Steps: 5200
- Episodes: 25
Last 5 Episodes:
- Mean episode length: 199.00000 +/- 0.00000
- Mean episode reward: -199.00000 +/- 0.00000
Last 400 Steps:
- Mean episode length: 199.00000 +/- 0.00000
- Mean episode reward: -199.00000 +/- 0.00000

-------------------- MountainCar-v0 Log 6 --------------------
Overall:
- Steps: 6200
- Episodes: 30
Last 5 Episodes:
- Mean episode length: 199.00000 +/- 0.00000
- Mean episode reward: -199.00000 +/- 0.00000
Last 400 Steps:
- Mean episode length: 199.00000 +/- 0.00000
- Mean episode reward: -199.00000 +/- 0.00000

-------------------- MountainCar-v0 Log 7 --------------------
Overall:
- Steps: 7200
- Episodes: 35
Last 5 Episodes:
- Mean episode length: 199.00000 +/- 0.00000
- Mean episode reward: -199.00000 +/- 0.00000
Last 400 Steps:
- Mean episode length: 199.00000 +/- 0.00000
- Mean episode reward: -199.00000 +/- 0.00000

-------------------- MountainCar-v0 Log 8 --------------------
Overall:
- Steps: 8200
- Episodes: 40
Last 5 Episodes:
- Mean episode length: 199.00000 +/- 0.00000
- Mean episode reward: -199.00000 +/- 0.00000
Last 400 Steps:
- Mean episode length: 199.00000 +/- 0.00000
- Mean episode reward: -199.00000 +/- 0.00000

-------------------- MountainCar-v0 Log 9 --------------------
Overall:
- Steps: 9200
- Episodes: 45
Last 5 Episodes:
- Mean episode length: 199.00000 +/- 0.00000
- Mean episode reward: -199.00000 +/- 0.00000
Last 400 Steps:
- Mean episode length: 199.00000 +/- 0.00000
- Mean episode reward: -199.00000 +/- 0.00000

-------------------- MountainCar-v0 Log 10 --------------------
Overall:
- Steps: 10200
- Episodes: 50
Last 5 Episodes:
- Mean episode length: 199.00000 +/- 0.00000
- Mean episode reward: -199.00000 +/- 0.00000
Last 400 Steps:
- Mean episode length: 199.00000 +/- 0.00000
- Mean episode reward: -199.00000 +/- 0.00000

-------------------- MountainCar-v0 Log 11 --------------------
Overall:
- Steps: 11200
- Episodes: 55
Last 5 Episodes:
- Mean episode length: 199.00000 +/- 0.00000
- Mean episode reward: -199.00000 +/- 0.00000
Last 400 Steps:
- Mean episode length: 199.00000 +/- 0.00000
- Mean episode reward: -199.00000 +/- 0.00000

-------------------- MountainCar-v0 Log 12 --------------------
Overall:
- Steps: 12200
- Episodes: 60
Last 5 Episodes:
- Mean episode length: 199.00000 +/- 0.00000
- Mean episode reward: -199.00000 +/- 0.00000
Last 400 Steps:
- Mean episode length: 199.00000 +/- 0.00000
- Mean episode reward: -199.00000 +/- 0.00000

-------------------- MountainCar-v0 Log 13 --------------------
Overall:
- Steps: 13200
- Episodes: 65
Last 5 Episodes:
- Mean episode length: 199.00000 +/- 0.00000
- Mean episode reward: -199.00000 +/- 0.00000
Last 400 Steps:
- Mean episode length: 199.00000 +/- 0.00000
- Mean episode reward: -199.00000 +/- 0.00000

-------------------- MountainCar-v0 Log 14 --------------------
Overall:
- Steps: 14200
- Episodes: 70
Last 5 Episodes:
- Mean episode length: 199.00000 +/- 0.00000
- Mean episode reward: -199.00000 +/- 0.00000
Last 400 Steps:
- Mean episode length: 199.00000 +/- 0.00000
- Mean episode reward: -199.00000 +/- 0.00000

-------------------- MountainCar-v0 Log 15 --------------------
Overall:
- Steps: 15200
- Episodes: 75
Last 5 Episodes:
- Mean episode length: 199.00000 +/- 0.00000
- Mean episode reward: -199.00000 +/- 0.00000
Last 400 Steps:
- Mean episode length: 199.00000 +/- 0.00000
- Mean episode reward: -199.00000 +/- 0.00000

-------------------- MountainCar-v0 Log 16 --------------------
Overall:
- Steps: 16200
- Episodes: 80
Last 5 Episodes:
- Mean episode length: 199.00000 +/- 0.00000
- Mean episode reward: -199.00000 +/- 0.00000
Last 400 Steps:
- Mean episode length: 199.00000 +/- 0.00000
- Mean episode reward: -199.00000 +/- 0.00000

-------------------- MountainCar-v0 Log 17 --------------------
Overall:
- Steps: 17200
- Episodes: 85
Last 5 Episodes:
- Mean episode length: 199.00000 +/- 0.00000
- Mean episode reward: -199.00000 +/- 0.00000
Last 400 Steps:
- Mean episode length: 199.00000 +/- 0.00000
- Mean episode reward: -199.00000 +/- 0.00000

-------------------- MountainCar-v0 Log 18 --------------------
Overall:
- Steps: 18200
- Episodes: 90
Last 5 Episodes:
- Mean episode length: 199.00000 +/- 0.00000
- Mean episode reward: -199.00000 +/- 0.00000
Last 400 Steps:
- Mean episode length: 199.00000 +/- 0.00000
- Mean episode reward: -199.00000 +/- 0.00000

-------------------- MountainCar-v0 Log 19 --------------------
Overall:
- Steps: 19200
- Episodes: 95
Last 5 Episodes:
- Mean episode length: 199.00000 +/- 0.00000
- Mean episode reward: -199.00000 +/- 0.00000
Last 400 Steps:
- Mean episode length: 199.00000 +/- 0.00000
- Mean episode reward: -199.00000 +/- 0.00000

-------------------- MountainCar-v0 Log 20 --------------------
Overall:
- Steps: 20188
- Episodes: 100
Last 5 Episodes:
- Mean episode length: 196.60000 +/- 4.80000
- Mean episode reward: -196.60000 +/- 4.80000
Last 400 Steps:
- Mean episode length: 132.33333 +/- 85.93538
- Mean episode reward: -132.33333 +/- 85.93538

-------------------- MountainCar-v0 Log 21 --------------------
Overall:
- Steps: 21117
- Episodes: 105
Last 5 Episodes:
- Mean episode length: 184.80000 +/- 13.97712
- Mean episode reward: -184.80000 +/- 13.97712
Last 400 Steps:
- Mean episode length: 132.33333 +/- 75.99269
- Mean episode reward: -132.33333 +/- 75.99269

-------------------- MountainCar-v0 Log 22 --------------------
Overall:
- Steps: 22034
- Episodes: 110
Last 5 Episodes:
- Mean episode length: 182.40000 +/- 15.60256
- Mean episode reward: -182.40000 +/- 15.60256
Last 400 Steps:
- Mean episode length: 132.33333 +/- 63.29999
- Mean episode reward: -132.33333 +/- 63.29999

-------------------- MountainCar-v0 Log 23 --------------------
Overall:
- Steps: 22958
- Episodes: 115
Last 5 Episodes:
- Mean episode length: 183.80000 +/- 18.65905
- Mean episode reward: -183.80000 +/- 18.65905
Last 400 Steps:
- Mean episode length: 199.00000 +/- 0.00000
- Mean episode reward: -199.00000 +/- 0.00000

-------------------- MountainCar-v0 Log 24 --------------------
Overall:
- Steps: 23787
- Episodes: 120
Last 5 Episodes:
- Mean episode length: 164.80000 +/- 24.60406
- Mean episode reward: -164.80000 +/- 24.60406
Last 400 Steps:
- Mean episode length: 132.33333 +/- 56.98148
- Mean episode reward: -132.33333 +/- 56.98148

-------------------- MountainCar-v0 Log 25 --------------------
Overall:
- Steps: 24584
- Episodes: 125
Last 5 Episodes:
- Mean episode length: 158.40000 +/- 35.84187
- Mean episode reward: -158.40000 +/- 35.84187
Last 400 Steps:
- Mean episode length: 132.33333 +/- 16.33673
- Mean episode reward: -132.33333 +/- 16.33673

-------------------- MountainCar-v0 Log 26 --------------------
Overall:
- Steps: 25465
- Episodes: 130
Last 5 Episodes:
- Mean episode length: 175.20000 +/- 23.47254
- Mean episode reward: -175.20000 +/- 23.47254
Last 400 Steps:
- Mean episode length: 132.33333 +/- 55.99008
- Mean episode reward: -132.33333 +/- 55.99008

-------------------- MountainCar-v0 Log 27 --------------------
Overall:
- Steps: 26431
- Episodes: 135
Last 5 Episodes:
- Mean episode length: 192.20000 +/- 13.10572
- Mean episode reward: -192.20000 +/- 13.10572
Last 400 Steps:
- Mean episode length: 132.33333 +/- 72.21419
- Mean episode reward: -132.33333 +/- 72.21419

-------------------- MountainCar-v0 Log 28 --------------------
Overall:
- Steps: 27320
- Episodes: 140
Last 5 Episodes:
- Mean episode length: 176.80000 +/- 11.58275
- Mean episode reward: -176.80000 +/- 11.58275
Last 400 Steps:
- Mean episode length: 132.33333 +/- 50.44028
- Mean episode reward: -132.33333 +/- 50.44028

-------------------- MountainCar-v0 Log 29 --------------------
Overall:
- Steps: 28038
- Episodes: 145
Last 5 Episodes:
- Mean episode length: 142.60000 +/- 37.07614
- Mean episode reward: -142.60000 +/- 37.07614
Last 400 Steps:
- Mean episode length: 132.33333 +/- 36.97146
- Mean episode reward: -132.33333 +/- 36.97146

-------------------- MountainCar-v0 Log 30 --------------------
Overall:
- Steps: 28778
- Episodes: 150
Last 5 Episodes:
- Mean episode length: 147.00000 +/- 47.04891
- Mean episode reward: -147.00000 +/- 47.04891
Last 400 Steps:
- Mean episode length: 99.00000 +/- 58.43372
- Mean episode reward: -99.00000 +/- 58.43372

-------------------- MountainCar-v0 Log 31 --------------------
Overall:
- Steps: 29662
- Episodes: 155
Last 5 Episodes:
- Mean episode length: 175.80000 +/- 12.02331
- Mean episode reward: -175.80000 +/- 12.02331
Last 400 Steps:
- Mean episode length: 132.33333 +/- 74.08704
- Mean episode reward: -132.33333 +/- 74.08704

-------------------- MountainCar-v0 Log 32 --------------------
Overall:
- Steps: 30419
- Episodes: 160
Last 5 Episodes:
- Mean episode length: 150.40000 +/- 30.82596
- Mean episode reward: -150.40000 +/- 30.82596
Last 400 Steps:
- Mean episode length: 132.33333 +/- 32.99832
- Mean episode reward: -132.33333 +/- 32.99832

-------------------- MountainCar-v0 Log 33 --------------------
Overall:
- Steps: 31069
- Episodes: 165
Last 5 Episodes:
- Mean episode length: 129.00000 +/- 41.15337
- Mean episode reward: -129.00000 +/- 41.15337
Last 400 Steps:
- Mean episode length: 99.00000 +/- 60.32827
- Mean episode reward: -99.00000 +/- 60.32827

-------------------- MountainCar-v0 Log 34 --------------------
Overall:
- Steps: 31832
- Episodes: 170
Last 5 Episodes:
- Mean episode length: 151.60000 +/- 44.43242
- Mean episode reward: -151.60000 +/- 44.43242
Last 400 Steps:
- Mean episode length: 132.33333 +/- 39.29659
- Mean episode reward: -132.33333 +/- 39.29659

-------------------- MountainCar-v0 Log 35 --------------------
Overall:
- Steps: 32455
- Episodes: 175
Last 5 Episodes:
- Mean episode length: 123.60000 +/- 35.81955
- Mean episode reward: -123.60000 +/- 35.81955
Last 400 Steps:
- Mean episode length: 132.33333 +/- 49.45930
- Mean episode reward: -132.33333 +/- 49.45930

-------------------- MountainCar-v0 Log 36 --------------------
Overall:
- Steps: 33130
- Episodes: 180
Last 5 Episodes:
- Mean episode length: 134.00000 +/- 31.40064
- Mean episode reward: -134.00000 +/- 31.40064
Last 400 Steps:
- Mean episode length: 132.33333 +/- 21.54582
- Mean episode reward: -132.33333 +/- 21.54582

-------------------- MountainCar-v0 Log 37 --------------------
Overall:
- Steps: 33874
- Episodes: 185
Last 5 Episodes:
- Mean episode length: 147.80000 +/- 2.31517
- Mean episode reward: -147.80000 +/- 2.31517
Last 400 Steps:
- Mean episode length: 132.33333 +/- 22.29100
- Mean episode reward: -132.33333 +/- 22.29100

-------------------- MountainCar-v0 Log 38 --------------------
Overall:
- Steps: 34627
- Episodes: 190
Last 5 Episodes:
- Mean episode length: 149.60000 +/- 16.09472
- Mean episode reward: -149.60000 +/- 16.09472
Last 400 Steps:
- Mean episode length: 132.33333 +/- 14.38363
- Mean episode reward: -132.33333 +/- 14.38363

-------------------- MountainCar-v0 Log 39 --------------------
Overall:
- Steps: 35362
- Episodes: 195
Last 5 Episodes:
- Mean episode length: 146.00000 +/- 30.77012
- Mean episode reward: -146.00000 +/- 30.77012
Last 400 Steps:
- Mean episode length: 132.33333 +/- 49.14152
- Mean episode reward: -132.33333 +/- 49.14152

-------------------- MountainCar-v0 Log 40 --------------------
Overall:
- Steps: 36129
- Episodes: 200
Last 5 Episodes:
- Mean episode length: 152.40000 +/- 31.20641
- Mean episode reward: -152.40000 +/- 31.20641
Last 400 Steps:
- Mean episode length: 132.33333 +/- 49.62750
- Mean episode reward: -132.33333 +/- 49.62750

-------------------- MountainCar-v0 Log 41 --------------------
Overall:
- Steps: 36915
- Episodes: 205
Last 5 Episodes:
- Mean episode length: 156.20000 +/- 34.99943
- Mean episode reward: -156.20000 +/- 34.99943
Last 400 Steps:
- Mean episode length: 132.33333 +/- 52.39169
- Mean episode reward: -132.33333 +/- 52.39169

-------------------- MountainCar-v0 Log 42 --------------------
Overall:
- Steps: 37634
- Episodes: 210
Last 5 Episodes:
- Mean episode length: 142.80000 +/- 42.86910
- Mean episode reward: -142.80000 +/- 42.86910
Last 400 Steps:
- Mean episode length: 99.00000 +/- 62.85300
- Mean episode reward: -99.00000 +/- 62.85300

-------------------- MountainCar-v0 Log 43 --------------------
Overall:
- Steps: 38286
- Episodes: 215
Last 5 Episodes:
- Mean episode length: 129.40000 +/- 21.87784
- Mean episode reward: -129.40000 +/- 21.87784
Last 400 Steps:
- Mean episode length: 99.00000 +/- 41.93447
- Mean episode reward: -99.00000 +/- 41.93447

-------------------- MountainCar-v0 Log 44 --------------------
Overall:
- Steps: 38965
- Episodes: 220
Last 5 Episodes:
- Mean episode length: 134.80000 +/- 10.40000
- Mean episode reward: -134.80000 +/- 10.40000
Last 400 Steps:
- Mean episode length: 132.33333 +/- 13.69509
- Mean episode reward: -132.33333 +/- 13.69509

-------------------- MountainCar-v0 Log 45 --------------------
Overall:
- Steps: 39672
- Episodes: 225
Last 5 Episodes:
- Mean episode length: 140.40000 +/- 12.93986
- Mean episode reward: -140.40000 +/- 12.93986
Last 400 Steps:
- Mean episode length: 132.33333 +/- 23.09882
- Mean episode reward: -132.33333 +/- 23.09882

-------------------- MountainCar-v0 Log 46 --------------------
Overall:
- Steps: 40368
- Episodes: 230
Last 5 Episodes:
- Mean episode length: 138.20000 +/- 26.27090
- Mean episode reward: -138.20000 +/- 26.27090
Last 400 Steps:
- Mean episode length: 132.33333 +/- 19.34482
- Mean episode reward: -132.33333 +/- 19.34482

-------------------- MountainCar-v0 Log 47 --------------------
Overall:
- Steps: 41100
- Episodes: 235
Last 5 Episodes:
- Mean episode length: 145.40000 +/- 9.76934
- Mean episode reward: -145.40000 +/- 9.76934
Last 400 Steps:
- Mean episode length: 132.33333 +/- 15.92343
- Mean episode reward: -132.33333 +/- 15.92343

-------------------- MountainCar-v0 Log 48 --------------------
Overall:
- Steps: 41797
- Episodes: 240
Last 5 Episodes:
- Mean episode length: 138.40000 +/- 27.22205
- Mean episode reward: -138.40000 +/- 27.22205
Last 400 Steps:
- Mean episode length: 132.33333 +/- 28.52290
- Mean episode reward: -132.33333 +/- 28.52290

-------------------- MountainCar-v0 Log 49 --------------------
Overall:
- Steps: 42428
- Episodes: 245
Last 5 Episodes:
- Mean episode length: 125.20000 +/- 31.25636
- Mean episode reward: -125.20000 +/- 31.25636
Last 400 Steps:
- Mean episode length: 99.00000 +/- 60.09160
- Mean episode reward: -99.00000 +/- 60.09160

-------------------- MountainCar-v0 Log 50 --------------------
Overall:
- Steps: 43160
- Episodes: 250
Last 5 Episodes:
- Mean episode length: 145.40000 +/- 15.44798
- Mean episode reward: -145.40000 +/- 15.44798
Last 400 Steps:
- Mean episode length: 132.33333 +/- 11.32353
- Mean episode reward: -132.33333 +/- 11.32353

-------------------- MountainCar-v0 Log 51 --------------------
Overall:
- Steps: 43817
- Episodes: 255
Last 5 Episodes:
- Mean episode length: 130.40000 +/- 25.92759
- Mean episode reward: -130.40000 +/- 25.92759
Last 400 Steps:
- Mean episode length: 132.33333 +/- 23.89328
- Mean episode reward: -132.33333 +/- 23.89328

-------------------- MountainCar-v0 Log 52 --------------------
Overall:
- Steps: 44403
- Episodes: 260
Last 5 Episodes:
- Mean episode length: 116.20000 +/- 4.87442
- Mean episode reward: -116.20000 +/- 4.87442
Last 400 Steps:
- Mean episode length: 99.00000 +/- 31.63068
- Mean episode reward: -99.00000 +/- 31.63068

-------------------- MountainCar-v0 Log 53 --------------------
Overall:
- Steps: 45052
- Episodes: 265
Last 5 Episodes:
- Mean episode length: 128.80000 +/- 21.83025
- Mean episode reward: -128.80000 +/- 21.83025
Last 400 Steps:
- Mean episode length: 99.00000 +/- 42.00595
- Mean episode reward: -99.00000 +/- 42.00595

-------------------- MountainCar-v0 Log 54 --------------------
Overall:
- Steps: 45594
- Episodes: 270
Last 5 Episodes:
- Mean episode length: 107.40000 +/- 14.45822
- Mean episode reward: -107.40000 +/- 14.45822
Last 400 Steps:
- Mean episode length: 99.00000 +/- 10.31988
- Mean episode reward: -99.00000 +/- 10.31988

-------------------- MountainCar-v0 Log 55 --------------------
Overall:
- Steps: 46186
- Episodes: 275
Last 5 Episodes:
- Mean episode length: 117.40000 +/- 19.36595
- Mean episode reward: -117.40000 +/- 19.36595
Last 400 Steps:
- Mean episode length: 99.00000 +/- 12.04159
- Mean episode reward: -99.00000 +/- 12.04159

-------------------- MountainCar-v0 Log 56 --------------------
Overall:
- Steps: 46955
- Episodes: 280
Last 5 Episodes:
- Mean episode length: 152.80000 +/- 13.19697
- Mean episode reward: -152.80000 +/- 13.19697
Last 400 Steps:
- Mean episode length: 132.33333 +/- 37.98538
- Mean episode reward: -132.33333 +/- 37.98538

-------------------- MountainCar-v0 Log 57 --------------------
Overall:
- Steps: 47665
- Episodes: 285
Last 5 Episodes:
- Mean episode length: 141.00000 +/- 19.77878
- Mean episode reward: -141.00000 +/- 19.77878
Last 400 Steps:
- Mean episode length: 132.33333 +/- 18.97952
- Mean episode reward: -132.33333 +/- 18.97952

-------------------- MountainCar-v0 Log 58 --------------------
Overall:
- Steps: 48348
- Episodes: 290
Last 5 Episodes:
- Mean episode length: 135.60000 +/- 17.41953
- Mean episode reward: -135.60000 +/- 17.41953
Last 400 Steps:
- Mean episode length: 132.33333 +/- 23.69716
- Mean episode reward: -132.33333 +/- 23.69716

-------------------- MountainCar-v0 Log 59 --------------------
Overall:
- Steps: 49102
- Episodes: 295
Last 5 Episodes:
- Mean episode length: 149.80000 +/- 30.78571
- Mean episode reward: -149.80000 +/- 30.78571
Last 400 Steps:
- Mean episode length: 132.33333 +/- 24.45858
- Mean episode reward: -132.33333 +/- 24.45858

-------------------- MountainCar-v0 Log 60 --------------------
Overall:
- Steps: 49851
- Episodes: 300
Last 5 Episodes:
- Mean episode length: 148.80000 +/- 21.75684
- Mean episode reward: -148.80000 +/- 21.75684
Last 400 Steps:
- Mean episode length: 132.33333 +/- 52.82886
- Mean episode reward: -132.33333 +/- 52.82886

-------------------- MountainCar-v0 Log 61 --------------------
Overall:
- Steps: 50576
- Episodes: 305
Last 5 Episodes:
- Mean episode length: 144.00000 +/- 29.77919
- Mean episode reward: -144.00000 +/- 29.77919
Last 400 Steps:
- Mean episode length: 132.33333 +/- 15.92343
- Mean episode reward: -132.33333 +/- 15.92343

-------------------- MountainCar-v0 Log 62 --------------------
Overall:
- Steps: 51280
- Episodes: 310
Last 5 Episodes:
- Mean episode length: 139.80000 +/- 20.31157
- Mean episode reward: -139.80000 +/- 20.31157
Last 400 Steps:
- Mean episode length: 132.33333 +/- 21.91397
- Mean episode reward: -132.33333 +/- 21.91397

-------------------- MountainCar-v0 Log 63 --------------------
Overall:
- Steps: 51982
- Episodes: 315
Last 5 Episodes:
- Mean episode length: 139.40000 +/- 25.56247
- Mean episode reward: -139.40000 +/- 25.56247
Last 400 Steps:
- Mean episode length: 132.33333 +/- 31.85732
- Mean episode reward: -132.33333 +/- 31.85732

-------------------- MountainCar-v0 Log 64 --------------------
Overall:
- Steps: 52693
- Episodes: 320
Last 5 Episodes:
- Mean episode length: 141.20000 +/- 4.40000
- Mean episode reward: -141.20000 +/- 4.40000
Last 400 Steps:
- Mean episode length: 132.33333 +/- 14.26729
- Mean episode reward: -132.33333 +/- 14.26729

-------------------- MountainCar-v0 Log 65 --------------------
Overall:
- Steps: 53455
- Episodes: 325
Last 5 Episodes:
- Mean episode length: 151.40000 +/- 19.74437
- Mean episode reward: -151.40000 +/- 19.74437
Last 400 Steps:
- Mean episode length: 132.33333 +/- 54.46916
- Mean episode reward: -132.33333 +/- 54.46916

-------------------- MountainCar-v0 Log 66 --------------------
Overall:
- Steps: 54135
- Episodes: 330
Last 5 Episodes:
- Mean episode length: 135.00000 +/- 20.53290
- Mean episode reward: -135.00000 +/- 20.53290
Last 400 Steps:
- Mean episode length: 99.00000 +/- 54.99545
- Mean episode reward: -99.00000 +/- 54.99545

-------------------- MountainCar-v0 Log 67 --------------------
Overall:
- Steps: 54907
- Episodes: 335
Last 5 Episodes:
- Mean episode length: 153.40000 +/- 30.41447
- Mean episode reward: -153.40000 +/- 30.41447
Last 400 Steps:
- Mean episode length: 132.33333 +/- 21.48384
- Mean episode reward: -132.33333 +/- 21.48384

-------------------- MountainCar-v0 Log 68 --------------------
Overall:
- Steps: 55639
- Episodes: 340
Last 5 Episodes:
- Mean episode length: 145.40000 +/- 26.49226
- Mean episode reward: -145.40000 +/- 26.49226
Last 400 Steps:
- Mean episode length: 132.33333 +/- 26.23399
- Mean episode reward: -132.33333 +/- 26.23399

-------------------- MountainCar-v0 Log 69 --------------------
Overall:
- Steps: 56376
- Episodes: 345
Last 5 Episodes:
- Mean episode length: 146.40000 +/- 24.17106
- Mean episode reward: -146.40000 +/- 24.17106
Last 400 Steps:
- Mean episode length: 132.33333 +/- 44.07821
- Mean episode reward: -132.33333 +/- 44.07821

-------------------- MountainCar-v0 Log 70 --------------------
Overall:
- Steps: 57125
- Episodes: 350
Last 5 Episodes:
- Mean episode length: 148.80000 +/- 33.28904
- Mean episode reward: -148.80000 +/- 33.28904
Last 400 Steps:
- Mean episode length: 132.33333 +/- 65.04528
- Mean episode reward: -132.33333 +/- 65.04528

-------------------- MountainCar-v0 Log 71 --------------------
Overall:
- Steps: 57922
- Episodes: 355
Last 5 Episodes:
- Mean episode length: 158.40000 +/- 4.75815
- Mean episode reward: -158.40000 +/- 4.75815
Last 400 Steps:
- Mean episode length: 132.33333 +/- 32.09707
- Mean episode reward: -132.33333 +/- 32.09707

-------------------- MountainCar-v0 Log 72 --------------------
Overall:
- Steps: 58604
- Episodes: 360
Last 5 Episodes:
- Mean episode length: 135.40000 +/- 25.96613
- Mean episode reward: -135.40000 +/- 25.96613
Last 400 Steps:
- Mean episode length: 99.00000 +/- 62.27359
- Mean episode reward: -99.00000 +/- 62.27359

-------------------- MountainCar-v0 Log 73 --------------------
Overall:
- Steps: 59304
- Episodes: 365
Last 5 Episodes:
- Mean episode length: 139.00000 +/- 38.49675
- Mean episode reward: -139.00000 +/- 38.49675
Last 400 Steps:
- Mean episode length: 132.33333 +/- 48.50659
- Mean episode reward: -132.33333 +/- 48.50659

-------------------- MountainCar-v0 Log 74 --------------------
Overall:
- Steps: 60070
- Episodes: 370
Last 5 Episodes:
- Mean episode length: 152.20000 +/- 12.95222
- Mean episode reward: -152.20000 +/- 12.95222
Last 400 Steps:
- Mean episode length: 132.33333 +/- 41.20140
- Mean episode reward: -132.33333 +/- 41.20140

-------------------- MountainCar-v0 Log 75 --------------------
Overall:
- Steps: 60921
- Episodes: 375
Last 5 Episodes:
- Mean episode length: 169.20000 +/- 23.75205
- Mean episode reward: -169.20000 +/- 23.75205
Last 400 Steps:
- Mean episode length: 132.33333 +/- 27.35365
- Mean episode reward: -132.33333 +/- 27.35365

-------------------- MountainCar-v0 Log 76 --------------------
Overall:
- Steps: 61650
- Episodes: 380
Last 5 Episodes:
- Mean episode length: 144.80000 +/- 6.61513
- Mean episode reward: -144.80000 +/- 6.61513
Last 400 Steps:
- Mean episode length: 132.33333 +/- 6.64998
- Mean episode reward: -132.33333 +/- 6.64998

-------------------- MountainCar-v0 Log 77 --------------------
Overall:
- Steps: 62371
- Episodes: 385
Last 5 Episodes:
- Mean episode length: 143.20000 +/- 13.99143
- Mean episode reward: -143.20000 +/- 13.99143
Last 400 Steps:
- Mean episode length: 132.33333 +/- 19.15434
- Mean episode reward: -132.33333 +/- 19.15434

-------------------- MountainCar-v0 Log 78 --------------------
Overall:
- Steps: 63030
- Episodes: 390
Last 5 Episodes:
- Mean episode length: 130.80000 +/- 25.71692
- Mean episode reward: -130.80000 +/- 25.71692
Last 400 Steps:
- Mean episode length: 132.33333 +/- 32.31443
- Mean episode reward: -132.33333 +/- 32.31443

-------------------- MountainCar-v0 Log 79 --------------------
Overall:
- Steps: 63731
- Episodes: 395
Last 5 Episodes:
- Mean episode length: 139.20000 +/- 29.05443
- Mean episode reward: -139.20000 +/- 29.05443
Last 400 Steps:
- Mean episode length: 132.33333 +/- 35.03649
- Mean episode reward: -132.33333 +/- 35.03649

-------------------- MountainCar-v0 Log 80 --------------------
Overall:
- Steps: 64395
- Episodes: 400
Last 5 Episodes:
- Mean episode length: 131.80000 +/- 18.52998
- Mean episode reward: -131.80000 +/- 18.52998
Last 400 Steps:
- Mean episode length: 132.33333 +/- 17.93197
- Mean episode reward: -132.33333 +/- 17.93197

-------------------- MountainCar-v0 Log 81 --------------------
Overall:
- Steps: 65165
- Episodes: 405
Last 5 Episodes:
- Mean episode length: 153.00000 +/- 16.49242
- Mean episode reward: -153.00000 +/- 16.49242
Last 400 Steps:
- Mean episode length: 132.33333 +/- 40.94169
- Mean episode reward: -132.33333 +/- 40.94169

-------------------- MountainCar-v0 Log 82 --------------------
Overall:
- Steps: 65822
- Episodes: 410
Last 5 Episodes:
- Mean episode length: 130.40000 +/- 43.24165
- Mean episode reward: -130.40000 +/- 43.24165
Last 400 Steps:
- Mean episode length: 132.33333 +/- 28.96358
- Mean episode reward: -132.33333 +/- 28.96358

-------------------- MountainCar-v0 Log 83 --------------------
Overall:
- Steps: 66595
- Episodes: 415
Last 5 Episodes:
- Mean episode length: 153.60000 +/- 11.53430
- Mean episode reward: -153.60000 +/- 11.53430
Last 400 Steps:
- Mean episode length: 132.33333 +/- 20.99735
- Mean episode reward: -132.33333 +/- 20.99735

-------------------- MountainCar-v0 Log 84 --------------------
Overall:
- Steps: 67320
- Episodes: 420
Last 5 Episodes:
- Mean episode length: 144.00000 +/- 29.71868
- Mean episode reward: -144.00000 +/- 29.71868
Last 400 Steps:
- Mean episode length: 99.00000 +/- 57.37160
- Mean episode reward: -99.00000 +/- 57.37160

-------------------- MountainCar-v0 Log 85 --------------------
Overall:
- Steps: 68173
- Episodes: 425
Last 5 Episodes:
- Mean episode length: 169.60000 +/- 32.73897
- Mean episode reward: -169.60000 +/- 32.73897
Last 400 Steps:
- Mean episode length: 132.33333 +/- 78.25741
- Mean episode reward: -132.33333 +/- 78.25741

-------------------- MountainCar-v0 Log 86 --------------------
Overall:
- Steps: 68889
- Episodes: 430
Last 5 Episodes:
- Mean episode length: 142.20000 +/- 39.39239
- Mean episode reward: -142.20000 +/- 39.39239
Last 400 Steps:
- Mean episode length: 132.33333 +/- 34.02287
- Mean episode reward: -132.33333 +/- 34.02287

-------------------- MountainCar-v0 Log 87 --------------------
Overall:
- Steps: 69587
- Episodes: 435
Last 5 Episodes:
- Mean episode length: 138.60000 +/- 23.65248
- Mean episode reward: -138.60000 +/- 23.65248
Last 400 Steps:
- Mean episode length: 99.00000 +/- 52.12005
- Mean episode reward: -99.00000 +/- 52.12005

-------------------- MountainCar-v0 Log 88 --------------------
Overall:
- Steps: 70202
- Episodes: 440
Last 5 Episodes:
- Mean episode length: 122.00000 +/- 32.50846
- Mean episode reward: -122.00000 +/- 32.50846
Last 400 Steps:
- Mean episode length: 132.33333 +/- 31.37232
- Mean episode reward: -132.33333 +/- 31.37232

-------------------- MountainCar-v0 Log 89 --------------------
Overall:
- Steps: 70860
- Episodes: 445
Last 5 Episodes:
- Mean episode length: 130.60000 +/- 26.16563
- Mean episode reward: -130.60000 +/- 26.16563
Last 400 Steps:
- Mean episode length: 132.33333 +/- 21.17126
- Mean episode reward: -132.33333 +/- 21.17126

-------------------- MountainCar-v0 Log 90 --------------------
Overall:
- Steps: 71462
- Episodes: 450
Last 5 Episodes:
- Mean episode length: 119.40000 +/- 30.66985
- Mean episode reward: -119.40000 +/- 30.66985
Last 400 Steps:
- Mean episode length: 99.00000 +/- 62.64982
- Mean episode reward: -99.00000 +/- 62.64982

-------------------- MountainCar-v0 Log 91 --------------------
Overall:
- Steps: 72118
- Episodes: 455
Last 5 Episodes:
- Mean episode length: 130.20000 +/- 33.60595
- Mean episode reward: -130.20000 +/- 33.60595
Last 400 Steps:
- Mean episode length: 99.00000 +/- 41.10353
- Mean episode reward: -99.00000 +/- 41.10353

-------------------- MountainCar-v0 Log 92 --------------------
Overall:
- Steps: 72765
- Episodes: 460
Last 5 Episodes:
- Mean episode length: 128.40000 +/- 32.75118
- Mean episode reward: -128.40000 +/- 32.75118
Last 400 Steps:
- Mean episode length: 132.33333 +/- 34.10116
- Mean episode reward: -132.33333 +/- 34.10116

-------------------- MountainCar-v0 Log 93 --------------------
Overall:
- Steps: 73326
- Episodes: 465
Last 5 Episodes:
- Mean episode length: 111.20000 +/- 26.00308
- Mean episode reward: -111.20000 +/- 26.00308
Last 400 Steps:
- Mean episode length: 99.00000 +/- 53.27758
- Mean episode reward: -99.00000 +/- 53.27758

-------------------- MountainCar-v0 Log 94 --------------------
Overall:
- Steps: 73914
- Episodes: 470
Last 5 Episodes:
- Mean episode length: 116.60000 +/- 25.31877
- Mean episode reward: -116.60000 +/- 25.31877
Last 400 Steps:
- Mean episode length: 99.00000 +/- 30.40559
- Mean episode reward: -99.00000 +/- 30.40559

-------------------- MountainCar-v0 Log 95 --------------------
Overall:
- Steps: 74543
- Episodes: 475
Last 5 Episodes:
- Mean episode length: 124.80000 +/- 27.28663
- Mean episode reward: -124.80000 +/- 27.28663
Last 400 Steps:
- Mean episode length: 99.00000 +/- 40.72469
- Mean episode reward: -99.00000 +/- 40.72469

-------------------- MountainCar-v0 Log 96 --------------------
Overall:
- Steps: 75184
- Episodes: 480
Last 5 Episodes:
- Mean episode length: 127.20000 +/- 29.39660
- Mean episode reward: -127.20000 +/- 29.39660
Last 400 Steps:
- Mean episode length: 99.00000 +/- 57.33672
- Mean episode reward: -99.00000 +/- 57.33672

-------------------- MountainCar-v0 Log 97 --------------------
Overall:
- Steps: 75881
- Episodes: 485
Last 5 Episodes:
- Mean episode length: 138.40000 +/- 25.69514
- Mean episode reward: -138.40000 +/- 25.69514
Last 400 Steps:
- Mean episode length: 132.33333 +/- 31.03045
- Mean episode reward: -132.33333 +/- 31.03045

-------------------- MountainCar-v0 Log 98 --------------------
Overall:
- Steps: 76562
- Episodes: 490
Last 5 Episodes:
- Mean episode length: 135.20000 +/- 41.48928
- Mean episode reward: -135.20000 +/- 41.48928
Last 400 Steps:
- Mean episode length: 132.33333 +/- 55.39154
- Mean episode reward: -132.33333 +/- 55.39154

-------------------- MountainCar-v0 Log 99 --------------------
Overall:
- Steps: 77451
- Episodes: 495
Last 5 Episodes:
- Mean episode length: 176.80000 +/- 12.49640
- Mean episode reward: -176.80000 +/- 12.49640
Last 400 Steps:
- Mean episode length: 132.33333 +/- 74.71873
- Mean episode reward: -132.33333 +/- 74.71873

-------------------- MountainCar-v0 Log 100 --------------------
Overall:
- Steps: 78175
- Episodes: 500
Last 5 Episodes:
- Mean episode length: 143.80000 +/- 31.40955
- Mean episode reward: -143.80000 +/- 31.40955
Last 400 Steps:
- Mean episode length: 132.33333 +/- 61.64594
- Mean episode reward: -132.33333 +/- 61.64594

-------------------- MountainCar-v0 Log 101 --------------------
Overall:
- Steps: 78994
- Episodes: 505
Last 5 Episodes:
- Mean episode length: 162.80000 +/- 36.97242
- Mean episode reward: -162.80000 +/- 36.97242
Last 400 Steps:
- Mean episode length: 132.33333 +/- 33.48963
- Mean episode reward: -132.33333 +/- 33.48963

-------------------- MountainCar-v0 Log 102 --------------------
Overall:
- Steps: 79799
- Episodes: 510
Last 5 Episodes:
- Mean episode length: 160.00000 +/- 30.97095
- Mean episode reward: -160.00000 +/- 30.97095
Last 400 Steps:
- Mean episode length: 132.33333 +/- 70.35782
- Mean episode reward: -132.33333 +/- 70.35782

-------------------- MountainCar-v0 Log 103 --------------------
Overall:
- Steps: 80579
- Episodes: 515
Last 5 Episodes:
- Mean episode length: 155.00000 +/- 18.02221
- Mean episode reward: -155.00000 +/- 18.02221
Last 400 Steps:
- Mean episode length: 132.33333 +/- 44.79087
- Mean episode reward: -132.33333 +/- 44.79087

-------------------- MountainCar-v0 Log 104 --------------------
Overall:
- Steps: 81323
- Episodes: 520
Last 5 Episodes:
- Mean episode length: 147.80000 +/- 22.97303
- Mean episode reward: -147.80000 +/- 22.97303
Last 400 Steps:
- Mean episode length: 132.33333 +/- 39.13509
- Mean episode reward: -132.33333 +/- 39.13509

-------------------- MountainCar-v0 Log 105 --------------------
Overall:
- Steps: 82033
- Episodes: 525
Last 5 Episodes:
- Mean episode length: 141.00000 +/- 41.72769
- Mean episode reward: -141.00000 +/- 41.72769
Last 400 Steps:
- Mean episode length: 99.00000 +/- 67.16026
- Mean episode reward: -99.00000 +/- 67.16026

-------------------- MountainCar-v0 Log 106 --------------------
Overall:
- Steps: 82784
- Episodes: 530
Last 5 Episodes:
- Mean episode length: 149.20000 +/- 12.68700
- Mean episode reward: -149.20000 +/- 12.68700
Last 400 Steps:
- Mean episode length: 132.33333 +/- 28.66279
- Mean episode reward: -132.33333 +/- 28.66279

-------------------- MountainCar-v0 Log 107 --------------------
Overall:
- Steps: 83597
- Episodes: 535
Last 5 Episodes:
- Mean episode length: 161.60000 +/- 6.71118
- Mean episode reward: -161.60000 +/- 6.71118
Last 400 Steps:
- Mean episode length: 132.33333 +/- 51.86093
- Mean episode reward: -132.33333 +/- 51.86093

-------------------- MountainCar-v0 Log 108 --------------------
Overall:
- Steps: 84367
- Episodes: 540
Last 5 Episodes:
- Mean episode length: 153.00000 +/- 31.80566
- Mean episode reward: -153.00000 +/- 31.80566
Last 400 Steps:
- Mean episode length: 132.33333 +/- 32.06590
- Mean episode reward: -132.33333 +/- 32.06590

-------------------- MountainCar-v0 Log 109 --------------------
Overall:
- Steps: 85159
- Episodes: 545
Last 5 Episodes:
- Mean episode length: 157.40000 +/- 15.91980
- Mean episode reward: -157.40000 +/- 15.91980
Last 400 Steps:
- Mean episode length: 132.33333 +/- 52.92972
- Mean episode reward: -132.33333 +/- 52.92972

-------------------- MountainCar-v0 Log 110 --------------------
Overall:
- Steps: 85861
- Episodes: 550
Last 5 Episodes:
- Mean episode length: 139.40000 +/- 38.64505
- Mean episode reward: -139.40000 +/- 38.64505
Last 400 Steps:
- Mean episode length: 99.00000 +/- 35.41186
- Mean episode reward: -99.00000 +/- 35.41186

-------------------- MountainCar-v0 Log 111 --------------------
Overall:
- Steps: 86651
- Episodes: 555
Last 5 Episodes:
- Mean episode length: 157.00000 +/- 3.46410
- Mean episode reward: -157.00000 +/- 3.46410
Last 400 Steps:
- Mean episode length: 132.33333 +/- 29.23848
- Mean episode reward: -132.33333 +/- 29.23848

-------------------- MountainCar-v0 Log 112 --------------------
Overall:
- Steps: 87280
- Episodes: 560
Last 5 Episodes:
- Mean episode length: 124.80000 +/- 28.88183
- Mean episode reward: -124.80000 +/- 28.88183
Last 400 Steps:
- Mean episode length: 99.00000 +/- 30.45488
- Mean episode reward: -99.00000 +/- 30.45488

-------------------- MountainCar-v0 Log 113 --------------------
Overall:
- Steps: 87861
- Episodes: 565
Last 5 Episodes:
- Mean episode length: 115.20000 +/- 29.75500
- Mean episode reward: -115.20000 +/- 29.75500
Last 400 Steps:
- Mean episode length: 99.00000 +/- 40.49074
- Mean episode reward: -99.00000 +/- 40.49074

-------------------- MountainCar-v0 Log 114 --------------------
Overall:
- Steps: 88563
- Episodes: 570
Last 5 Episodes:
- Mean episode length: 139.40000 +/- 24.67063
- Mean episode reward: -139.40000 +/- 24.67063
Last 400 Steps:
- Mean episode length: 99.00000 +/- 50.53712
- Mean episode reward: -99.00000 +/- 50.53712

-------------------- MountainCar-v0 Log 115 --------------------
Overall:
- Steps: 89300
- Episodes: 575
Last 5 Episodes:
- Mean episode length: 146.40000 +/- 36.47794
- Mean episode reward: -146.40000 +/- 36.47794
Last 400 Steps:
- Mean episode length: 132.33333 +/- 51.86093
- Mean episode reward: -132.33333 +/- 51.86093

-------------------- MountainCar-v0 Log 116 --------------------
Overall:
- Steps: 90196
- Episodes: 580
Last 5 Episodes:
- Mean episode length: 178.20000 +/- 14.99867
- Mean episode reward: -178.20000 +/- 14.99867
Last 400 Steps:
- Mean episode length: 132.33333 +/- 53.57445
- Mean episode reward: -132.33333 +/- 53.57445

-------------------- MountainCar-v0 Log 117 --------------------
Overall:
- Steps: 91053
- Episodes: 585
Last 5 Episodes:
- Mean episode length: 170.40000 +/- 16.00750
- Mean episode reward: -170.40000 +/- 16.00750
Last 400 Steps:
- Mean episode length: 132.33333 +/- 77.92874
- Mean episode reward: -132.33333 +/- 77.92874

-------------------- MountainCar-v0 Log 118 --------------------
Overall:
- Steps: 91950
- Episodes: 590
Last 5 Episodes:
- Mean episode length: 178.40000 +/- 39.23060
- Mean episode reward: -178.40000 +/- 39.23060
Last 400 Steps:
- Mean episode length: 132.33333 +/- 44.31955
- Mean episode reward: -132.33333 +/- 44.31955

-------------------- MountainCar-v0 Log 119 --------------------
Overall:
- Steps: 92844
- Episodes: 595
Last 5 Episodes:
- Mean episode length: 177.80000 +/- 15.92985
- Mean episode reward: -177.80000 +/- 15.92985
Last 400 Steps:
- Mean episode length: 132.33333 +/- 46.31295
- Mean episode reward: -132.33333 +/- 46.31295

-------------------- MountainCar-v0 Log 120 --------------------
Overall:
- Steps: 93532
- Episodes: 600
Last 5 Episodes:
- Mean episode length: 136.60000 +/- 40.32171
- Mean episode reward: -136.60000 +/- 40.32171
Last 400 Steps:
- Mean episode length: 132.33333 +/- 51.42200
- Mean episode reward: -132.33333 +/- 51.42200

-------------------- MountainCar-v0 Log 121 --------------------
Overall:
- Steps: 94265
- Episodes: 605
Last 5 Episodes:
- Mean episode length: 145.60000 +/- 29.47270
- Mean episode reward: -145.60000 +/- 29.47270
Last 400 Steps:
- Mean episode length: 132.33333 +/- 32.22146
- Mean episode reward: -132.33333 +/- 32.22146

-------------------- MountainCar-v0 Log 122 --------------------
Overall:
- Steps: 95006
- Episodes: 610
Last 5 Episodes:
- Mean episode length: 147.20000 +/- 29.05443
- Mean episode reward: -147.20000 +/- 29.05443
Last 400 Steps:
- Mean episode length: 132.33333 +/- 30.40102
- Mean episode reward: -132.33333 +/- 30.40102

-------------------- MountainCar-v0 Log 123 --------------------
Overall:
- Steps: 95797
- Episodes: 615
Last 5 Episodes:
- Mean episode length: 157.20000 +/- 3.76298
- Mean episode reward: -157.20000 +/- 3.76298
Last 400 Steps:
- Mean episode length: 132.33333 +/- 37.02552
- Mean episode reward: -132.33333 +/- 37.02552

-------------------- MountainCar-v0 Log 124 --------------------
Overall:
- Steps: 96611
- Episodes: 620
Last 5 Episodes:
- Mean episode length: 161.80000 +/- 19.74234
- Mean episode reward: -161.80000 +/- 19.74234
Last 400 Steps:
- Mean episode length: 132.33333 +/- 37.71236
- Mean episode reward: -132.33333 +/- 37.71236

-------------------- MountainCar-v0 Log 125 --------------------
Overall:
- Steps: 97533
- Episodes: 625
Last 5 Episodes:
- Mean episode length: 183.40000 +/- 19.27278
- Mean episode reward: -183.40000 +/- 19.27278
Last 400 Steps:
- Mean episode length: 132.33333 +/- 39.26265
- Mean episode reward: -132.33333 +/- 39.26265

-------------------- MountainCar-v0 Log 126 --------------------
Overall:
- Steps: 98264
- Episodes: 630
Last 5 Episodes:
- Mean episode length: 145.20000 +/- 20.94182
- Mean episode reward: -145.20000 +/- 20.94182
Last 400 Steps:
- Mean episode length: 132.33333 +/- 26.44911
- Mean episode reward: -132.33333 +/- 26.44911

-------------------- MountainCar-v0 Log 127 --------------------
Overall:
- Steps: 99019
- Episodes: 635
Last 5 Episodes:
- Mean episode length: 150.00000 +/- 7.58947
- Mean episode reward: -150.00000 +/- 7.58947
Last 400 Steps:
- Mean episode length: 132.33333 +/- 26.23399
- Mean episode reward: -132.33333 +/- 26.23399

-------------------- MountainCar-v0 Log 128 --------------------
Overall:
- Steps: 99785
- Episodes: 640
Last 5 Episodes:
- Mean episode length: 152.20000 +/- 10.66583
- Mean episode reward: -152.20000 +/- 10.66583
Last 400 Steps:
- Mean episode length: 132.33333 +/- 35.44323
- Mean episode reward: -132.33333 +/- 35.44323

-------------------- MountainCar-v0 Log 129 --------------------
Overall:
- Steps: 100476
- Episodes: 645
Last 5 Episodes:
- Mean episode length: 137.20000 +/- 19.93389
- Mean episode reward: -137.20000 +/- 19.93389
Last 400 Steps:
- Mean episode length: 132.33333 +/- 34.17927
- Mean episode reward: -132.33333 +/- 34.17927

-------------------- MountainCar-v0 Log 130 --------------------
Overall:
- Steps: 101250
- Episodes: 650
Last 5 Episodes:
- Mean episode length: 153.80000 +/- 32.59080
- Mean episode reward: -153.80000 +/- 32.59080
Last 400 Steps:
- Mean episode length: 132.33333 +/- 65.82975
- Mean episode reward: -132.33333 +/- 65.82975

-------------------- MountainCar-v0 Log 131 --------------------
Overall:
- Steps: 101886
- Episodes: 655
Last 5 Episodes:
- Mean episode length: 126.20000 +/- 29.49169
- Mean episode reward: -126.20000 +/- 29.49169
Last 400 Steps:
- Mean episode length: 99.00000 +/- 28.53945
- Mean episode reward: -99.00000 +/- 28.53945

-------------------- MountainCar-v0 Log 132 --------------------
Overall:
- Steps: 102657
- Episodes: 660
Last 5 Episodes:
- Mean episode length: 153.20000 +/- 38.35310
- Mean episode reward: -153.20000 +/- 38.35310
Last 400 Steps:
- Mean episode length: 132.33333 +/- 34.96983
- Mean episode reward: -132.33333 +/- 34.96983

-------------------- MountainCar-v0 Log 133 --------------------
Overall:
- Steps: 103467
- Episodes: 665
Last 5 Episodes:
- Mean episode length: 161.00000 +/- 40.21940
- Mean episode reward: -161.00000 +/- 40.21940
Last 400 Steps:
- Mean episode length: 132.33333 +/- 69.17289
- Mean episode reward: -132.33333 +/- 69.17289

-------------------- MountainCar-v0 Log 134 --------------------
Overall:
- Steps: 104297
- Episodes: 670
Last 5 Episodes:
- Mean episode length: 165.00000 +/- 31.29856
- Mean episode reward: -165.00000 +/- 31.29856
Last 400 Steps:
- Mean episode length: 132.33333 +/- 66.81982
- Mean episode reward: -132.33333 +/- 66.81982

-------------------- MountainCar-v0 Log 135 --------------------
Overall:
- Steps: 105078
- Episodes: 675
Last 5 Episodes:
- Mean episode length: 155.20000 +/- 31.92115
- Mean episode reward: -155.20000 +/- 31.92115
Last 400 Steps:
- Mean episode length: 132.33333 +/- 37.38389
- Mean episode reward: -132.33333 +/- 37.38389

-------------------- MountainCar-v0 Log 136 --------------------
Overall:
- Steps: 105953
- Episodes: 680
Last 5 Episodes:
- Mean episode length: 174.00000 +/- 13.53514
- Mean episode reward: -174.00000 +/- 13.53514
Last 400 Steps:
- Mean episode length: 132.33333 +/- 41.96295
- Mean episode reward: -132.33333 +/- 41.96295

-------------------- MountainCar-v0 Log 137 --------------------
Overall:
- Steps: 106644
- Episodes: 685
Last 5 Episodes:
- Mean episode length: 137.20000 +/- 31.93994
- Mean episode reward: -137.20000 +/- 31.93994
Last 400 Steps:
- Mean episode length: 132.33333 +/- 32.41742
- Mean episode reward: -132.33333 +/- 32.41742

-------------------- MountainCar-v0 Log 138 --------------------
Overall:
- Steps: 107337
- Episodes: 690
Last 5 Episodes:
- Mean episode length: 137.60000 +/- 37.94522
- Mean episode reward: -137.60000 +/- 37.94522
Last 400 Steps:
- Mean episode length: 132.33333 +/- 35.18838
- Mean episode reward: -132.33333 +/- 35.18838

-------------------- MountainCar-v0 Log 139 --------------------
Overall:
- Steps: 108011
- Episodes: 695
Last 5 Episodes:
- Mean episode length: 133.80000 +/- 35.85750
- Mean episode reward: -133.80000 +/- 35.85750
Last 400 Steps:
- Mean episode length: 99.00000 +/- 37.19543
- Mean episode reward: -99.00000 +/- 37.19543

-------------------- MountainCar-v0 Log 140 --------------------
Overall:
- Steps: 108730
- Episodes: 700
Last 5 Episodes:
- Mean episode length: 142.80000 +/- 39.42284
- Mean episode reward: -142.80000 +/- 39.42284
Last 400 Steps:
- Mean episode length: 132.33333 +/- 67.98693
- Mean episode reward: -132.33333 +/- 67.98693

-------------------- MountainCar-v0 Log 141 --------------------
Overall:
- Steps: 109398
- Episodes: 705
Last 5 Episodes:
- Mean episode length: 132.60000 +/- 34.98342
- Mean episode reward: -132.60000 +/- 34.98342
Last 400 Steps:
- Mean episode length: 132.33333 +/- 32.96800
- Mean episode reward: -132.33333 +/- 32.96800

-------------------- MountainCar-v0 Log 142 --------------------
Overall:
- Steps: 110066
- Episodes: 710
Last 5 Episodes:
- Mean episode length: 132.60000 +/- 35.86976
- Mean episode reward: -132.60000 +/- 35.86976
Last 400 Steps:
- Mean episode length: 132.33333 +/- 28.52290
- Mean episode reward: -132.33333 +/- 28.52290

-------------------- MountainCar-v0 Log 143 --------------------
Overall:
- Steps: 110818
- Episodes: 715
Last 5 Episodes:
- Mean episode length: 149.40000 +/- 21.95085
- Mean episode reward: -149.40000 +/- 21.95085
Last 400 Steps:
- Mean episode length: 132.33333 +/- 27.10883
- Mean episode reward: -132.33333 +/- 27.10883

-------------------- MountainCar-v0 Log 144 --------------------
Overall:
- Steps: 111543
- Episodes: 720
Last 5 Episodes:
- Mean episode length: 144.00000 +/- 4.69042
- Mean episode reward: -144.00000 +/- 4.69042
Last 400 Steps:
- Mean episode length: 132.33333 +/- 9.74109
- Mean episode reward: -132.33333 +/- 9.74109

-------------------- MountainCar-v0 Log 145 --------------------
Overall:
- Steps: 112188
- Episodes: 725
Last 5 Episodes:
- Mean episode length: 128.00000 +/- 26.84027
- Mean episode reward: -128.00000 +/- 26.84027
Last 400 Steps:
- Mean episode length: 99.00000 +/- 36.62649
- Mean episode reward: -99.00000 +/- 36.62649

-------------------- MountainCar-v0 Log 146 --------------------
Overall:
- Steps: 112760
- Episodes: 730
Last 5 Episodes:
- Mean episode length: 113.40000 +/- 32.30851
- Mean episode reward: -113.40000 +/- 32.30851
Last 400 Steps:
- Mean episode length: 99.00000 +/- 61.59545
- Mean episode reward: -99.00000 +/- 61.59545

-------------------- MountainCar-v0 Log 147 --------------------
Overall:
- Steps: 113413
- Episodes: 735
Last 5 Episodes:
- Mean episode length: 129.60000 +/- 40.40594
- Mean episode reward: -129.60000 +/- 40.40594
Last 400 Steps:
- Mean episode length: 99.00000 +/- 61.10646
- Mean episode reward: -99.00000 +/- 61.10646

-------------------- MountainCar-v0 Log 148 --------------------
Overall:
- Steps: 114064
- Episodes: 740
Last 5 Episodes:
- Mean episode length: 129.20000 +/- 46.43878
- Mean episode reward: -129.20000 +/- 46.43878
Last 400 Steps:
- Mean episode length: 99.00000 +/- 13.39776
- Mean episode reward: -99.00000 +/- 13.39776

-------------------- MountainCar-v0 Log 149 --------------------
Overall:
- Steps: 114944
- Episodes: 745
Last 5 Episodes:
- Mean episode length: 175.00000 +/- 17.50429
- Mean episode reward: -175.00000 +/- 17.50429
Last 400 Steps:
- Mean episode length: 132.33333 +/- 65.10675
- Mean episode reward: -132.33333 +/- 65.10675

-------------------- MountainCar-v0 Log 150 --------------------
Overall:
- Steps: 115538
- Episodes: 750
Last 5 Episodes:
- Mean episode length: 117.80000 +/- 35.37457
- Mean episode reward: -117.80000 +/- 35.37457
Last 400 Steps:
- Mean episode length: 99.00000 +/- 17.00000
- Mean episode reward: -99.00000 +/- 17.00000

-------------------- MountainCar-v0 Log 151 --------------------
Overall:
- Steps: 116282
- Episodes: 755
Last 5 Episodes:
- Mean episode length: 147.80000 +/- 41.70084
- Mean episode reward: -147.80000 +/- 41.70084
Last 400 Steps:
- Mean episode length: 132.33333 +/- 74.71873
- Mean episode reward: -132.33333 +/- 74.71873

-------------------- MountainCar-v0 Log 152 --------------------
Overall:
- Steps: 116903
- Episodes: 760
Last 5 Episodes:
- Mean episode length: 123.20000 +/- 44.02908
- Mean episode reward: -123.20000 +/- 44.02908
Last 400 Steps:
- Mean episode length: 132.33333 +/- 63.25258
- Mean episode reward: -132.33333 +/- 63.25258

-------------------- MountainCar-v0 Log 153 --------------------
Overall:
- Steps: 117648
- Episodes: 765
Last 5 Episodes:
- Mean episode length: 148.00000 +/- 31.04191
- Mean episode reward: -148.00000 +/- 31.04191
Last 400 Steps:
- Mean episode length: 132.33333 +/- 51.22716
- Mean episode reward: -132.33333 +/- 51.22716

-------------------- MountainCar-v0 Log 154 --------------------
Overall:
- Steps: 118182
- Episodes: 770
Last 5 Episodes:
- Mean episode length: 105.80000 +/- 26.65633
- Mean episode reward: -105.80000 +/- 26.65633
Last 400 Steps:
- Mean episode length: 99.00000 +/- 16.41646
- Mean episode reward: -99.00000 +/- 16.41646

-------------------- MountainCar-v0 Log 155 --------------------
Overall:
- Steps: 118780
- Episodes: 775
Last 5 Episodes:
- Mean episode length: 118.60000 +/- 32.83656
- Mean episode reward: -118.60000 +/- 32.83656
Last 400 Steps:
- Mean episode length: 132.33333 +/- 31.66842
- Mean episode reward: -132.33333 +/- 31.66842

-------------------- MountainCar-v0 Log 156 --------------------
Overall:
- Steps: 119480
- Episodes: 780
Last 5 Episodes:
- Mean episode length: 139.00000 +/- 37.86291
- Mean episode reward: -139.00000 +/- 37.86291
Last 400 Steps:
- Mean episode length: 132.33333 +/- 55.93051
- Mean episode reward: -132.33333 +/- 55.93051

-------------------- MountainCar-v0 Log 157 --------------------
Overall:
- Steps: 120136
- Episodes: 785
Last 5 Episodes:
- Mean episode length: 130.20000 +/- 32.60920
- Mean episode reward: -130.20000 +/- 32.60920
Last 400 Steps:
- Mean episode length: 132.33333 +/- 35.12201
- Mean episode reward: -132.33333 +/- 35.12201

-------------------- MountainCar-v0 Log 158 --------------------
Overall:
- Steps: 120704
- Episodes: 790
Last 5 Episodes:
- Mean episode length: 112.60000 +/- 33.46999
- Mean episode reward: -112.60000 +/- 33.46999
Last 400 Steps:
- Mean episode length: 99.00000 +/- 34.11744
- Mean episode reward: -99.00000 +/- 34.11744

-------------------- MountainCar-v0 Log 159 --------------------
Overall:
- Steps: 121467
- Episodes: 795
Last 5 Episodes:
- Mean episode length: 151.60000 +/- 7.31027
- Mean episode reward: -151.60000 +/- 7.31027
Last 400 Steps:
- Mean episode length: 132.33333 +/- 18.66071
- Mean episode reward: -132.33333 +/- 18.66071

-------------------- MountainCar-v0 Log 160 --------------------
Overall:
- Steps: 122090
- Episodes: 800
Last 5 Episodes:
- Mean episode length: 123.60000 +/- 41.06872
- Mean episode reward: -123.60000 +/- 41.06872
Last 400 Steps:
- Mean episode length: 99.00000 +/- 14.71394
- Mean episode reward: -99.00000 +/- 14.71394

-------------------- MountainCar-v0 Log 161 --------------------
Overall:
- Steps: 122725
- Episodes: 805
Last 5 Episodes:
- Mean episode length: 126.00000 +/- 25.44799
- Mean episode reward: -126.00000 +/- 25.44799
Last 400 Steps:
- Mean episode length: 99.00000 +/- 28.62691
- Mean episode reward: -99.00000 +/- 28.62691

-------------------- MountainCar-v0 Log 162 --------------------
Overall:
- Steps: 123449
- Episodes: 810
Last 5 Episodes:
- Mean episode length: 143.80000 +/- 30.99290
- Mean episode reward: -143.80000 +/- 30.99290
Last 400 Steps:
- Mean episode length: 132.33333 +/- 37.57067
- Mean episode reward: -132.33333 +/- 37.57067

-------------------- MountainCar-v0 Log 163 --------------------
Overall:
- Steps: 124030
- Episodes: 815
Last 5 Episodes:
- Mean episode length: 115.20000 +/- 25.25391
- Mean episode reward: -115.20000 +/- 25.25391
Last 400 Steps:
- Mean episode length: 99.00000 +/- 11.18034
- Mean episode reward: -99.00000 +/- 11.18034

-------------------- MountainCar-v0 Log 164 --------------------
Overall:
- Steps: 124665
- Episodes: 820
Last 5 Episodes:
- Mean episode length: 126.00000 +/- 34.85398
- Mean episode reward: -126.00000 +/- 34.85398
Last 400 Steps:
- Mean episode length: 99.00000 +/- 3.53553
- Mean episode reward: -99.00000 +/- 3.53553

-------------------- MountainCar-v0 Log 165 --------------------
Overall:
- Steps: 125371
- Episodes: 825
Last 5 Episodes:
- Mean episode length: 140.20000 +/- 25.99538
- Mean episode reward: -140.20000 +/- 25.99538
Last 400 Steps:
- Mean episode length: 132.33333 +/- 8.73053
- Mean episode reward: -132.33333 +/- 8.73053

-------------------- MountainCar-v0 Log 166 --------------------
Overall:
- Steps: 126005
- Episodes: 830
Last 5 Episodes:
- Mean episode length: 125.80000 +/- 24.93512
- Mean episode reward: -125.80000 +/- 24.93512
Last 400 Steps:
- Mean episode length: 99.00000 +/- 20.83267
- Mean episode reward: -99.00000 +/- 20.83267

-------------------- MountainCar-v0 Log 167 --------------------
Overall:
- Steps: 126530
- Episodes: 835
Last 5 Episodes:
- Mean episode length: 104.00000 +/- 22.60088
- Mean episode reward: -104.00000 +/- 22.60088
Last 400 Steps:
- Mean episode length: 99.00000 +/- 32.51923
- Mean episode reward: -99.00000 +/- 32.51923

-------------------- MountainCar-v0 Log 168 --------------------
Overall:
- Steps: 127117
- Episodes: 840
Last 5 Episodes:
- Mean episode length: 116.40000 +/- 35.44348
- Mean episode reward: -116.40000 +/- 35.44348
Last 400 Steps:
- Mean episode length: 99.00000 +/- 58.81751
- Mean episode reward: -99.00000 +/- 58.81751

-------------------- MountainCar-v0 Log 169 --------------------
Overall:
- Steps: 127767
- Episodes: 845
Last 5 Episodes:
- Mean episode length: 129.00000 +/- 33.48432
- Mean episode reward: -129.00000 +/- 33.48432
Last 400 Steps:
- Mean episode length: 132.33333 +/- 43.53032
- Mean episode reward: -132.33333 +/- 43.53032

-------------------- MountainCar-v0 Log 170 --------------------
Overall:
- Steps: 128417
- Episodes: 850
Last 5 Episodes:
- Mean episode length: 129.00000 +/- 28.66357
- Mean episode reward: -129.00000 +/- 28.66357
Last 400 Steps:
- Mean episode length: 99.00000 +/- 24.01041
- Mean episode reward: -99.00000 +/- 24.01041

-------------------- MountainCar-v0 Log 171 --------------------
Overall:
- Steps: 128977
- Episodes: 855
Last 5 Episodes:
- Mean episode length: 111.00000 +/- 20.79423
- Mean episode reward: -111.00000 +/- 20.79423
Last 400 Steps:
- Mean episode length: 99.00000 +/- 17.62101
- Mean episode reward: -99.00000 +/- 17.62101

-------------------- MountainCar-v0 Log 172 --------------------
Overall:
- Steps: 129653
- Episodes: 860
Last 5 Episodes:
- Mean episode length: 134.20000 +/- 42.07327
- Mean episode reward: -134.20000 +/- 42.07327
Last 400 Steps:
- Mean episode length: 132.33333 +/- 74.08704
- Mean episode reward: -132.33333 +/- 74.08704

-------------------- MountainCar-v0 Log 173 --------------------
Overall:
- Steps: 130167
- Episodes: 865
Last 5 Episodes:
- Mean episode length: 101.80000 +/- 10.45753
- Mean episode reward: -101.80000 +/- 10.45753
Last 400 Steps:
- Mean episode length: 99.00000 +/- 9.66954
- Mean episode reward: -99.00000 +/- 9.66954

-------------------- MountainCar-v0 Log 174 --------------------
Overall:
- Steps: 130769
- Episodes: 870
Last 5 Episodes:
- Mean episode length: 119.40000 +/- 26.22670
- Mean episode reward: -119.40000 +/- 26.22670
Last 400 Steps:
- Mean episode length: 99.00000 +/- 47.98437
- Mean episode reward: -99.00000 +/- 47.98437

-------------------- MountainCar-v0 Log 175 --------------------
Overall:
- Steps: 131511
- Episodes: 875
Last 5 Episodes:
- Mean episode length: 147.40000 +/- 47.47462
- Mean episode reward: -147.40000 +/- 47.47462
Last 400 Steps:
- Mean episode length: 132.33333 +/- 36.00309
- Mean episode reward: -132.33333 +/- 36.00309

-------------------- MountainCar-v0 Log 176 --------------------
Overall:
- Steps: 132183
- Episodes: 880
Last 5 Episodes:
- Mean episode length: 133.40000 +/- 22.20450
- Mean episode reward: -133.40000 +/- 22.20450
Last 400 Steps:
- Mean episode length: 99.00000 +/- 55.11806
- Mean episode reward: -99.00000 +/- 55.11806

-------------------- MountainCar-v0 Log 177 --------------------
Overall:
- Steps: 132857
- Episodes: 885
Last 5 Episodes:
- Mean episode length: 133.80000 +/- 39.84671
- Mean episode reward: -133.80000 +/- 39.84671
Last 400 Steps:
- Mean episode length: 132.33333 +/- 33.47968
- Mean episode reward: -132.33333 +/- 33.47968

-------------------- MountainCar-v0 Log 178 --------------------
Overall:
- Steps: 133375
- Episodes: 890
Last 5 Episodes:
- Mean episode length: 102.60000 +/- 35.71330
- Mean episode reward: -102.60000 +/- 35.71330
Last 400 Steps:
- Mean episode length: 99.00000 +/- 45.53570
- Mean episode reward: -99.00000 +/- 45.53570

-------------------- MountainCar-v0 Log 179 --------------------
Overall:
- Steps: 133887
- Episodes: 895
Last 5 Episodes:
- Mean episode length: 101.40000 +/- 33.30826
- Mean episode reward: -101.40000 +/- 33.30826
Last 400 Steps:
- Mean episode length: 99.00000 +/- 24.83948
- Mean episode reward: -99.00000 +/- 24.83948

-------------------- MountainCar-v0 Log 180 --------------------
Overall:
- Steps: 134458
- Episodes: 900
Last 5 Episodes:
- Mean episode length: 113.20000 +/- 32.95087
- Mean episode reward: -113.20000 +/- 32.95087
Last 400 Steps:
- Mean episode length: 99.00000 +/- 33.37664
- Mean episode reward: -99.00000 +/- 33.37664

-------------------- MountainCar-v0 Log 181 --------------------
Overall:
- Steps: 135128
- Episodes: 905
Last 5 Episodes:
- Mean episode length: 133.00000 +/- 32.56378
- Mean episode reward: -133.00000 +/- 32.56378
Last 400 Steps:
- Mean episode length: 99.00000 +/- 36.87140
- Mean episode reward: -99.00000 +/- 36.87140

-------------------- MountainCar-v0 Log 182 --------------------
Overall:
- Steps: 135823
- Episodes: 910
Last 5 Episodes:
- Mean episode length: 138.00000 +/- 43.42350
- Mean episode reward: -138.00000 +/- 43.42350
Last 400 Steps:
- Mean episode length: 132.33333 +/- 70.37676
- Mean episode reward: -132.33333 +/- 70.37676

-------------------- MountainCar-v0 Log 183 --------------------
Overall:
- Steps: 136567
- Episodes: 915
Last 5 Episodes:
- Mean episode length: 147.80000 +/- 23.82771
- Mean episode reward: -147.80000 +/- 23.82771
Last 400 Steps:
- Mean episode length: 132.33333 +/- 33.47968
- Mean episode reward: -132.33333 +/- 33.47968

-------------------- MountainCar-v0 Log 184 --------------------
Overall:
- Steps: 137211
- Episodes: 920
Last 5 Episodes:
- Mean episode length: 127.80000 +/- 32.94480
- Mean episode reward: -127.80000 +/- 32.94480
Last 400 Steps:
- Mean episode length: 132.33333 +/- 31.35106
- Mean episode reward: -132.33333 +/- 31.35106

-------------------- MountainCar-v0 Log 185 --------------------
Overall:
- Steps: 137892
- Episodes: 925
Last 5 Episodes:
- Mean episode length: 135.20000 +/- 44.86156
- Mean episode reward: -135.20000 +/- 44.86156
Last 400 Steps:
- Mean episode length: 132.33333 +/- 66.24366
- Mean episode reward: -132.33333 +/- 66.24366

-------------------- MountainCar-v0 Log 186 --------------------
Overall:
- Steps: 138595
- Episodes: 930
Last 5 Episodes:
- Mean episode length: 139.60000 +/- 36.78913
- Mean episode reward: -139.60000 +/- 36.78913
Last 400 Steps:
- Mean episode length: 99.00000 +/- 43.61766
- Mean episode reward: -99.00000 +/- 43.61766

-------------------- MountainCar-v0 Log 187 --------------------
Overall:
- Steps: 139247
- Episodes: 935
Last 5 Episodes:
- Mean episode length: 129.40000 +/- 37.18925
- Mean episode reward: -129.40000 +/- 37.18925
Last 400 Steps:
- Mean episode length: 132.33333 +/- 44.90236
- Mean episode reward: -132.33333 +/- 44.90236

-------------------- MountainCar-v0 Log 188 --------------------
Overall:
- Steps: 139933
- Episodes: 940
Last 5 Episodes:
- Mean episode length: 136.20000 +/- 26.22518
- Mean episode reward: -136.20000 +/- 26.22518
Last 400 Steps:
- Mean episode length: 132.33333 +/- 25.84999
- Mean episode reward: -132.33333 +/- 25.84999

-------------------- MountainCar-v0 Log 189 --------------------
Overall:
- Steps: 140622
- Episodes: 945
Last 5 Episodes:
- Mean episode length: 136.80000 +/- 38.62331
- Mean episode reward: -136.80000 +/- 38.62331
Last 400 Steps:
- Mean episode length: 132.33333 +/- 47.70977
- Mean episode reward: -132.33333 +/- 47.70977

-------------------- MountainCar-v0 Log 190 --------------------
Overall:
- Steps: 141234
- Episodes: 950
Last 5 Episodes:
- Mean episode length: 121.40000 +/- 45.50429
- Mean episode reward: -121.40000 +/- 45.50429
Last 400 Steps:
- Mean episode length: 99.00000 +/- 28.90502
- Mean episode reward: -99.00000 +/- 28.90502

-------------------- MountainCar-v0 Log 191 --------------------
Overall:
- Steps: 141751
- Episodes: 955
Last 5 Episodes:
- Mean episode length: 102.40000 +/- 25.88127
- Mean episode reward: -102.40000 +/- 25.88127
Last 400 Steps:
- Mean episode length: 99.00000 +/- 33.42155
- Mean episode reward: -99.00000 +/- 33.42155

-------------------- MountainCar-v0 Log 192 --------------------
Overall:
- Steps: 142346
- Episodes: 960
Last 5 Episodes:
- Mean episode length: 118.00000 +/- 32.00000
- Mean episode reward: -118.00000 +/- 32.00000
Last 400 Steps:
- Mean episode length: 132.33333 +/- 26.83696
- Mean episode reward: -132.33333 +/- 26.83696

-------------------- MountainCar-v0 Log 193 --------------------
Overall:
- Steps: 143075
- Episodes: 965
Last 5 Episodes:
- Mean episode length: 144.80000 +/- 30.32095
- Mean episode reward: -144.80000 +/- 30.32095
Last 400 Steps:
- Mean episode length: 132.33333 +/- 41.69999
- Mean episode reward: -132.33333 +/- 41.69999

-------------------- MountainCar-v0 Log 194 --------------------
Overall:
- Steps: 143687
- Episodes: 970
Last 5 Episodes:
- Mean episode length: 121.40000 +/- 31.19359
- Mean episode reward: -121.40000 +/- 31.19359
Last 400 Steps:
- Mean episode length: 99.00000 +/- 64.55618
- Mean episode reward: -99.00000 +/- 64.55618

-------------------- MountainCar-v0 Log 195 --------------------
Overall:
- Steps: 144345
- Episodes: 975
Last 5 Episodes:
- Mean episode length: 130.60000 +/- 30.87782
- Mean episode reward: -130.60000 +/- 30.87782
Last 400 Steps:
- Mean episode length: 132.33333 +/- 32.06590
- Mean episode reward: -132.33333 +/- 32.06590

-------------------- MountainCar-v0 Log 196 --------------------
Overall:
- Steps: 145110
- Episodes: 980
Last 5 Episodes:
- Mean episode length: 152.00000 +/- 2.68328
- Mean episode reward: -152.00000 +/- 2.68328
Last 400 Steps:
- Mean episode length: 132.33333 +/- 26.44911
- Mean episode reward: -132.33333 +/- 26.44911

-------------------- MountainCar-v0 Log 197 --------------------
Overall:
- Steps: 145764
- Episodes: 985
Last 5 Episodes:
- Mean episode length: 129.80000 +/- 36.63004
- Mean episode reward: -129.80000 +/- 36.63004
Last 400 Steps:
- Mean episode length: 132.33333 +/- 32.31443
- Mean episode reward: -132.33333 +/- 32.31443

-------------------- MountainCar-v0 Log 198 --------------------
Overall:
- Steps: 146479
- Episodes: 990
Last 5 Episodes:
- Mean episode length: 142.00000 +/- 29.44147
- Mean episode reward: -142.00000 +/- 29.44147
Last 400 Steps:
- Mean episode length: 132.33333 +/- 35.36791
- Mean episode reward: -132.33333 +/- 35.36791

-------------------- MountainCar-v0 Log 199 --------------------
Overall:
- Steps: 147233
- Episodes: 995
Last 5 Episodes:
- Mean episode length: 149.80000 +/- 31.88354
- Mean episode reward: -149.80000 +/- 31.88354
Last 400 Steps:
- Mean episode length: 132.33333 +/- 49.94886
- Mean episode reward: -132.33333 +/- 49.94886

