-------------------- Acrobot-v1 Log 0 --------------------
Overall:
- Steps: 500
- Episodes: 0
Last 5 Episodes:
- Mean episode length: 499.00000 +/- 0.00000
- Mean episode reward: -499.00000 +/- 0.00000
Last 1000 Steps:
- Mean episode length: 499.00000 +/- 0.00000
- Mean episode reward: -499.00000 +/- 0.00000

-------------------- Acrobot-v1 Log 1 --------------------
Overall:
- Steps: 3000
- Episodes: 5
Last 5 Episodes:
- Mean episode length: 499.00000 +/- 0.00000
- Mean episode reward: -499.00000 +/- 0.00000
Last 1000 Steps:
- Mean episode length: 499.00000 +/- 0.00000
- Mean episode reward: -499.00000 +/- 0.00000

-------------------- Acrobot-v1 Log 2 --------------------
Overall:
- Steps: 5500
- Episodes: 10
Last 5 Episodes:
- Mean episode length: 499.00000 +/- 0.00000
- Mean episode reward: -499.00000 +/- 0.00000
Last 1000 Steps:
- Mean episode length: 499.00000 +/- 0.00000
- Mean episode reward: -499.00000 +/- 0.00000

-------------------- Acrobot-v1 Log 3 --------------------
Overall:
- Steps: 8000
- Episodes: 15
Last 5 Episodes:
- Mean episode length: 499.00000 +/- 0.00000
- Mean episode reward: -499.00000 +/- 0.00000
Last 1000 Steps:
- Mean episode length: 499.00000 +/- 0.00000
- Mean episode reward: -499.00000 +/- 0.00000

-------------------- Acrobot-v1 Log 4 --------------------
Overall:
- Steps: 10500
- Episodes: 20
Last 5 Episodes:
- Mean episode length: 499.00000 +/- 0.00000
- Mean episode reward: -499.00000 +/- 0.00000
Last 1000 Steps:
- Mean episode length: 499.00000 +/- 0.00000
- Mean episode reward: -499.00000 +/- 0.00000

-------------------- Acrobot-v1 Log 5 --------------------
Overall:
- Steps: 13000
- Episodes: 25
Last 5 Episodes:
- Mean episode length: 499.00000 +/- 0.00000
- Mean episode reward: -499.00000 +/- 0.00000
Last 1000 Steps:
- Mean episode length: 499.00000 +/- 0.00000
- Mean episode reward: -499.00000 +/- 0.00000

-------------------- Acrobot-v1 Log 6 --------------------
Overall:
- Steps: 15500
- Episodes: 30
Last 5 Episodes:
- Mean episode length: 499.00000 +/- 0.00000
- Mean episode reward: -499.00000 +/- 0.00000
Last 1000 Steps:
- Mean episode length: 499.00000 +/- 0.00000
- Mean episode reward: -499.00000 +/- 0.00000

-------------------- Acrobot-v1 Log 7 --------------------
Overall:
- Steps: 18000
- Episodes: 35
Last 5 Episodes:
- Mean episode length: 499.00000 +/- 0.00000
- Mean episode reward: -499.00000 +/- 0.00000
Last 1000 Steps:
- Mean episode length: 499.00000 +/- 0.00000
- Mean episode reward: -499.00000 +/- 0.00000

-------------------- Acrobot-v1 Log 8 --------------------
Overall:
- Steps: 20500
- Episodes: 40
Last 5 Episodes:
- Mean episode length: 499.00000 +/- 0.00000
- Mean episode reward: -499.00000 +/- 0.00000
Last 1000 Steps:
- Mean episode length: 499.00000 +/- 0.00000
- Mean episode reward: -499.00000 +/- 0.00000

-------------------- Acrobot-v1 Log 9 --------------------
Overall:
- Steps: 23000
- Episodes: 45
Last 5 Episodes:
- Mean episode length: 499.00000 +/- 0.00000
- Mean episode reward: -499.00000 +/- 0.00000
Last 1000 Steps:
- Mean episode length: 499.00000 +/- 0.00000
- Mean episode reward: -499.00000 +/- 0.00000

-------------------- Acrobot-v1 Log 10 --------------------
Overall:
- Steps: 25500
- Episodes: 50
Last 5 Episodes:
- Mean episode length: 499.00000 +/- 0.00000
- Mean episode reward: -499.00000 +/- 0.00000
Last 1000 Steps:
- Mean episode length: 499.00000 +/- 0.00000
- Mean episode reward: -499.00000 +/- 0.00000

-------------------- Acrobot-v1 Log 11 --------------------
Overall:
- Steps: 28000
- Episodes: 55
Last 5 Episodes:
- Mean episode length: 499.00000 +/- 0.00000
- Mean episode reward: -499.00000 +/- 0.00000
Last 1000 Steps:
- Mean episode length: 499.00000 +/- 0.00000
- Mean episode reward: -499.00000 +/- 0.00000

-------------------- Acrobot-v1 Log 12 --------------------
Overall:
- Steps: 30121
- Episodes: 60
Last 5 Episodes:
- Mean episode length: 423.20000 +/- 151.60000
- Mean episode reward: -423.20000 +/- 151.60000
Last 1000 Steps:
- Mean episode length: 332.33333 +/- 158.05976
- Mean episode reward: -332.33333 +/- 158.05976

-------------------- Acrobot-v1 Log 13 --------------------
Overall:
- Steps: 31219
- Episodes: 65
Last 5 Episodes:
- Mean episode length: 218.60000 +/- 38.96973
- Mean episode reward: -218.60000 +/- 38.96973
Last 1000 Steps:
- Mean episode length: 199.00000 +/- 75.27284
- Mean episode reward: -199.00000 +/- 75.27284

-------------------- Acrobot-v1 Log 14 --------------------
Overall:
- Steps: 32273
- Episodes: 70
Last 5 Episodes:
- Mean episode length: 209.80000 +/- 42.23458
- Mean episode reward: -209.80000 +/- 42.23458
Last 1000 Steps:
- Mean episode length: 199.00000 +/- 45.53241
- Mean episode reward: -199.00000 +/- 45.53241

-------------------- Acrobot-v1 Log 15 --------------------
Overall:
- Steps: 33378
- Episodes: 75
Last 5 Episodes:
- Mean episode length: 220.00000 +/- 45.87374
- Mean episode reward: -220.00000 +/- 45.87374
Last 1000 Steps:
- Mean episode length: 199.00000 +/- 81.23054
- Mean episode reward: -199.00000 +/- 81.23054

-------------------- Acrobot-v1 Log 16 --------------------
Overall:
- Steps: 34238
- Episodes: 80
Last 5 Episodes:
- Mean episode length: 171.00000 +/- 79.83733
- Mean episode reward: -171.00000 +/- 79.83733
Last 1000 Steps:
- Mean episode length: 165.66667 +/- 73.85045
- Mean episode reward: -165.66667 +/- 73.85045

-------------------- Acrobot-v1 Log 17 --------------------
Overall:
- Steps: 35741
- Episodes: 85
Last 5 Episodes:
- Mean episode length: 299.60000 +/- 127.29745
- Mean episode reward: -299.60000 +/- 127.29745
Last 1000 Steps:
- Mean episode length: 249.00000 +/- 152.32859
- Mean episode reward: -249.00000 +/- 152.32859

-------------------- Acrobot-v1 Log 18 --------------------
Overall:
- Steps: 37337
- Episodes: 90
Last 5 Episodes:
- Mean episode length: 318.20000 +/- 109.55985
- Mean episode reward: -318.20000 +/- 109.55985
Last 1000 Steps:
- Mean episode length: 249.00000 +/- 105.24970
- Mean episode reward: -249.00000 +/- 105.24970

-------------------- Acrobot-v1 Log 19 --------------------
Overall:
- Steps: 38727
- Episodes: 95
Last 5 Episodes:
- Mean episode length: 277.00000 +/- 53.82564
- Mean episode reward: -277.00000 +/- 53.82564
Last 1000 Steps:
- Mean episode length: 249.00000 +/- 80.32123
- Mean episode reward: -249.00000 +/- 80.32123

-------------------- Acrobot-v1 Log 20 --------------------
Overall:
- Steps: 39811
- Episodes: 100
Last 5 Episodes:
- Mean episode length: 215.80000 +/- 54.71526
- Mean episode reward: -215.80000 +/- 54.71526
Last 1000 Steps:
- Mean episode length: 199.00000 +/- 84.89523
- Mean episode reward: -199.00000 +/- 84.89523

-------------------- Acrobot-v1 Log 21 --------------------
Overall:
- Steps: 41633
- Episodes: 105
Last 5 Episodes:
- Mean episode length: 363.40000 +/- 140.15506
- Mean episode reward: -363.40000 +/- 140.15506
Last 1000 Steps:
- Mean episode length: 499.00000 +/- 0.00000
- Mean episode reward: -499.00000 +/- 0.00000

-------------------- Acrobot-v1 Log 22 --------------------
Overall:
- Steps: 44118
- Episodes: 110
Last 5 Episodes:
- Mean episode length: 496.00000 +/- 6.00000
- Mean episode reward: -496.00000 +/- 6.00000
Last 1000 Steps:
- Mean episode length: 499.00000 +/- 0.00000
- Mean episode reward: -499.00000 +/- 0.00000

-------------------- Acrobot-v1 Log 23 --------------------
Overall:
- Steps: 46231
- Episodes: 115
Last 5 Episodes:
- Mean episode length: 421.60000 +/- 124.45336
- Mean episode reward: -421.60000 +/- 124.45336
Last 1000 Steps:
- Mean episode length: 332.33333 +/- 190.94385
- Mean episode reward: -332.33333 +/- 190.94385

-------------------- Acrobot-v1 Log 24 --------------------
Overall:
- Steps: 48595
- Episodes: 120
Last 5 Episodes:
- Mean episode length: 471.80000 +/- 54.40000
- Mean episode reward: -471.80000 +/- 54.40000
Last 1000 Steps:
- Mean episode length: 332.33333 +/- 150.17619
- Mean episode reward: -332.33333 +/- 150.17619

-------------------- Acrobot-v1 Log 25 --------------------
Overall:
- Steps: 50099
- Episodes: 125
Last 5 Episodes:
- Mean episode length: 299.80000 +/- 102.95125
- Mean episode reward: -299.80000 +/- 102.95125
Last 1000 Steps:
- Mean episode length: 249.00000 +/- 88.20147
- Mean episode reward: -249.00000 +/- 88.20147

-------------------- Acrobot-v1 Log 26 --------------------
Overall:
- Steps: 51172
- Episodes: 130
Last 5 Episodes:
- Mean episode length: 213.60000 +/- 25.89672
- Mean episode reward: -213.60000 +/- 25.89672
Last 1000 Steps:
- Mean episode length: 199.00000 +/- 50.33488
- Mean episode reward: -199.00000 +/- 50.33488

-------------------- Acrobot-v1 Log 27 --------------------
Overall:
- Steps: 52251
- Episodes: 135
Last 5 Episodes:
- Mean episode length: 214.80000 +/- 53.37190
- Mean episode reward: -214.80000 +/- 53.37190
Last 1000 Steps:
- Mean episode length: 199.00000 +/- 71.00423
- Mean episode reward: -199.00000 +/- 71.00423

-------------------- Acrobot-v1 Log 28 --------------------
Overall:
- Steps: 53296
- Episodes: 140
Last 5 Episodes:
- Mean episode length: 208.00000 +/- 48.69497
- Mean episode reward: -208.00000 +/- 48.69497
Last 1000 Steps:
- Mean episode length: 199.00000 +/- 44.24025
- Mean episode reward: -199.00000 +/- 44.24025

-------------------- Acrobot-v1 Log 29 --------------------
Overall:
- Steps: 54902
- Episodes: 145
Last 5 Episodes:
- Mean episode length: 320.20000 +/- 95.56024
- Mean episode reward: -320.20000 +/- 95.56024
Last 1000 Steps:
- Mean episode length: 332.33333 +/- 118.08001
- Mean episode reward: -332.33333 +/- 118.08001

-------------------- Acrobot-v1 Log 30 --------------------
Overall:
- Steps: 55758
- Episodes: 150
Last 5 Episodes:
- Mean episode length: 170.20000 +/- 73.68962
- Mean episode reward: -170.20000 +/- 73.68962
Last 1000 Steps:
- Mean episode length: 165.66667 +/- 68.02859
- Mean episode reward: -165.66667 +/- 68.02859

-------------------- Acrobot-v1 Log 31 --------------------
Overall:
- Steps: 56635
- Episodes: 155
Last 5 Episodes:
- Mean episode length: 174.40000 +/- 44.50438
- Mean episode reward: -174.40000 +/- 44.50438
Last 1000 Steps:
- Mean episode length: 165.66667 +/- 45.07648
- Mean episode reward: -165.66667 +/- 45.07648

-------------------- Acrobot-v1 Log 32 --------------------
Overall:
- Steps: 57635
- Episodes: 160
Last 5 Episodes:
- Mean episode length: 199.00000 +/- 50.61620
- Mean episode reward: -199.00000 +/- 50.61620
Last 1000 Steps:
- Mean episode length: 199.00000 +/- 50.61620
- Mean episode reward: -199.00000 +/- 50.61620

-------------------- Acrobot-v1 Log 33 --------------------
Overall:
- Steps: 58772
- Episodes: 165
Last 5 Episodes:
- Mean episode length: 226.40000 +/- 62.88911
- Mean episode reward: -226.40000 +/- 62.88911
Last 1000 Steps:
- Mean episode length: 199.00000 +/- 83.21779
- Mean episode reward: -199.00000 +/- 83.21779

-------------------- Acrobot-v1 Log 34 --------------------
Overall:
- Steps: 59824
- Episodes: 170
Last 5 Episodes:
- Mean episode length: 209.40000 +/- 41.64421
- Mean episode reward: -209.40000 +/- 41.64421
Last 1000 Steps:
- Mean episode length: 199.00000 +/- 27.95711
- Mean episode reward: -199.00000 +/- 27.95711

-------------------- Acrobot-v1 Log 35 --------------------
Overall:
- Steps: 60735
- Episodes: 175
Last 5 Episodes:
- Mean episode length: 181.20000 +/- 54.36690
- Mean episode reward: -181.20000 +/- 54.36690
Last 1000 Steps:
- Mean episode length: 165.66667 +/- 60.57686
- Mean episode reward: -165.66667 +/- 60.57686

-------------------- Acrobot-v1 Log 36 --------------------
Overall:
- Steps: 61608
- Episodes: 180
Last 5 Episodes:
- Mean episode length: 173.60000 +/- 54.45218
- Mean episode reward: -173.60000 +/- 54.45218
Last 1000 Steps:
- Mean episode length: 165.66667 +/- 52.77836
- Mean episode reward: -165.66667 +/- 52.77836

-------------------- Acrobot-v1 Log 37 --------------------
Overall:
- Steps: 62548
- Episodes: 185
Last 5 Episodes:
- Mean episode length: 187.00000 +/- 61.75111
- Mean episode reward: -187.00000 +/- 61.75111
Last 1000 Steps:
- Mean episode length: 165.66667 +/- 73.84594
- Mean episode reward: -165.66667 +/- 73.84594

-------------------- Acrobot-v1 Log 38 --------------------
Overall:
- Steps: 63262
- Episodes: 190
Last 5 Episodes:
- Mean episode length: 141.80000 +/- 12.10620
- Mean episode reward: -141.80000 +/- 12.10620
Last 1000 Steps:
- Mean episode length: 141.85714 +/- 10.72285
- Mean episode reward: -141.85714 +/- 10.72285

-------------------- Acrobot-v1 Log 39 --------------------
Overall:
- Steps: 64104
- Episodes: 195
Last 5 Episodes:
- Mean episode length: 167.40000 +/- 42.57981
- Mean episode reward: -167.40000 +/- 42.57981
Last 1000 Steps:
- Mean episode length: 141.85714 +/- 62.34794
- Mean episode reward: -141.85714 +/- 62.34794

-------------------- Acrobot-v1 Log 40 --------------------
Overall:
- Steps: 64909
- Episodes: 200
Last 5 Episodes:
- Mean episode length: 160.00000 +/- 20.58155
- Mean episode reward: -160.00000 +/- 20.58155
Last 1000 Steps:
- Mean episode length: 141.85714 +/- 58.86893
- Mean episode reward: -141.85714 +/- 58.86893

-------------------- Acrobot-v1 Log 41 --------------------
Overall:
- Steps: 65752
- Episodes: 205
Last 5 Episodes:
- Mean episode length: 167.60000 +/- 9.85089
- Mean episode reward: -167.60000 +/- 9.85089
Last 1000 Steps:
- Mean episode length: 141.85714 +/- 57.17999
- Mean episode reward: -141.85714 +/- 57.17999

-------------------- Acrobot-v1 Log 42 --------------------
Overall:
- Steps: 66557
- Episodes: 210
Last 5 Episodes:
- Mean episode length: 160.00000 +/- 48.24935
- Mean episode reward: -160.00000 +/- 48.24935
Last 1000 Steps:
- Mean episode length: 141.85714 +/- 68.36129
- Mean episode reward: -141.85714 +/- 68.36129

-------------------- Acrobot-v1 Log 43 --------------------
Overall:
- Steps: 67399
- Episodes: 215
Last 5 Episodes:
- Mean episode length: 167.40000 +/- 53.47373
- Mean episode reward: -167.40000 +/- 53.47373
Last 1000 Steps:
- Mean episode length: 141.85714 +/- 63.92279
- Mean episode reward: -141.85714 +/- 63.92279

-------------------- Acrobot-v1 Log 44 --------------------
Overall:
- Steps: 68137
- Episodes: 220
Last 5 Episodes:
- Mean episode length: 146.60000 +/- 28.89014
- Mean episode reward: -146.60000 +/- 28.89014
Last 1000 Steps:
- Mean episode length: 141.85714 +/- 28.11928
- Mean episode reward: -141.85714 +/- 28.11928

-------------------- Acrobot-v1 Log 45 --------------------
Overall:
- Steps: 68983
- Episodes: 225
Last 5 Episodes:
- Mean episode length: 168.20000 +/- 24.58780
- Mean episode reward: -168.20000 +/- 24.58780
Last 1000 Steps:
- Mean episode length: 165.66667 +/- 23.14927
- Mean episode reward: -165.66667 +/- 23.14927

-------------------- Acrobot-v1 Log 46 --------------------
Overall:
- Steps: 70089
- Episodes: 230
Last 5 Episodes:
- Mean episode length: 220.20000 +/- 95.71499
- Mean episode reward: -220.20000 +/- 95.71499
Last 1000 Steps:
- Mean episode length: 199.00000 +/- 91.54889
- Mean episode reward: -199.00000 +/- 91.54889

-------------------- Acrobot-v1 Log 47 --------------------
Overall:
- Steps: 70841
- Episodes: 235
Last 5 Episodes:
- Mean episode length: 149.40000 +/- 25.83486
- Mean episode reward: -149.40000 +/- 25.83486
Last 1000 Steps:
- Mean episode length: 141.85714 +/- 32.80431
- Mean episode reward: -141.85714 +/- 32.80431

-------------------- Acrobot-v1 Log 48 --------------------
Overall:
- Steps: 71644
- Episodes: 240
Last 5 Episodes:
- Mean episode length: 159.60000 +/- 35.41525
- Mean episode reward: -159.60000 +/- 35.41525
Last 1000 Steps:
- Mean episode length: 141.85714 +/- 56.43309
- Mean episode reward: -141.85714 +/- 56.43309

-------------------- Acrobot-v1 Log 49 --------------------
Overall:
- Steps: 72501
- Episodes: 245
Last 5 Episodes:
- Mean episode length: 170.40000 +/- 46.88966
- Mean episode reward: -170.40000 +/- 46.88966
Last 1000 Steps:
- Mean episode length: 165.66667 +/- 44.09334
- Mean episode reward: -165.66667 +/- 44.09334

-------------------- Acrobot-v1 Log 50 --------------------
Overall:
- Steps: 73268
- Episodes: 250
Last 5 Episodes:
- Mean episode length: 152.40000 +/- 52.74315
- Mean episode reward: -152.40000 +/- 52.74315
Last 1000 Steps:
- Mean episode length: 141.85714 +/- 55.52201
- Mean episode reward: -141.85714 +/- 55.52201

-------------------- Acrobot-v1 Log 51 --------------------
Overall:
- Steps: 74117
- Episodes: 255
Last 5 Episodes:
- Mean episode length: 168.80000 +/- 52.97698
- Mean episode reward: -168.80000 +/- 52.97698
Last 1000 Steps:
- Mean episode length: 141.85714 +/- 69.50525
- Mean episode reward: -141.85714 +/- 69.50525

-------------------- Acrobot-v1 Log 52 --------------------
Overall:
- Steps: 74837
- Episodes: 260
Last 5 Episodes:
- Mean episode length: 143.00000 +/- 26.90725
- Mean episode reward: -143.00000 +/- 26.90725
Last 1000 Steps:
- Mean episode length: 124.00000 +/- 43.15669
- Mean episode reward: -124.00000 +/- 43.15669

-------------------- Acrobot-v1 Log 53 --------------------
Overall:
- Steps: 75488
- Episodes: 265
Last 5 Episodes:
- Mean episode length: 129.20000 +/- 21.96725
- Mean episode reward: -129.20000 +/- 21.96725
Last 1000 Steps:
- Mean episode length: 124.00000 +/- 29.03446
- Mean episode reward: -124.00000 +/- 29.03446

-------------------- Acrobot-v1 Log 54 --------------------
Overall:
- Steps: 76286
- Episodes: 270
Last 5 Episodes:
- Mean episode length: 158.60000 +/- 32.52445
- Mean episode reward: -158.60000 +/- 32.52445
Last 1000 Steps:
- Mean episode length: 141.85714 +/- 42.04225
- Mean episode reward: -141.85714 +/- 42.04225

-------------------- Acrobot-v1 Log 55 --------------------
Overall:
- Steps: 76991
- Episodes: 275
Last 5 Episodes:
- Mean episode length: 140.00000 +/- 17.44706
- Mean episode reward: -140.00000 +/- 17.44706
Last 1000 Steps:
- Mean episode length: 124.00000 +/- 48.51288
- Mean episode reward: -124.00000 +/- 48.51288

-------------------- Acrobot-v1 Log 56 --------------------
Overall:
- Steps: 77727
- Episodes: 280
Last 5 Episodes:
- Mean episode length: 146.20000 +/- 28.78472
- Mean episode reward: -146.20000 +/- 28.78472
Last 1000 Steps:
- Mean episode length: 141.85714 +/- 29.37651
- Mean episode reward: -141.85714 +/- 29.37651

-------------------- Acrobot-v1 Log 57 --------------------
Overall:
- Steps: 78494
- Episodes: 285
Last 5 Episodes:
- Mean episode length: 152.40000 +/- 25.74956
- Mean episode reward: -152.40000 +/- 25.74956
Last 1000 Steps:
- Mean episode length: 141.85714 +/- 46.16872
- Mean episode reward: -141.85714 +/- 46.16872

-------------------- Acrobot-v1 Log 58 --------------------
Overall:
- Steps: 79299
- Episodes: 290
Last 5 Episodes:
- Mean episode length: 160.00000 +/- 37.21828
- Mean episode reward: -160.00000 +/- 37.21828
Last 1000 Steps:
- Mean episode length: 141.85714 +/- 64.84141
- Mean episode reward: -141.85714 +/- 64.84141

-------------------- Acrobot-v1 Log 59 --------------------
Overall:
- Steps: 80027
- Episodes: 295
Last 5 Episodes:
- Mean episode length: 144.60000 +/- 23.19138
- Mean episode reward: -144.60000 +/- 23.19138
Last 1000 Steps:
- Mean episode length: 141.85714 +/- 30.92123
- Mean episode reward: -141.85714 +/- 30.92123

-------------------- Acrobot-v1 Log 60 --------------------
Overall:
- Steps: 80809
- Episodes: 300
Last 5 Episodes:
- Mean episode length: 155.40000 +/- 31.59494
- Mean episode reward: -155.40000 +/- 31.59494
Last 1000 Steps:
- Mean episode length: 141.85714 +/- 34.92616
- Mean episode reward: -141.85714 +/- 34.92616

-------------------- Acrobot-v1 Log 61 --------------------
Overall:
- Steps: 81933
- Episodes: 305
Last 5 Episodes:
- Mean episode length: 223.80000 +/- 64.79938
- Mean episode reward: -223.80000 +/- 64.79938
Last 1000 Steps:
- Mean episode length: 199.00000 +/- 95.28694
- Mean episode reward: -199.00000 +/- 95.28694

-------------------- Acrobot-v1 Log 62 --------------------
Overall:
- Steps: 82596
- Episodes: 310
Last 5 Episodes:
- Mean episode length: 131.60000 +/- 17.11841
- Mean episode reward: -131.60000 +/- 17.11841
Last 1000 Steps:
- Mean episode length: 165.66667 +/- 77.76174
- Mean episode reward: -165.66667 +/- 77.76174

-------------------- Acrobot-v1 Log 63 --------------------
Overall:
- Steps: 83378
- Episodes: 315
Last 5 Episodes:
- Mean episode length: 155.40000 +/- 30.60457
- Mean episode reward: -155.40000 +/- 30.60457
Last 1000 Steps:
- Mean episode length: 141.85714 +/- 40.09784
- Mean episode reward: -141.85714 +/- 40.09784

-------------------- Acrobot-v1 Log 64 --------------------
Overall:
- Steps: 84489
- Episodes: 320
Last 5 Episodes:
- Mean episode length: 221.20000 +/- 101.06117
- Mean episode reward: -221.20000 +/- 101.06117
Last 1000 Steps:
- Mean episode length: 199.00000 +/- 61.66036
- Mean episode reward: -199.00000 +/- 61.66036

-------------------- Acrobot-v1 Log 65 --------------------
Overall:
- Steps: 85351
- Episodes: 325
Last 5 Episodes:
- Mean episode length: 171.40000 +/- 24.84834
- Mean episode reward: -171.40000 +/- 24.84834
Last 1000 Steps:
- Mean episode length: 165.66667 +/- 26.05550
- Mean episode reward: -165.66667 +/- 26.05550

-------------------- Acrobot-v1 Log 66 --------------------
Overall:
- Steps: 86085
- Episodes: 330
Last 5 Episodes:
- Mean episode length: 145.80000 +/- 26.49830
- Mean episode reward: -145.80000 +/- 26.49830
Last 1000 Steps:
- Mean episode length: 141.85714 +/- 24.11537
- Mean episode reward: -141.85714 +/- 24.11537

-------------------- Acrobot-v1 Log 67 --------------------
Overall:
- Steps: 87206
- Episodes: 335
Last 5 Episodes:
- Mean episode length: 223.20000 +/- 139.22414
- Mean episode reward: -223.20000 +/- 139.22414
Last 1000 Steps:
- Mean episode length: 199.00000 +/- 161.22903
- Mean episode reward: -199.00000 +/- 161.22903

-------------------- Acrobot-v1 Log 68 --------------------
Overall:
- Steps: 87909
- Episodes: 340
Last 5 Episodes:
- Mean episode length: 139.60000 +/- 29.43875
- Mean episode reward: -139.60000 +/- 29.43875
Last 1000 Steps:
- Mean episode length: 141.85714 +/- 33.87974
- Mean episode reward: -141.85714 +/- 33.87974

-------------------- Acrobot-v1 Log 69 --------------------
Overall:
- Steps: 88694
- Episodes: 345
Last 5 Episodes:
- Mean episode length: 156.00000 +/- 42.35091
- Mean episode reward: -156.00000 +/- 42.35091
Last 1000 Steps:
- Mean episode length: 141.85714 +/- 47.92980
- Mean episode reward: -141.85714 +/- 47.92980

-------------------- Acrobot-v1 Log 70 --------------------
Overall:
- Steps: 89437
- Episodes: 350
Last 5 Episodes:
- Mean episode length: 147.60000 +/- 22.40179
- Mean episode reward: -147.60000 +/- 22.40179
Last 1000 Steps:
- Mean episode length: 141.85714 +/- 30.54471
- Mean episode reward: -141.85714 +/- 30.54471

-------------------- Acrobot-v1 Log 71 --------------------
Overall:
- Steps: 90316
- Episodes: 355
Last 5 Episodes:
- Mean episode length: 174.80000 +/- 32.19565
- Mean episode reward: -174.80000 +/- 32.19565
Last 1000 Steps:
- Mean episode length: 165.66667 +/- 35.78951
- Mean episode reward: -165.66667 +/- 35.78951

-------------------- Acrobot-v1 Log 72 --------------------
Overall:
- Steps: 91291
- Episodes: 360
Last 5 Episodes:
- Mean episode length: 194.00000 +/- 48.51804
- Mean episode reward: -194.00000 +/- 48.51804
Last 1000 Steps:
- Mean episode length: 165.66667 +/- 77.30172
- Mean episode reward: -165.66667 +/- 77.30172

-------------------- Acrobot-v1 Log 73 --------------------
Overall:
- Steps: 92087
- Episodes: 365
Last 5 Episodes:
- Mean episode length: 158.20000 +/- 21.33917
- Mean episode reward: -158.20000 +/- 21.33917
Last 1000 Steps:
- Mean episode length: 141.85714 +/- 43.46239
- Mean episode reward: -141.85714 +/- 43.46239

-------------------- Acrobot-v1 Log 74 --------------------
Overall:
- Steps: 92919
- Episodes: 370
Last 5 Episodes:
- Mean episode length: 165.40000 +/- 27.08948
- Mean episode reward: -165.40000 +/- 27.08948
Last 1000 Steps:
- Mean episode length: 165.66667 +/- 24.73639
- Mean episode reward: -165.66667 +/- 24.73639

-------------------- Acrobot-v1 Log 75 --------------------
Overall:
- Steps: 93803
- Episodes: 375
Last 5 Episodes:
- Mean episode length: 175.80000 +/- 33.02968
- Mean episode reward: -175.80000 +/- 33.02968
Last 1000 Steps:
- Mean episode length: 165.66667 +/- 37.71678
- Mean episode reward: -165.66667 +/- 37.71678

-------------------- Acrobot-v1 Log 76 --------------------
Overall:
- Steps: 94682
- Episodes: 380
Last 5 Episodes:
- Mean episode length: 174.80000 +/- 43.63210
- Mean episode reward: -174.80000 +/- 43.63210
Last 1000 Steps:
- Mean episode length: 165.66667 +/- 44.76109
- Mean episode reward: -165.66667 +/- 44.76109

-------------------- Acrobot-v1 Log 77 --------------------
Overall:
- Steps: 95637
- Episodes: 385
Last 5 Episodes:
- Mean episode length: 190.00000 +/- 75.41883
- Mean episode reward: -190.00000 +/- 75.41883
Last 1000 Steps:
- Mean episode length: 165.66667 +/- 87.75281
- Mean episode reward: -165.66667 +/- 87.75281

-------------------- Acrobot-v1 Log 78 --------------------
Overall:
- Steps: 96520
- Episodes: 390
Last 5 Episodes:
- Mean episode length: 175.60000 +/- 20.53874
- Mean episode reward: -175.60000 +/- 20.53874
Last 1000 Steps:
- Mean episode length: 165.66667 +/- 29.06697
- Mean episode reward: -165.66667 +/- 29.06697

-------------------- Acrobot-v1 Log 79 --------------------
Overall:
- Steps: 97788
- Episodes: 395
Last 5 Episodes:
- Mean episode length: 252.60000 +/- 78.63231
- Mean episode reward: -252.60000 +/- 78.63231
Last 1000 Steps:
- Mean episode length: 199.00000 +/- 99.56706
- Mean episode reward: -199.00000 +/- 99.56706

-------------------- Acrobot-v1 Log 80 --------------------
Overall:
- Steps: 98632
- Episodes: 400
Last 5 Episodes:
- Mean episode length: 167.80000 +/- 45.98000
- Mean episode reward: -167.80000 +/- 45.98000
Last 1000 Steps:
- Mean episode length: 165.66667 +/- 42.24400
- Mean episode reward: -165.66667 +/- 42.24400

-------------------- Acrobot-v1 Log 81 --------------------
Overall:
- Steps: 99497
- Episodes: 405
Last 5 Episodes:
- Mean episode length: 172.00000 +/- 27.23968
- Mean episode reward: -172.00000 +/- 27.23968
Last 1000 Steps:
- Mean episode length: 165.66667 +/- 28.61623
- Mean episode reward: -165.66667 +/- 28.61623

-------------------- Acrobot-v1 Log 82 --------------------
Overall:
- Steps: 100325
- Episodes: 410
Last 5 Episodes:
- Mean episode length: 164.60000 +/- 32.55518
- Mean episode reward: -164.60000 +/- 32.55518
Last 1000 Steps:
- Mean episode length: 165.66667 +/- 29.81424
- Mean episode reward: -165.66667 +/- 29.81424

-------------------- Acrobot-v1 Log 83 --------------------
Overall:
- Steps: 101242
- Episodes: 415
Last 5 Episodes:
- Mean episode length: 182.40000 +/- 21.86870
- Mean episode reward: -182.40000 +/- 21.86870
Last 1000 Steps:
- Mean episode length: 165.66667 +/- 42.40938
- Mean episode reward: -165.66667 +/- 42.40938

-------------------- Acrobot-v1 Log 84 --------------------
Overall:
- Steps: 102282
- Episodes: 420
Last 5 Episodes:
- Mean episode length: 207.00000 +/- 68.56238
- Mean episode reward: -207.00000 +/- 68.56238
Last 1000 Steps:
- Mean episode length: 199.00000 +/- 76.81666
- Mean episode reward: -199.00000 +/- 76.81666

-------------------- Acrobot-v1 Log 85 --------------------
Overall:
- Steps: 103222
- Episodes: 425
Last 5 Episodes:
- Mean episode length: 187.00000 +/- 25.76820
- Mean episode reward: -187.00000 +/- 25.76820
Last 1000 Steps:
- Mean episode length: 165.66667 +/- 53.18730
- Mean episode reward: -165.66667 +/- 53.18730

-------------------- Acrobot-v1 Log 86 --------------------
Overall:
- Steps: 104089
- Episodes: 430
Last 5 Episodes:
- Mean episode length: 172.40000 +/- 17.43101
- Mean episode reward: -172.40000 +/- 17.43101
Last 1000 Steps:
- Mean episode length: 165.66667 +/- 21.90637
- Mean episode reward: -165.66667 +/- 21.90637

-------------------- Acrobot-v1 Log 87 --------------------
Overall:
- Steps: 105093
- Episodes: 435
Last 5 Episodes:
- Mean episode length: 199.80000 +/- 72.63718
- Mean episode reward: -199.80000 +/- 72.63718
Last 1000 Steps:
- Mean episode length: 199.00000 +/- 71.22921
- Mean episode reward: -199.00000 +/- 71.22921

-------------------- Acrobot-v1 Log 88 --------------------
Overall:
- Steps: 105814
- Episodes: 440
Last 5 Episodes:
- Mean episode length: 143.20000 +/- 26.73126
- Mean episode reward: -143.20000 +/- 26.73126
Last 1000 Steps:
- Mean episode length: 141.85714 +/- 50.06975
- Mean episode reward: -141.85714 +/- 50.06975

-------------------- Acrobot-v1 Log 89 --------------------
Overall:
- Steps: 106704
- Episodes: 445
Last 5 Episodes:
- Mean episode length: 177.00000 +/- 31.60380
- Mean episode reward: -177.00000 +/- 31.60380
Last 1000 Steps:
- Mean episode length: 165.66667 +/- 38.39994
- Mean episode reward: -165.66667 +/- 38.39994

-------------------- Acrobot-v1 Log 90 --------------------
Overall:
- Steps: 107441
- Episodes: 450
Last 5 Episodes:
- Mean episode length: 146.40000 +/- 11.56892
- Mean episode reward: -146.40000 +/- 11.56892
Last 1000 Steps:
- Mean episode length: 141.85714 +/- 19.05952
- Mean episode reward: -141.85714 +/- 19.05952

-------------------- Acrobot-v1 Log 91 --------------------
Overall:
- Steps: 108206
- Episodes: 455
Last 5 Episodes:
- Mean episode length: 152.00000 +/- 19.06830
- Mean episode reward: -152.00000 +/- 19.06830
Last 1000 Steps:
- Mean episode length: 141.85714 +/- 26.23753
- Mean episode reward: -141.85714 +/- 26.23753

-------------------- Acrobot-v1 Log 92 --------------------
Overall:
- Steps: 108867
- Episodes: 460
Last 5 Episodes:
- Mean episode length: 131.20000 +/- 32.38148
- Mean episode reward: -131.20000 +/- 32.38148
Last 1000 Steps:
- Mean episode length: 124.00000 +/- 33.20392
- Mean episode reward: -124.00000 +/- 33.20392

-------------------- Acrobot-v1 Log 93 --------------------
Overall:
- Steps: 109553
- Episodes: 465
Last 5 Episodes:
- Mean episode length: 136.20000 +/- 17.19767
- Mean episode reward: -136.20000 +/- 17.19767
Last 1000 Steps:
- Mean episode length: 124.00000 +/- 21.40093
- Mean episode reward: -124.00000 +/- 21.40093

-------------------- Acrobot-v1 Log 94 --------------------
Overall:
- Steps: 110262
- Episodes: 470
Last 5 Episodes:
- Mean episode length: 140.80000 +/- 19.50795
- Mean episode reward: -140.80000 +/- 19.50795
Last 1000 Steps:
- Mean episode length: 124.00000 +/- 35.34473
- Mean episode reward: -124.00000 +/- 35.34473

-------------------- Acrobot-v1 Log 95 --------------------
Overall:
- Steps: 111202
- Episodes: 475
Last 5 Episodes:
- Mean episode length: 187.00000 +/- 102.47731
- Mean episode reward: -187.00000 +/- 102.47731
Last 1000 Steps:
- Mean episode length: 165.66667 +/- 105.00899
- Mean episode reward: -165.66667 +/- 105.00899

-------------------- Acrobot-v1 Log 96 --------------------
Overall:
- Steps: 111861
- Episodes: 480
Last 5 Episodes:
- Mean episode length: 130.80000 +/- 12.05653
- Mean episode reward: -130.80000 +/- 12.05653
Last 1000 Steps:
- Mean episode length: 141.85714 +/- 34.16526
- Mean episode reward: -141.85714 +/- 34.16526

-------------------- Acrobot-v1 Log 97 --------------------
Overall:
- Steps: 112511
- Episodes: 485
Last 5 Episodes:
- Mean episode length: 129.00000 +/- 5.65685
- Mean episode reward: -129.00000 +/- 5.65685
Last 1000 Steps:
- Mean episode length: 124.00000 +/- 17.82554
- Mean episode reward: -124.00000 +/- 17.82554

-------------------- Acrobot-v1 Log 98 --------------------
Overall:
- Steps: 113163
- Episodes: 490
Last 5 Episodes:
- Mean episode length: 129.40000 +/- 20.25438
- Mean episode reward: -129.40000 +/- 20.25438
Last 1000 Steps:
- Mean episode length: 124.00000 +/- 20.18044
- Mean episode reward: -124.00000 +/- 20.18044

-------------------- Acrobot-v1 Log 99 --------------------
Overall:
- Steps: 113824
- Episodes: 495
Last 5 Episodes:
- Mean episode length: 131.20000 +/- 16.21604
- Mean episode reward: -131.20000 +/- 16.21604
Last 1000 Steps:
- Mean episode length: 124.00000 +/- 22.88558
- Mean episode reward: -124.00000 +/- 22.88558

-------------------- Acrobot-v1 Log 100 --------------------
Overall:
- Steps: 114420
- Episodes: 500
Last 5 Episodes:
- Mean episode length: 118.20000 +/- 13.31766
- Mean episode reward: -118.20000 +/- 13.31766
Last 1000 Steps:
- Mean episode length: 124.00000 +/- 19.81161
- Mean episode reward: -124.00000 +/- 19.81161

-------------------- Acrobot-v1 Log 101 --------------------
Overall:
- Steps: 115015
- Episodes: 505
Last 5 Episodes:
- Mean episode length: 118.00000 +/- 10.05982
- Mean episode reward: -118.00000 +/- 10.05982
Last 1000 Steps:
- Mean episode length: 110.11111 +/- 25.81750
- Mean episode reward: -110.11111 +/- 25.81750

-------------------- Acrobot-v1 Log 102 --------------------
Overall:
- Steps: 115717
- Episodes: 510
Last 5 Episodes:
- Mean episode length: 139.40000 +/- 21.57406
- Mean episode reward: -139.40000 +/- 21.57406
Last 1000 Steps:
- Mean episode length: 124.00000 +/- 31.56739
- Mean episode reward: -124.00000 +/- 31.56739

-------------------- Acrobot-v1 Log 103 --------------------
Overall:
- Steps: 116329
- Episodes: 515
Last 5 Episodes:
- Mean episode length: 121.40000 +/- 5.71314
- Mean episode reward: -121.40000 +/- 5.71314
Last 1000 Steps:
- Mean episode length: 124.00000 +/- 6.30476
- Mean episode reward: -124.00000 +/- 6.30476

-------------------- Acrobot-v1 Log 104 --------------------
Overall:
- Steps: 116901
- Episodes: 520
Last 5 Episodes:
- Mean episode length: 113.40000 +/- 10.19019
- Mean episode reward: -113.40000 +/- 10.19019
Last 1000 Steps:
- Mean episode length: 110.11111 +/- 20.36033
- Mean episode reward: -110.11111 +/- 20.36033

-------------------- Acrobot-v1 Log 105 --------------------
Overall:
- Steps: 117504
- Episodes: 525
Last 5 Episodes:
- Mean episode length: 119.60000 +/- 14.59589
- Mean episode reward: -119.60000 +/- 14.59589
Last 1000 Steps:
- Mean episode length: 110.11111 +/- 19.47902
- Mean episode reward: -110.11111 +/- 19.47902

-------------------- Acrobot-v1 Log 106 --------------------
Overall:
- Steps: 118143
- Episodes: 530
Last 5 Episodes:
- Mean episode length: 126.80000 +/- 13.21212
- Mean episode reward: -126.80000 +/- 13.21212
Last 1000 Steps:
- Mean episode length: 124.00000 +/- 11.42366
- Mean episode reward: -124.00000 +/- 11.42366

-------------------- Acrobot-v1 Log 107 --------------------
Overall:
- Steps: 118772
- Episodes: 535
Last 5 Episodes:
- Mean episode length: 124.80000 +/- 14.41388
- Mean episode reward: -124.80000 +/- 14.41388
Last 1000 Steps:
- Mean episode length: 124.00000 +/- 12.18606
- Mean episode reward: -124.00000 +/- 12.18606

-------------------- Acrobot-v1 Log 108 --------------------
Overall:
- Steps: 119287
- Episodes: 540
Last 5 Episodes:
- Mean episode length: 102.00000 +/- 10.78888
- Mean episode reward: -102.00000 +/- 10.78888
Last 1000 Steps:
- Mean episode length: 110.11111 +/- 13.86798
- Mean episode reward: -110.11111 +/- 13.86798

-------------------- Acrobot-v1 Log 109 --------------------
Overall:
- Steps: 119886
- Episodes: 545
Last 5 Episodes:
- Mean episode length: 118.80000 +/- 29.51881
- Mean episode reward: -118.80000 +/- 29.51881
Last 1000 Steps:
- Mean episode length: 110.11111 +/- 25.08849
- Mean episode reward: -110.11111 +/- 25.08849

-------------------- Acrobot-v1 Log 110 --------------------
Overall:
- Steps: 120377
- Episodes: 550
Last 5 Episodes:
- Mean episode length: 97.20000 +/- 19.56936
- Mean episode reward: -97.20000 +/- 19.56936
Last 1000 Steps:
- Mean episode length: 99.00000 +/- 41.09501
- Mean episode reward: -99.00000 +/- 41.09501

-------------------- Acrobot-v1 Log 111 --------------------
Overall:
- Steps: 120961
- Episodes: 555
Last 5 Episodes:
- Mean episode length: 115.80000 +/- 7.73046
- Mean episode reward: -115.80000 +/- 7.73046
Last 1000 Steps:
- Mean episode length: 99.00000 +/- 30.68550
- Mean episode reward: -99.00000 +/- 30.68550

-------------------- Acrobot-v1 Log 112 --------------------
Overall:
- Steps: 121476
- Episodes: 560
Last 5 Episodes:
- Mean episode length: 102.00000 +/- 23.22068
- Mean episode reward: -102.00000 +/- 23.22068
Last 1000 Steps:
- Mean episode length: 99.00000 +/- 31.77106
- Mean episode reward: -99.00000 +/- 31.77106

-------------------- Acrobot-v1 Log 113 --------------------
Overall:
- Steps: 122052
- Episodes: 565
Last 5 Episodes:
- Mean episode length: 114.20000 +/- 11.08873
- Mean episode reward: -114.20000 +/- 11.08873
Last 1000 Steps:
- Mean episode length: 99.00000 +/- 37.01621
- Mean episode reward: -99.00000 +/- 37.01621

-------------------- Acrobot-v1 Log 114 --------------------
Overall:
- Steps: 122608
- Episodes: 570
Last 5 Episodes:
- Mean episode length: 110.20000 +/- 9.28224
- Mean episode reward: -110.20000 +/- 9.28224
Last 1000 Steps:
- Mean episode length: 110.11111 +/- 9.36239
- Mean episode reward: -110.11111 +/- 9.36239

-------------------- Acrobot-v1 Log 115 --------------------
Overall:
- Steps: 123161
- Episodes: 575
Last 5 Episodes:
- Mean episode length: 109.60000 +/- 17.76063
- Mean episode reward: -109.60000 +/- 17.76063
Last 1000 Steps:
- Mean episode length: 110.11111 +/- 15.05873
- Mean episode reward: -110.11111 +/- 15.05873

-------------------- Acrobot-v1 Log 116 --------------------
Overall:
- Steps: 123737
- Episodes: 580
Last 5 Episodes:
- Mean episode length: 114.20000 +/- 18.66976
- Mean episode reward: -114.20000 +/- 18.66976
Last 1000 Steps:
- Mean episode length: 110.11111 +/- 21.69713
- Mean episode reward: -110.11111 +/- 21.69713

-------------------- Acrobot-v1 Log 117 --------------------
Overall:
- Steps: 124318
- Episodes: 585
Last 5 Episodes:
- Mean episode length: 115.20000 +/- 11.53083
- Mean episode reward: -115.20000 +/- 11.53083
Last 1000 Steps:
- Mean episode length: 110.11111 +/- 23.94180
- Mean episode reward: -110.11111 +/- 23.94180

-------------------- Acrobot-v1 Log 118 --------------------
Overall:
- Steps: 124898
- Episodes: 590
Last 5 Episodes:
- Mean episode length: 115.00000 +/- 12.93058
- Mean episode reward: -115.00000 +/- 12.93058
Last 1000 Steps:
- Mean episode length: 110.11111 +/- 19.80709
- Mean episode reward: -110.11111 +/- 19.80709

-------------------- Acrobot-v1 Log 119 --------------------
Overall:
- Steps: 125492
- Episodes: 595
Last 5 Episodes:
- Mean episode length: 117.80000 +/- 12.92130
- Mean episode reward: -117.80000 +/- 12.92130
Last 1000 Steps:
- Mean episode length: 110.11111 +/- 21.84513
- Mean episode reward: -110.11111 +/- 21.84513

-------------------- Acrobot-v1 Log 120 --------------------
Overall:
- Steps: 126087
- Episodes: 600
Last 5 Episodes:
- Mean episode length: 118.00000 +/- 20.70749
- Mean episode reward: -118.00000 +/- 20.70749
Last 1000 Steps:
- Mean episode length: 110.11111 +/- 32.72255
- Mean episode reward: -110.11111 +/- 32.72255

-------------------- Acrobot-v1 Log 121 --------------------
Overall:
- Steps: 126686
- Episodes: 605
Last 5 Episodes:
- Mean episode length: 118.80000 +/- 25.77130
- Mean episode reward: -118.80000 +/- 25.77130
Last 1000 Steps:
- Mean episode length: 110.11111 +/- 34.02432
- Mean episode reward: -110.11111 +/- 34.02432

-------------------- Acrobot-v1 Log 122 --------------------
Overall:
- Steps: 127354
- Episodes: 610
Last 5 Episodes:
- Mean episode length: 132.60000 +/- 50.75273
- Mean episode reward: -132.60000 +/- 50.75273
Last 1000 Steps:
- Mean episode length: 124.00000 +/- 50.78878
- Mean episode reward: -124.00000 +/- 50.78878

-------------------- Acrobot-v1 Log 123 --------------------
Overall:
- Steps: 128060
- Episodes: 615
Last 5 Episodes:
- Mean episode length: 140.20000 +/- 26.67883
- Mean episode reward: -140.20000 +/- 26.67883
Last 1000 Steps:
- Mean episode length: 124.00000 +/- 32.96210
- Mean episode reward: -124.00000 +/- 32.96210

-------------------- Acrobot-v1 Log 124 --------------------
Overall:
- Steps: 128597
- Episodes: 620
Last 5 Episodes:
- Mean episode length: 106.40000 +/- 17.49971
- Mean episode reward: -106.40000 +/- 17.49971
Last 1000 Steps:
- Mean episode length: 124.00000 +/- 28.89204
- Mean episode reward: -124.00000 +/- 28.89204

-------------------- Acrobot-v1 Log 125 --------------------
Overall:
- Steps: 129133
- Episodes: 625
Last 5 Episodes:
- Mean episode length: 106.20000 +/- 11.65161
- Mean episode reward: -106.20000 +/- 11.65161
Last 1000 Steps:
- Mean episode length: 99.00000 +/- 23.01738
- Mean episode reward: -99.00000 +/- 23.01738

-------------------- Acrobot-v1 Log 126 --------------------
Overall:
- Steps: 129740
- Episodes: 630
Last 5 Episodes:
- Mean episode length: 120.40000 +/- 30.97483
- Mean episode reward: -120.40000 +/- 30.97483
Last 1000 Steps:
- Mean episode length: 110.11111 +/- 25.88627
- Mean episode reward: -110.11111 +/- 25.88627

-------------------- Acrobot-v1 Log 127 --------------------
Overall:
- Steps: 130441
- Episodes: 635
Last 5 Episodes:
- Mean episode length: 139.20000 +/- 24.91104
- Mean episode reward: -139.20000 +/- 24.91104
Last 1000 Steps:
- Mean episode length: 124.00000 +/- 31.69385
- Mean episode reward: -124.00000 +/- 31.69385

-------------------- Acrobot-v1 Log 128 --------------------
Overall:
- Steps: 131056
- Episodes: 640
Last 5 Episodes:
- Mean episode length: 122.00000 +/- 12.64911
- Mean episode reward: -122.00000 +/- 12.64911
Last 1000 Steps:
- Mean episode length: 124.00000 +/- 28.58758
- Mean episode reward: -124.00000 +/- 28.58758

-------------------- Acrobot-v1 Log 129 --------------------
Overall:
- Steps: 131723
- Episodes: 645
Last 5 Episodes:
- Mean episode length: 132.40000 +/- 41.46131
- Mean episode reward: -132.40000 +/- 41.46131
Last 1000 Steps:
- Mean episode length: 124.00000 +/- 35.61952
- Mean episode reward: -124.00000 +/- 35.61952

-------------------- Acrobot-v1 Log 130 --------------------
Overall:
- Steps: 132378
- Episodes: 650
Last 5 Episodes:
- Mean episode length: 130.00000 +/- 15.68439
- Mean episode reward: -130.00000 +/- 15.68439
Last 1000 Steps:
- Mean episode length: 110.11111 +/- 39.48683
- Mean episode reward: -110.11111 +/- 39.48683

-------------------- Acrobot-v1 Log 131 --------------------
Overall:
- Steps: 133149
- Episodes: 655
Last 5 Episodes:
- Mean episode length: 153.20000 +/- 52.57148
- Mean episode reward: -153.20000 +/- 52.57148
Last 1000 Steps:
- Mean episode length: 141.85714 +/- 49.40049
- Mean episode reward: -141.85714 +/- 49.40049

-------------------- Acrobot-v1 Log 132 --------------------
Overall:
- Steps: 133784
- Episodes: 660
Last 5 Episodes:
- Mean episode length: 126.00000 +/- 18.77232
- Mean episode reward: -126.00000 +/- 18.77232
Last 1000 Steps:
- Mean episode length: 141.85714 +/- 47.54375
- Mean episode reward: -141.85714 +/- 47.54375

-------------------- Acrobot-v1 Log 133 --------------------
Overall:
- Steps: 134423
- Episodes: 665
Last 5 Episodes:
- Mean episode length: 126.80000 +/- 23.21551
- Mean episode reward: -126.80000 +/- 23.21551
Last 1000 Steps:
- Mean episode length: 124.00000 +/- 29.15905
- Mean episode reward: -124.00000 +/- 29.15905

-------------------- Acrobot-v1 Log 134 --------------------
Overall:
- Steps: 134950
- Episodes: 670
Last 5 Episodes:
- Mean episode length: 104.40000 +/- 11.34196
- Mean episode reward: -104.40000 +/- 11.34196
Last 1000 Steps:
- Mean episode length: 110.11111 +/- 15.13234
- Mean episode reward: -110.11111 +/- 15.13234

-------------------- Acrobot-v1 Log 135 --------------------
Overall:
- Steps: 135612
- Episodes: 675
Last 5 Episodes:
- Mean episode length: 131.40000 +/- 13.92264
- Mean episode reward: -131.40000 +/- 13.92264
Last 1000 Steps:
- Mean episode length: 110.11111 +/- 36.57092
- Mean episode reward: -110.11111 +/- 36.57092

-------------------- Acrobot-v1 Log 136 --------------------
Overall:
- Steps: 136273
- Episodes: 680
Last 5 Episodes:
- Mean episode length: 131.20000 +/- 16.28987
- Mean episode reward: -131.20000 +/- 16.28987
Last 1000 Steps:
- Mean episode length: 124.00000 +/- 25.37716
- Mean episode reward: -124.00000 +/- 25.37716

-------------------- Acrobot-v1 Log 137 --------------------
Overall:
- Steps: 136981
- Episodes: 685
Last 5 Episodes:
- Mean episode length: 140.60000 +/- 14.51344
- Mean episode reward: -140.60000 +/- 14.51344
Last 1000 Steps:
- Mean episode length: 124.00000 +/- 46.57789
- Mean episode reward: -124.00000 +/- 46.57789

-------------------- Acrobot-v1 Log 138 --------------------
Overall:
- Steps: 137624
- Episodes: 690
Last 5 Episodes:
- Mean episode length: 127.60000 +/- 27.57970
- Mean episode reward: -127.60000 +/- 27.57970
Last 1000 Steps:
- Mean episode length: 124.00000 +/- 38.02631
- Mean episode reward: -124.00000 +/- 38.02631

-------------------- Acrobot-v1 Log 139 --------------------
Overall:
- Steps: 138289
- Episodes: 695
Last 5 Episodes:
- Mean episode length: 132.00000 +/- 8.24621
- Mean episode reward: -132.00000 +/- 8.24621
Last 1000 Steps:
- Mean episode length: 124.00000 +/- 15.01666
- Mean episode reward: -124.00000 +/- 15.01666

-------------------- Acrobot-v1 Log 140 --------------------
Overall:
- Steps: 138924
- Episodes: 700
Last 5 Episodes:
- Mean episode length: 126.00000 +/- 15.38831
- Mean episode reward: -126.00000 +/- 15.38831
Last 1000 Steps:
- Mean episode length: 124.00000 +/- 12.63922
- Mean episode reward: -124.00000 +/- 12.63922

-------------------- Acrobot-v1 Log 141 --------------------
Overall:
- Steps: 139506
- Episodes: 705
Last 5 Episodes:
- Mean episode length: 115.40000 +/- 20.36271
- Mean episode reward: -115.40000 +/- 20.36271
Last 1000 Steps:
- Mean episode length: 110.11111 +/- 29.52756
- Mean episode reward: -110.11111 +/- 29.52756

-------------------- Acrobot-v1 Log 142 --------------------
Overall:
- Steps: 140147
- Episodes: 710
Last 5 Episodes:
- Mean episode length: 127.20000 +/- 20.55626
- Mean episode reward: -127.20000 +/- 20.55626
Last 1000 Steps:
- Mean episode length: 110.11111 +/- 42.31481
- Mean episode reward: -110.11111 +/- 42.31481

-------------------- Acrobot-v1 Log 143 --------------------
Overall:
- Steps: 140803
- Episodes: 715
Last 5 Episodes:
- Mean episode length: 130.20000 +/- 13.16662
- Mean episode reward: -130.20000 +/- 13.16662
Last 1000 Steps:
- Mean episode length: 124.00000 +/- 29.69007
- Mean episode reward: -124.00000 +/- 29.69007

-------------------- Acrobot-v1 Log 144 --------------------
Overall:
- Steps: 141462
- Episodes: 720
Last 5 Episodes:
- Mean episode length: 130.80000 +/- 23.86127
- Mean episode reward: -130.80000 +/- 23.86127
Last 1000 Steps:
- Mean episode length: 124.00000 +/- 21.76006
- Mean episode reward: -124.00000 +/- 21.76006

-------------------- Acrobot-v1 Log 145 --------------------
Overall:
- Steps: 142056
- Episodes: 725
Last 5 Episodes:
- Mean episode length: 117.80000 +/- 14.17604
- Mean episode reward: -117.80000 +/- 14.17604
Last 1000 Steps:
- Mean episode length: 124.00000 +/- 18.44587
- Mean episode reward: -124.00000 +/- 18.44587

-------------------- Acrobot-v1 Log 146 --------------------
Overall:
- Steps: 142580
- Episodes: 730
Last 5 Episodes:
- Mean episode length: 103.80000 +/- 12.46435
- Mean episode reward: -103.80000 +/- 12.46435
Last 1000 Steps:
- Mean episode length: 110.11111 +/- 16.13447
- Mean episode reward: -110.11111 +/- 16.13447

-------------------- Acrobot-v1 Log 147 --------------------
Overall:
- Steps: 143136
- Episodes: 735
Last 5 Episodes:
- Mean episode length: 110.20000 +/- 13.16662
- Mean episode reward: -110.20000 +/- 13.16662
Last 1000 Steps:
- Mean episode length: 99.00000 +/- 33.44548
- Mean episode reward: -99.00000 +/- 33.44548

-------------------- Acrobot-v1 Log 148 --------------------
Overall:
- Steps: 143747
- Episodes: 740
Last 5 Episodes:
- Mean episode length: 121.20000 +/- 21.25465
- Mean episode reward: -121.20000 +/- 21.25465
Last 1000 Steps:
- Mean episode length: 110.11111 +/- 31.49054
- Mean episode reward: -110.11111 +/- 31.49054

-------------------- Acrobot-v1 Log 149 --------------------
Overall:
- Steps: 144424
- Episodes: 745
Last 5 Episodes:
- Mean episode length: 134.40000 +/- 25.35035
- Mean episode reward: -134.40000 +/- 25.35035
Last 1000 Steps:
- Mean episode length: 124.00000 +/- 37.93745
- Mean episode reward: -124.00000 +/- 37.93745

-------------------- Acrobot-v1 Log 150 --------------------
Overall:
- Steps: 144967
- Episodes: 750
Last 5 Episodes:
- Mean episode length: 107.60000 +/- 10.68831
- Mean episode reward: -107.60000 +/- 10.68831
Last 1000 Steps:
- Mean episode length: 110.11111 +/- 31.04278
- Mean episode reward: -110.11111 +/- 31.04278

-------------------- Acrobot-v1 Log 151 --------------------
Overall:
- Steps: 145597
- Episodes: 755
Last 5 Episodes:
- Mean episode length: 125.00000 +/- 23.13439
- Mean episode reward: -125.00000 +/- 23.13439
Last 1000 Steps:
- Mean episode length: 110.11111 +/- 35.64780
- Mean episode reward: -110.11111 +/- 35.64780

-------------------- Acrobot-v1 Log 152 --------------------
Overall:
- Steps: 146151
- Episodes: 760
Last 5 Episodes:
- Mean episode length: 109.80000 +/- 15.38051
- Mean episode reward: -109.80000 +/- 15.38051
Last 1000 Steps:
- Mean episode length: 110.11111 +/- 13.56830
- Mean episode reward: -110.11111 +/- 13.56830

-------------------- Acrobot-v1 Log 153 --------------------
Overall:
- Steps: 146742
- Episodes: 765
Last 5 Episodes:
- Mean episode length: 117.20000 +/- 11.07068
- Mean episode reward: -117.20000 +/- 11.07068
Last 1000 Steps:
- Mean episode length: 110.11111 +/- 15.67336
- Mean episode reward: -110.11111 +/- 15.67336

-------------------- Acrobot-v1 Log 154 --------------------
Overall:
- Steps: 147410
- Episodes: 770
Last 5 Episodes:
- Mean episode length: 132.60000 +/- 25.98153
- Mean episode reward: -132.60000 +/- 25.98153
Last 1000 Steps:
- Mean episode length: 124.00000 +/- 25.02998
- Mean episode reward: -124.00000 +/- 25.02998

-------------------- Acrobot-v1 Log 155 --------------------
Overall:
- Steps: 148068
- Episodes: 775
Last 5 Episodes:
- Mean episode length: 130.60000 +/- 31.00065
- Mean episode reward: -130.60000 +/- 31.00065
Last 1000 Steps:
- Mean episode length: 124.00000 +/- 49.29503
- Mean episode reward: -124.00000 +/- 49.29503

-------------------- Acrobot-v1 Log 156 --------------------
Overall:
- Steps: 148803
- Episodes: 780
Last 5 Episodes:
- Mean episode length: 146.00000 +/- 40.23928
- Mean episode reward: -146.00000 +/- 40.23928
Last 1000 Steps:
- Mean episode length: 124.00000 +/- 45.04165
- Mean episode reward: -124.00000 +/- 45.04165

-------------------- Acrobot-v1 Log 157 --------------------
Overall:
- Steps: 149465
- Episodes: 785
Last 5 Episodes:
- Mean episode length: 131.40000 +/- 16.85942
- Mean episode reward: -131.40000 +/- 16.85942
Last 1000 Steps:
- Mean episode length: 124.00000 +/- 47.06644
- Mean episode reward: -124.00000 +/- 47.06644

-------------------- Acrobot-v1 Log 158 --------------------
Overall:
- Steps: 150166
- Episodes: 790
Last 5 Episodes:
- Mean episode length: 139.20000 +/- 25.08705
- Mean episode reward: -139.20000 +/- 25.08705
Last 1000 Steps:
- Mean episode length: 124.00000 +/- 33.27161
- Mean episode reward: -124.00000 +/- 33.27161

-------------------- Acrobot-v1 Log 159 --------------------
Overall:
- Steps: 150949
- Episodes: 795
Last 5 Episodes:
- Mean episode length: 155.60000 +/- 34.05642
- Mean episode reward: -155.60000 +/- 34.05642
Last 1000 Steps:
- Mean episode length: 141.85714 +/- 36.34921
- Mean episode reward: -141.85714 +/- 36.34921

-------------------- Acrobot-v1 Log 160 --------------------
Overall:
- Steps: 151653
- Episodes: 800
Last 5 Episodes:
- Mean episode length: 139.80000 +/- 21.81192
- Mean episode reward: -139.80000 +/- 21.81192
Last 1000 Steps:
- Mean episode length: 141.85714 +/- 43.76048
- Mean episode reward: -141.85714 +/- 43.76048

-------------------- Acrobot-v1 Log 161 --------------------
Overall:
- Steps: 152318
- Episodes: 805
Last 5 Episodes:
- Mean episode length: 132.00000 +/- 31.14482
- Mean episode reward: -132.00000 +/- 31.14482
Last 1000 Steps:
- Mean episode length: 124.00000 +/- 34.15406
- Mean episode reward: -124.00000 +/- 34.15406

-------------------- Acrobot-v1 Log 162 --------------------
Overall:
- Steps: 153109
- Episodes: 810
Last 5 Episodes:
- Mean episode length: 157.20000 +/- 20.74030
- Mean episode reward: -157.20000 +/- 20.74030
Last 1000 Steps:
- Mean episode length: 141.85714 +/- 34.60565
- Mean episode reward: -141.85714 +/- 34.60565

-------------------- Acrobot-v1 Log 163 --------------------
Overall:
- Steps: 153795
- Episodes: 815
Last 5 Episodes:
- Mean episode length: 136.20000 +/- 17.54309
- Mean episode reward: -136.20000 +/- 17.54309
Last 1000 Steps:
- Mean episode length: 124.00000 +/- 51.40525
- Mean episode reward: -124.00000 +/- 51.40525

-------------------- Acrobot-v1 Log 164 --------------------
Overall:
- Steps: 154377
- Episodes: 820
Last 5 Episodes:
- Mean episode length: 115.40000 +/- 17.72682
- Mean episode reward: -115.40000 +/- 17.72682
Last 1000 Steps:
- Mean episode length: 124.00000 +/- 22.22611
- Mean episode reward: -124.00000 +/- 22.22611

-------------------- Acrobot-v1 Log 165 --------------------
Overall:
- Steps: 154972
- Episodes: 825
Last 5 Episodes:
- Mean episode length: 118.00000 +/- 14.49138
- Mean episode reward: -118.00000 +/- 14.49138
Last 1000 Steps:
- Mean episode length: 110.11111 +/- 25.92915
- Mean episode reward: -110.11111 +/- 25.92915

-------------------- Acrobot-v1 Log 166 --------------------
Overall:
- Steps: 155795
- Episodes: 830
Last 5 Episodes:
- Mean episode length: 163.60000 +/- 80.69102
- Mean episode reward: -163.60000 +/- 80.69102
Last 1000 Steps:
- Mean episode length: 141.85714 +/- 79.38051
- Mean episode reward: -141.85714 +/- 79.38051

-------------------- Acrobot-v1 Log 167 --------------------
Overall:
- Steps: 156432
- Episodes: 835
Last 5 Episodes:
- Mean episode length: 126.40000 +/- 13.52923
- Mean episode reward: -126.40000 +/- 13.52923
Last 1000 Steps:
- Mean episode length: 141.85714 +/- 67.86632
- Mean episode reward: -141.85714 +/- 67.86632

-------------------- Acrobot-v1 Log 168 --------------------
Overall:
- Steps: 157186
- Episodes: 840
Last 5 Episodes:
- Mean episode length: 149.80000 +/- 23.41282
- Mean episode reward: -149.80000 +/- 23.41282
Last 1000 Steps:
- Mean episode length: 141.85714 +/- 23.43641
- Mean episode reward: -141.85714 +/- 23.43641

-------------------- Acrobot-v1 Log 169 --------------------
Overall:
- Steps: 157818
- Episodes: 845
Last 5 Episodes:
- Mean episode length: 125.40000 +/- 15.08111
- Mean episode reward: -125.40000 +/- 15.08111
Last 1000 Steps:
- Mean episode length: 124.00000 +/- 18.68154
- Mean episode reward: -124.00000 +/- 18.68154

-------------------- Acrobot-v1 Log 170 --------------------
Overall:
- Steps: 158689
- Episodes: 850
Last 5 Episodes:
- Mean episode length: 173.20000 +/- 38.94817
- Mean episode reward: -173.20000 +/- 38.94817
Last 1000 Steps:
- Mean episode length: 141.85714 +/- 68.49490
- Mean episode reward: -141.85714 +/- 68.49490

-------------------- Acrobot-v1 Log 171 --------------------
Overall:
- Steps: 159363
- Episodes: 855
Last 5 Episodes:
- Mean episode length: 133.80000 +/- 18.98842
- Mean episode reward: -133.80000 +/- 18.98842
Last 1000 Steps:
- Mean episode length: 141.85714 +/- 28.47770
- Mean episode reward: -141.85714 +/- 28.47770

-------------------- Acrobot-v1 Log 172 --------------------
Overall:
- Steps: 160151
- Episodes: 860
Last 5 Episodes:
- Mean episode length: 156.60000 +/- 95.99500
- Mean episode reward: -156.60000 +/- 95.99500
Last 1000 Steps:
- Mean episode length: 141.85714 +/- 84.61751
- Mean episode reward: -141.85714 +/- 84.61751

-------------------- Acrobot-v1 Log 173 --------------------
Overall:
- Steps: 160922
- Episodes: 865
Last 5 Episodes:
- Mean episode length: 153.20000 +/- 28.93717
- Mean episode reward: -153.20000 +/- 28.93717
Last 1000 Steps:
- Mean episode length: 124.00000 +/- 54.46788
- Mean episode reward: -124.00000 +/- 54.46788

-------------------- Acrobot-v1 Log 174 --------------------
Overall:
- Steps: 161518
- Episodes: 870
Last 5 Episodes:
- Mean episode length: 118.20000 +/- 20.40980
- Mean episode reward: -118.20000 +/- 20.40980
Last 1000 Steps:
- Mean episode length: 124.00000 +/- 43.24350
- Mean episode reward: -124.00000 +/- 43.24350

-------------------- Acrobot-v1 Log 175 --------------------
Overall:
- Steps: 162149
- Episodes: 875
Last 5 Episodes:
- Mean episode length: 125.20000 +/- 19.42576
- Mean episode reward: -125.20000 +/- 19.42576
Last 1000 Steps:
- Mean episode length: 124.00000 +/- 18.50676
- Mean episode reward: -124.00000 +/- 18.50676

-------------------- Acrobot-v1 Log 176 --------------------
Overall:
- Steps: 162686
- Episodes: 880
Last 5 Episodes:
- Mean episode length: 106.40000 +/- 12.53156
- Mean episode reward: -106.40000 +/- 12.53156
Last 1000 Steps:
- Mean episode length: 110.11111 +/- 24.81686
- Mean episode reward: -110.11111 +/- 24.81686

-------------------- Acrobot-v1 Log 177 --------------------
Overall:
- Steps: 163301
- Episodes: 885
Last 5 Episodes:
- Mean episode length: 122.00000 +/- 15.15256
- Mean episode reward: -122.00000 +/- 15.15256
Last 1000 Steps:
- Mean episode length: 110.11111 +/- 23.22089
- Mean episode reward: -110.11111 +/- 23.22089

-------------------- Acrobot-v1 Log 178 --------------------
Overall:
- Steps: 163995
- Episodes: 890
Last 5 Episodes:
- Mean episode length: 137.80000 +/- 28.73604
- Mean episode reward: -137.80000 +/- 28.73604
Last 1000 Steps:
- Mean episode length: 124.00000 +/- 31.18493
- Mean episode reward: -124.00000 +/- 31.18493

-------------------- Acrobot-v1 Log 179 --------------------
Overall:
- Steps: 164509
- Episodes: 895
Last 5 Episodes:
- Mean episode length: 101.80000 +/- 18.54077
- Mean episode reward: -101.80000 +/- 18.54077
Last 1000 Steps:
- Mean episode length: 110.11111 +/- 25.84331
- Mean episode reward: -110.11111 +/- 25.84331

-------------------- Acrobot-v1 Log 180 --------------------
Overall:
- Steps: 165163
- Episodes: 900
Last 5 Episodes:
- Mean episode length: 129.80000 +/- 24.11141
- Mean episode reward: -129.80000 +/- 24.11141
Last 1000 Steps:
- Mean episode length: 110.11111 +/- 44.21273
- Mean episode reward: -110.11111 +/- 44.21273

-------------------- Acrobot-v1 Log 181 --------------------
Overall:
- Steps: 165777
- Episodes: 905
Last 5 Episodes:
- Mean episode length: 121.80000 +/- 18.75527
- Mean episode reward: -121.80000 +/- 18.75527
Last 1000 Steps:
- Mean episode length: 124.00000 +/- 20.83267
- Mean episode reward: -124.00000 +/- 20.83267

-------------------- Acrobot-v1 Log 182 --------------------
Overall:
- Steps: 166393
- Episodes: 910
Last 5 Episodes:
- Mean episode length: 122.20000 +/- 11.51347
- Mean episode reward: -122.20000 +/- 11.51347
Last 1000 Steps:
- Mean episode length: 110.11111 +/- 37.38819
- Mean episode reward: -110.11111 +/- 37.38819

-------------------- Acrobot-v1 Log 183 --------------------
Overall:
- Steps: 166998
- Episodes: 915
Last 5 Episodes:
- Mean episode length: 120.00000 +/- 7.21110
- Mean episode reward: -120.00000 +/- 7.21110
Last 1000 Steps:
- Mean episode length: 110.11111 +/- 38.87142
- Mean episode reward: -110.11111 +/- 38.87142

-------------------- Acrobot-v1 Log 184 --------------------
Overall:
- Steps: 167813
- Episodes: 920
Last 5 Episodes:
- Mean episode length: 162.00000 +/- 59.11007
- Mean episode reward: -162.00000 +/- 59.11007
Last 1000 Steps:
- Mean episode length: 141.85714 +/- 63.26233
- Mean episode reward: -141.85714 +/- 63.26233

-------------------- Acrobot-v1 Log 185 --------------------
Overall:
- Steps: 168468
- Episodes: 925
Last 5 Episodes:
- Mean episode length: 130.00000 +/- 20.77498
- Mean episode reward: -130.00000 +/- 20.77498
Last 1000 Steps:
- Mean episode length: 141.85714 +/- 26.18303
- Mean episode reward: -141.85714 +/- 26.18303

-------------------- Acrobot-v1 Log 186 --------------------
Overall:
- Steps: 169070
- Episodes: 930
Last 5 Episodes:
- Mean episode length: 119.40000 +/- 9.52050
- Mean episode reward: -119.40000 +/- 9.52050
Last 1000 Steps:
- Mean episode length: 124.00000 +/- 18.50676
- Mean episode reward: -124.00000 +/- 18.50676

-------------------- Acrobot-v1 Log 187 --------------------
Overall:
- Steps: 169640
- Episodes: 935
Last 5 Episodes:
- Mean episode length: 113.00000 +/- 12.83745
- Mean episode reward: -113.00000 +/- 12.83745
Last 1000 Steps:
- Mean episode length: 110.11111 +/- 24.95972
- Mean episode reward: -110.11111 +/- 24.95972

-------------------- Acrobot-v1 Log 188 --------------------
Overall:
- Steps: 170269
- Episodes: 940
Last 5 Episodes:
- Mean episode length: 124.80000 +/- 16.46086
- Mean episode reward: -124.80000 +/- 16.46086
Last 1000 Steps:
- Mean episode length: 110.11111 +/- 38.89429
- Mean episode reward: -110.11111 +/- 38.89429

-------------------- Acrobot-v1 Log 189 --------------------
Overall:
- Steps: 170831
- Episodes: 945
Last 5 Episodes:
- Mean episode length: 111.40000 +/- 13.60294
- Mean episode reward: -111.40000 +/- 13.60294
Last 1000 Steps:
- Mean episode length: 110.11111 +/- 24.60553
- Mean episode reward: -110.11111 +/- 24.60553

-------------------- Acrobot-v1 Log 190 --------------------
Overall:
- Steps: 171373
- Episodes: 950
Last 5 Episodes:
- Mean episode length: 107.40000 +/- 3.82623
- Mean episode reward: -107.40000 +/- 3.82623
Last 1000 Steps:
- Mean episode length: 110.11111 +/- 9.14627
- Mean episode reward: -110.11111 +/- 9.14627

-------------------- Acrobot-v1 Log 191 --------------------
Overall:
- Steps: 172016
- Episodes: 955
Last 5 Episodes:
- Mean episode length: 127.60000 +/- 25.63279
- Mean episode reward: -127.60000 +/- 25.63279
Last 1000 Steps:
- Mean episode length: 110.11111 +/- 34.45269
- Mean episode reward: -110.11111 +/- 34.45269

-------------------- Acrobot-v1 Log 192 --------------------
Overall:
- Steps: 172595
- Episodes: 960
Last 5 Episodes:
- Mean episode length: 114.80000 +/- 18.35647
- Mean episode reward: -114.80000 +/- 18.35647
Last 1000 Steps:
- Mean episode length: 124.00000 +/- 20.91052
- Mean episode reward: -124.00000 +/- 20.91052

-------------------- Acrobot-v1 Log 193 --------------------
Overall:
- Steps: 173315
- Episodes: 965
Last 5 Episodes:
- Mean episode length: 143.00000 +/- 47.04891
- Mean episode reward: -143.00000 +/- 47.04891
Last 1000 Steps:
- Mean episode length: 124.00000 +/- 44.93885
- Mean episode reward: -124.00000 +/- 44.93885

-------------------- Acrobot-v1 Log 194 --------------------
Overall:
- Steps: 173968
- Episodes: 970
Last 5 Episodes:
- Mean episode length: 129.60000 +/- 65.58231
- Mean episode reward: -129.60000 +/- 65.58231
Last 1000 Steps:
- Mean episode length: 124.00000 +/- 73.78686
- Mean episode reward: -124.00000 +/- 73.78686

-------------------- Acrobot-v1 Log 195 --------------------
Overall:
- Steps: 174548
- Episodes: 975
Last 5 Episodes:
- Mean episode length: 115.00000 +/- 19.38040
- Mean episode reward: -115.00000 +/- 19.38040
Last 1000 Steps:
- Mean episode length: 124.00000 +/- 30.83829
- Mean episode reward: -124.00000 +/- 30.83829

-------------------- Acrobot-v1 Log 196 --------------------
Overall:
- Steps: 175279
- Episodes: 980
Last 5 Episodes:
- Mean episode length: 145.20000 +/- 40.18656
- Mean episode reward: -145.20000 +/- 40.18656
Last 1000 Steps:
- Mean episode length: 124.00000 +/- 49.97499
- Mean episode reward: -124.00000 +/- 49.97499

-------------------- Acrobot-v1 Log 197 --------------------
Overall:
- Steps: 176020
- Episodes: 985
Last 5 Episodes:
- Mean episode length: 147.20000 +/- 23.05992
- Mean episode reward: -147.20000 +/- 23.05992
Last 1000 Steps:
- Mean episode length: 141.85714 +/- 21.83986
- Mean episode reward: -141.85714 +/- 21.83986

-------------------- Acrobot-v1 Log 198 --------------------
Overall:
- Steps: 176659
- Episodes: 990
Last 5 Episodes:
- Mean episode length: 126.80000 +/- 26.27090
- Mean episode reward: -126.80000 +/- 26.27090
Last 1000 Steps:
- Mean episode length: 124.00000 +/- 36.85783
- Mean episode reward: -124.00000 +/- 36.85783

-------------------- Acrobot-v1 Log 199 --------------------
Overall:
- Steps: 177374
- Episodes: 995
Last 5 Episodes:
- Mean episode length: 142.00000 +/- 8.07465
- Mean episode reward: -142.00000 +/- 8.07465
Last 1000 Steps:
- Mean episode length: 124.00000 +/- 37.46665
- Mean episode reward: -124.00000 +/- 37.46665

